#
# There is insufficient memory for the Java Runtime Environment to continue.
# Native memory allocation (mmap) failed to map 65536 bytes. Error detail: Failed to commit metaspace.
# Possible reasons:
#   The system is out of physical RAM or swap space
#   This process is running with CompressedOops enabled, and the Java Heap may be blocking the growth of the native heap
# Possible solutions:
#   Reduce memory load on the system
#   Increase physical memory or swap space
#   Check if swap backing store is full
#   Decrease Java heap size (-Xmx/-Xms)
#   Decrease number of Java threads
#   Decrease Java thread stack sizes (-Xss)
#   Set larger code cache with -XX:ReservedCodeCacheSize=
#   JVM is running with Unscaled Compressed Oops mode in which the Java heap is
#     placed in the first 4GB address space. The Java Heap base address is the
#     maximum limit for the native heap growth. Please use -XX:HeapBaseMinAddress
#     to set the Java Heap base and to place the Java Heap above 4GB virtual address.
# This output file may be truncated or incomplete.
#
#  Out of Memory Error (virtualSpaceNode.cpp:113), pid=25808, tid=25912
#
# JRE version: OpenJDK Runtime Environment Temurin-21.0.5+11 (21.0.5+11) (build 21.0.5+11-LTS)
# Java VM: OpenJDK 64-Bit Server VM Temurin-21.0.5+11 (21.0.5+11-LTS, mixed mode, emulated-client, sharing, tiered, compressed oops, compressed class ptrs, g1 gc, windows-amd64)
# No core dump will be written. Minidumps are not enabled by default on client versions of Windows
#

---------------  S U M M A R Y ------------

Command Line: -Xmx1024m -Dsts.lsp.client=vscode -Dsts.log.file=/dev/null -XX:TieredStopAtLevel=1 -Xlog:jni+resolve=off -Dspring.config.location=file:c:\Users\Yvon\.vscode\extensions\vmware.vscode-spring-boot-1.56.0\language-server\BOOT-INF\classes\application.properties org.springframework.ide.vscode.boot.app.BootLanguageServerBootApp

Host: 11th Gen Intel(R) Core(TM) i5-11300H @ 3.10GHz, 8 cores, 7G,  Windows 11 , 64 bit Build 22621 (10.0.22621.4391)
Time: Sun Feb  9 18:18:12 2025 Afrique de l, 64 bit Build 22621 (10.0.22621.4391) elapsed time: 1.252095 seconds (0d 0h 0m 1s)

---------------  T H R E A D  ---------------

Current thread (0x000001dd00432170):  JavaThread "main"             [_thread_in_vm, id=25912, stack(0x00000071a5d00000,0x00000071a5e00000) (1024K)]

Stack: [0x00000071a5d00000,0x00000071a5e00000]
Native frames: (J=compiled Java code, j=interpreted, Vv=VM code, C=native code)
V  [jvm.dll+0x6cd4e9]
V  [jvm.dll+0x8a7941]
V  [jvm.dll+0x8a9e6e]
V  [jvm.dll+0x8aa543]
V  [jvm.dll+0x27f6d6]
V  [jvm.dll+0x8a368e]
V  [jvm.dll+0x6701c5]
V  [jvm.dll+0x1e470c]
V  [jvm.dll+0x1e44de]
V  [jvm.dll+0x672ac2]
V  [jvm.dll+0x6728e2]
V  [jvm.dll+0x670b9e]
V  [jvm.dll+0x216d51]
V  [jvm.dll+0x20bb87]
V  [jvm.dll+0x5ae1dc]
V  [jvm.dll+0x820e0d]
V  [jvm.dll+0x471d32]
V  [jvm.dll+0x485146]
C  [java.dll+0x1657]

Java frames: (J=compiled Java code, j=interpreted, Vv=VM code)
J 940  java.lang.ClassLoader.defineClass0(Ljava/lang/ClassLoader;Ljava/lang/Class;Ljava/lang/String;[BIILjava/security/ProtectionDomain;ZILjava/lang/Object;)Ljava/lang/Class; java.base@21.0.5 (0 bytes) @ 0x000001dd0552d7bc [0x000001dd0552d6c0+0x00000000000000fc]
j  java.lang.System$2.defineClass(Ljava/lang/ClassLoader;Ljava/lang/Class;Ljava/lang/String;[BLjava/security/ProtectionDomain;ZILjava/lang/Object;)Ljava/lang/Class;+17 java.base@21.0.5
j  java.lang.invoke.MethodHandles$Lookup$ClassDefiner.defineClass(ZLjava/lang/Object;)Ljava/lang/Class;+57 java.base@21.0.5
j  java.lang.invoke.InnerClassLambdaMetafactory.generateInnerClass()Ljava/lang/Class;+490 java.base@21.0.5
j  java.lang.invoke.InnerClassLambdaMetafactory.spinInnerClass()Ljava/lang/Class;+114 java.base@21.0.5
j  java.lang.invoke.InnerClassLambdaMetafactory.buildCallSite()Ljava/lang/invoke/CallSite;+1 java.base@21.0.5
j  java.lang.invoke.LambdaMetafactory.metafactory(Ljava/lang/invoke/MethodHandles$Lookup;Ljava/lang/String;Ljava/lang/invoke/MethodType;Ljava/lang/invoke/MethodType;Ljava/lang/invoke/MethodHandle;Ljava/lang/invoke/MethodType;)Ljava/lang/invoke/CallSite;+67 java.base@21.0.5
j  java.lang.invoke.DirectMethodHandle$Holder.invokeStatic(Ljava/lang/Object;Ljava/lang/Object;Ljava/lang/Object;Ljava/lang/Object;Ljava/lang/Object;Ljava/lang/Object;Ljava/lang/Object;)Ljava/lang/Object;+20 java.base@21.0.5
j  java.lang.invoke.Invokers$Holder.invokeExact_MT(Ljava/lang/Object;Ljava/lang/Object;Ljava/lang/Object;Ljava/lang/Object;Ljava/lang/Object;Ljava/lang/Object;Ljava/lang/Object;Ljava/lang/Object;)Ljava/lang/Object;+28 java.base@21.0.5
j  java.lang.invoke.BootstrapMethodInvoker.invoke(Ljava/lang/Class;Ljava/lang/invoke/MethodHandle;Ljava/lang/String;Ljava/lang/Object;Ljava/lang/Object;Ljava/lang/Class;)Ljava/lang/Object;+319 java.base@21.0.5
j  java.lang.invoke.CallSite.makeSite(Ljava/lang/invoke/MethodHandle;Ljava/lang/String;Ljava/lang/invoke/MethodType;Ljava/lang/Object;Ljava/lang/Class;)Ljava/lang/invoke/CallSite;+8 java.base@21.0.5
j  java.lang.invoke.MethodHandleNatives.linkCallSiteImpl(Ljava/lang/Class;Ljava/lang/invoke/MethodHandle;Ljava/lang/String;Ljava/lang/invoke/MethodType;Ljava/lang/Object;[Ljava/lang/Object;)Ljava/lang/invoke/MemberName;+6 java.base@21.0.5
j  java.lang.invoke.MethodHandleNatives.linkCallSite(Ljava/lang/Object;Ljava/lang/Object;Ljava/lang/Object;Ljava/lang/Object;Ljava/lang/Object;[Ljava/lang/Object;)Ljava/lang/invoke/MemberName;+45 java.base@21.0.5
v  ~StubRoutines::call_stub 0x000001dd051f10e7
j  ch.qos.logback.classic.joran.ModelClassToModelHandlerLinker.link(Lch/qos/logback/core/model/processor/DefaultProcessor;)V+143
j  ch.qos.logback.classic.joran.JoranConfigurator.addModelHandlerAssociations(Lch/qos/logback/core/model/processor/DefaultProcessor;)V+23
j  ch.qos.logback.core.joran.GenericXMLConfigurator.processModel(Lch/qos/logback/core/model/Model;)V+38
j  ch.qos.logback.core.joran.GenericXMLConfigurator.doConfigure(Lorg/xml/sax/InputSource;)V+80
j  ch.qos.logback.core.joran.GenericXMLConfigurator.doConfigure(Ljava/io/InputStream;Ljava/lang/String;)V+16
j  ch.qos.logback.core.joran.GenericXMLConfigurator.doConfigure(Ljava/net/URL;)V+31
j  ch.qos.logback.classic.util.DefaultJoranConfigurator.configureByResource(Ljava/net/URL;)V+46
j  ch.qos.logback.classic.util.DefaultJoranConfigurator.configure(Lch/qos/logback/classic/LoggerContext;)Lch/qos/logback/classic/spi/Configurator$ExecutionStatus;+12
j  ch.qos.logback.classic.util.ContextInitializer.invokeConfigure(Lch/qos/logback/classic/spi/Configurator;)Lch/qos/logback/classic/spi/Configurator$ExecutionStatus;+42
j  ch.qos.logback.classic.util.ContextInitializer.autoConfig(Ljava/lang/ClassLoader;)V+207
j  ch.qos.logback.classic.util.ContextInitializer.autoConfig()V+6
j  ch.qos.logback.classic.spi.LogbackServiceProvider.initializeLoggerContext()V+11
j  ch.qos.logback.classic.spi.LogbackServiceProvider.initialize()V+21
j  org.slf4j.LoggerFactory.bind()V+37
j  org.slf4j.LoggerFactory.performInitialization()V+0
j  org.slf4j.LoggerFactory.getProvider()Lorg/slf4j/spi/SLF4JServiceProvider;+21
j  org.slf4j.LoggerFactory.getILoggerFactory()Lorg/slf4j/ILoggerFactory;+0
j  org.slf4j.LoggerFactory.getLogger(Ljava/lang/String;)Lorg/slf4j/Logger;+0
j  reactor.util.Loggers$Slf4JLoggerFactory.apply(Ljava/lang/String;)Lreactor/util/Logger;+5
j  reactor.util.Loggers$Slf4JLoggerFactory.apply(Ljava/lang/Object;)Ljava/lang/Object;+5
j  reactor.util.Loggers.useSl4jLoggers()V+21
j  reactor.util.Loggers.resetLoggerFactory()V+0
j  reactor.util.Loggers.<clinit>()V+0
v  ~StubRoutines::call_stub 0x000001dd051f10e7
j  reactor.core.publisher.Hooks.<clinit>()V+19
v  ~StubRoutines::call_stub 0x000001dd051f10e7
j  org.springframework.ide.vscode.boot.app.BootLanguageServerBootApp.main([Ljava/lang/String;)V+0
v  ~StubRoutines::call_stub 0x000001dd051f10e7

Compiled method (n/a) 1277  940     n 0       java.lang.ClassLoader::defineClass0 (native)
 total in heap  [0x000001dd0552d510,0x000001dd0552dca0] = 1936
 relocation     [0x000001dd0552d670,0x000001dd0552d6b0] = 64
 main code      [0x000001dd0552d6c0,0x000001dd0552dc9a] = 1498
 stub code      [0x000001dd0552dc9a,0x000001dd0552dca0] = 6

[Constant Pool (empty)]

[MachCode]
[Entry Point]
  # {method} {0x000001dd0d430650} 'defineClass0' '(Ljava/lang/ClassLoader;Ljava/lang/Class;Ljava/lang/String;[BIILjava/security/ProtectionDomain;ZILjava/lang/Object;)Ljava/lang/Class;' in 'java/lang/ClassLoader'
  # parm0:    rdx:rdx   = 'java/lang/ClassLoader'
  # parm1:    r8:r8     = 'java/lang/Class'
  # parm2:    r9:r9     = 'java/lang/String'
  # parm3:    rdi:rdi   = '[B'
  # parm4:    rsi       = int
  # parm5:    rcx       = int
  # parm6:    [sp+0xb0]   = 'java/security/ProtectionDomain'  (sp of caller)
  # parm7:    [sp+0xb8]   = boolean
  # parm8:    [sp+0xc0]   = int
  # parm9:    [sp+0xc8]   = 'java/lang/Object'
  0x000001dd0552d6c0: 448b 5208 | 49bb 0000 | 000d dd01 | 0000 4d03 | d349 3bc2 | 0f84 0600 

  0x000001dd0552d6d8: ;   {runtime_call ic_miss_stub}
  0x000001dd0552d6d8: 0000 e9a1 | 12d1 ff90 
[Verified Entry Point]
  0x000001dd0552d6e0: 8984 2400 | 80ff ff55 | 488b ec48 | 81ec a000 | 0000 6690 | 4181 7f20 | 0100 0000 

  0x000001dd0552d6fc: ;   {runtime_call StubRoutines (final stubs)}
  0x000001dd0552d6fc: 7405 e8bd | 85cf ff48 | 837d 2800 | 488d 4528 | 480f 4445 | 2848 8944 | 2458 4863 | 4520 4889 
  0x000001dd0552d71c: 4424 5048 | 6345 1848 | 8944 2448 | 4883 7d10 | 0048 8d45 | 1048 0f44 | 4510 4889 | 4424 4048 
  0x000001dd0552d73c: 894c 2438 | 4889 7424 | 3048 897c | 2478 4883 | ff00 488d | 4424 7848 | 0f44 4424 | 7848 8944 
  0x000001dd0552d75c: 2428 4c89 | 4c24 7049 | 83f9 0048 | 8d44 2470 | 480f 4444 | 2470 4889 | 4424 204c | 8944 2468 
  0x000001dd0552d77c: 4983 f800 | 4c8d 4c24 | 684c 0f44 | 4c24 6848 | 8954 2460 | 4883 fa00 | 4c8d 4424 | 604c 0f44 
  0x000001dd0552d79c: ;   {oop(a 'java/lang/Class'{0x00000000c0b57b90} = 'java/lang/ClassLoader')}
  0x000001dd0552d79c: 4424 6049 | be90 7bb5 | c000 0000 | 004c 89b4 | 2490 0000 | 004c 8db4 | 2490 0000 | 0049 8bd6 
  0x000001dd0552d7bc: ;   {internal_word}
  0x000001dd0552d7bc: c5f8 7749 | babc d752 | 05dd 0100 | 004d 8997 | a003 0000 | 4989 a798 

  0x000001dd0552d7d4: ;   {external_word}
  0x000001dd0552d7d4: 0300 0049 | ba35 4b9b | b1ff 7f00 | 0041 803a | 000f 844e | 0000 0052 | 4150 4151 

  0x000001dd0552d7f0: ;   {metadata({method} {0x000001dd0d430650} 'defineClass0' '(Ljava/lang/ClassLoader;Ljava/lang/Class;Ljava/lang/String;[BIILjava/security/ProtectionDomain;ZILjava/lang/Object;)Ljava/lang/Class;' in 'java/lang/ClassLoader')}
  0x000001dd0552d7f0: 48ba 4806 | 430d dd01 | 0000 498b | cf48 83ec | 2040 f6c4 | 0f0f 8419 | 0000 0048 

  0x000001dd0552d80c: ;   {runtime_call}
  0x000001dd0552d80c: 83ec 0848 | b850 4145 | b1ff 7f00 | 00ff d048 | 83c4 08e9 | 0c00 0000 

  0x000001dd0552d824: ;   {runtime_call}
  0x000001dd0552d824: 48b8 5041 | 45b1 ff7f | 0000 ffd0 | 4883 c420 | 4159 4158 | 5a49 8d8f | b803 0000 | 41c7 8744 
  0x000001dd0552d844: 0400 0004 

  0x000001dd0552d848: ;   {runtime_call}
  0x000001dd0552d848: 0000 0048 | b81c 151a | 0ff8 7f00 | 00ff d0c5 | f877 41c7 | 8744 0400 | 0005 0000 | 00f0 8344 
  0x000001dd0552d868: 24c0 0049 | 3baf 4804 | 0000 0f87 | 0e00 0000 | 4183 bf40 | 0400 0000 | 0f84 2b00 | 0000 c5f8 
  0x000001dd0552d888: 7748 8945 | f849 8bcf | 4c8b e448 | 83ec 2048 

  0x000001dd0552d898: ;   {runtime_call}
  0x000001dd0552d898: 83e4 f048 | b8e0 cd10 | b1ff 7f00 | 00ff d049 | 8be4 4d33 | e448 8b45 | f841 c787 | 4404 0000 
  0x000001dd0552d8b8: 0800 0000 | 4183 bfc0 | 0400 0002 | 0f84 a303 

  0x000001dd0552d8c8: ;   {external_word}
  0x000001dd0552d8c8: 0000 49ba | 354b 9bb1 | ff7f 0000 | 4180 3a00 | 0f84 4c00 | 0000 4889 

  0x000001dd0552d8e0: ;   {metadata({method} {0x000001dd0d430650} 'defineClass0' '(Ljava/lang/ClassLoader;Ljava/lang/Class;Ljava/lang/String;[BIILjava/security/ProtectionDomain;ZILjava/lang/Object;)Ljava/lang/Class;' in 'java/lang/ClassLoader')}
  0x000001dd0552d8e0: 45f8 48ba | 4806 430d | dd01 0000 | 498b cf48 | 83ec 2040 | f6c4 0f0f | 8419 0000 | 0048 83ec 
  0x000001dd0552d900: ;   {runtime_call}
  0x000001dd0552d900: 0848 b850 | 4145 b1ff | 7f00 00ff | d048 83c4 | 08e9 0c00 

  0x000001dd0552d914: ;   {runtime_call}
  0x000001dd0552d914: 0000 48b8 | 5041 45b1 | ff7f 0000 | ffd0 4883 | c420 488b | 45f8 49c7 | 8798 0300 | 0000 0000 
  0x000001dd0552d934: 0049 c787 | a003 0000 | 0000 0000 | c5f8 7748 | 85c0 0f84 | fe02 0000 | a803 0f85 | 0800 0000 
  0x000001dd0552d954: 488b 00e9 | ee02 0000 | a801 0f85 | 0900 0000 | 488b 40fe | e9dd 0200 | 0048 8b40 | ff41 807f 
  0x000001dd0552d974: 4000 0f84 | ce02 0000 | 4883 f800 | 0f84 c402 | 0000 498b | 4f28 4883 | f900 0f84 | 1400 0000 
  0x000001dd0552d994: 4883 e908 | 4989 4f28 | 4903 4f38 | 4889 01e9 | a202 0000 | 4881 ec50 | 0100 0048 | 8904 2448 
  0x000001dd0552d9b4: 894c 2408 | 4889 5424 | 1048 8974 | 2418 4889 | 7c24 204c | 8944 2428 | 4c89 4c24 | 304c 8954 
  0x000001dd0552d9d4: 2438 4c89 | 5c24 40c5 | fb11 4424 | 50c5 fb11 | 4c24 58c5 | fb11 5424 | 60c5 fb11 | 5c24 68c5 
  0x000001dd0552d9f4: fb11 6424 | 70c5 fb11 | 6c24 78c5 | fb11 b424 | 8000 0000 | c5fb 11bc | 2488 0000 | 00c5 7b11 
  0x000001dd0552da14: ;   {no_reloc}
  0x000001dd0552da14: 8424 9000 | 0000 c57b | 118c 2498 | 0000 00c5 | 7b11 9424 | a000 0000 | c57b 119c | 24a8 0000 
  0x000001dd0552da34: 00c5 7b11 | a424 b000 | 0000 c57b | 11ac 24b8 | 0000 00c5 | 7b11 b424 | c000 0000 | c57b 11bc 
  0x000001dd0552da54: 24c8 0000 | 0062 e1ff | 0811 4424 | 1a62 e1ff | 0811 4c24 | 1b62 e1ff | 0811 5424 | 1c62 e1ff 
  0x000001dd0552da74: 0811 5c24 | 1d62 e1ff | 0811 6424 | 1e62 e1ff | 0811 6c24 | 1f62 e1ff | 0811 7424 | 2062 e1ff 
  0x000001dd0552da94: 0811 7c24 | 2162 61ff | 0811 4424 | 2262 61ff | 0811 4c24 | 2362 61ff | 0811 5424 | 2462 61ff 
  0x000001dd0552dab4: 0811 5c24 | 2562 61ff | 0811 6424 | 2662 61ff | 0811 6c24 | 2762 61ff | 0811 7424 | 2862 61ff 
  0x000001dd0552dad4: 0811 7c24 | 2949 8bd7 | 488b c848 | 83ec 2040 | f6c4 0f0f | 8419 0000 | 0048 83ec 

  0x000001dd0552daf0: ;   {runtime_call}
  0x000001dd0552daf0: 0848 b860 | 1204 b1ff | 7f00 00ff | d048 83c4 | 08e9 0c00 

  0x000001dd0552db04: ;   {runtime_call}
  0x000001dd0552db04: 0000 48b8 | 6012 04b1 | ff7f 0000 | ffd0 4883 | c420 6261 | ff08 107c | 2429 6261 | ff08 1074 
  0x000001dd0552db24: 2428 6261 | ff08 106c | 2427 6261 | ff08 1064 | 2426 6261 | ff08 105c | 2425 6261 | ff08 1054 
  0x000001dd0552db44: 2424 6261 | ff08 104c | 2423 6261 | ff08 1044 | 2422 62e1 | ff08 107c | 2421 62e1 | ff08 1074 
  0x000001dd0552db64: 2420 62e1 | ff08 106c | 241f 62e1 | ff08 1064 | 241e 62e1 | ff08 105c | 241d 62e1 | ff08 1054 
  0x000001dd0552db84: 241c 62e1 | ff08 104c | 241b 62e1 | ff08 1044 | 241a c57b | 10bc 24c8 | 0000 00c5 | 7b10 b424 
  0x000001dd0552dba4: c000 0000 | c57b 10ac | 24b8 0000 | 00c5 7b10 | a424 b000 | 0000 c57b | 109c 24a8 | 0000 00c5 
  0x000001dd0552dbc4: 7b10 9424 | a000 0000 | c57b 108c | 2498 0000 | 00c5 7b10 | 8424 9000 | 0000 c5fb | 10bc 2488 
  0x000001dd0552dbe4: 0000 00c5 | fb10 b424 | 8000 0000 | c5fb 106c | 2478 c5fb | 1064 2470 | c5fb 105c | 2468 c5fb 
  0x000001dd0552dc04: ;   {no_reloc}
  0x000001dd0552dc04: 1054 2460 | c5fb 104c | 2458 c5fb | 1044 2450 | 4c8b 5c24 | 404c 8b54 | 2438 4c8b | 4c24 304c 
  0x000001dd0552dc24: 8b44 2428 | 488b 7c24 | 2048 8b74 | 2418 488b | 5424 1048 | 8b4c 2408 | 488b 0424 | 4881 c450 
  0x000001dd0552dc44: 0100 00c5 | f877 498b | 8f28 0400 | 00c7 8100 | 0100 0000 | 0000 00c9 | 4983 7f08 | 000f 8501 
  0x000001dd0552dc64: 0000 00c3 

  0x000001dd0552dc68: ;   {runtime_call StubRoutines (initial stubs)}
  0x000001dd0552dc68: e993 32cc | ffc5 f877 | 4889 45f8 | 4c8b e448 | 83ec 2048 

  0x000001dd0552dc7c: ;   {runtime_call}
  0x000001dd0552dc7c: 83e4 f048 | b830 7945 | b1ff 7f00 | 00ff d049 | 8be4 4d33 | e448 8b45 | f8e9 30fc | ffff f4f4 
  0x000001dd0552dc9c: f4f4 f4f4 
[/MachCode]


---------------  P R O C E S S  ---------------

Threads class SMR info:
_java_thread_list=0x000001dd0cc3f4d0, length=11, elements={
0x000001dd00432170, 0x000001dd0c963530, 0x000001dd0c964530, 0x000001dd0c968c00,
0x000001dd0c96a8b0, 0x000001dd0c96c310, 0x000001dd0c96cd60, 0x000001dd0c96d7b0,
0x000001dd0cb7b820, 0x000001dd0cc50f40, 0x000001dd0cc51760
}

Java Threads: ( => current thread )
=>0x000001dd00432170 JavaThread "main"                              [_thread_in_vm, id=25912, stack(0x00000071a5d00000,0x00000071a5e00000) (1024K)]
  0x000001dd0c963530 JavaThread "Reference Handler"          daemon [_thread_blocked, id=25944, stack(0x00000071a6500000,0x00000071a6600000) (1024K)]
  0x000001dd0c964530 JavaThread "Finalizer"                  daemon [_thread_blocked, id=25948, stack(0x00000071a6600000,0x00000071a6700000) (1024K)]
  0x000001dd0c968c00 JavaThread "Signal Dispatcher"          daemon [_thread_blocked, id=25952, stack(0x00000071a6700000,0x00000071a6800000) (1024K)]
  0x000001dd0c96a8b0 JavaThread "Attach Listener"            daemon [_thread_blocked, id=25956, stack(0x00000071a6800000,0x00000071a6900000) (1024K)]
  0x000001dd0c96c310 JavaThread "Service Thread"             daemon [_thread_blocked, id=25960, stack(0x00000071a6900000,0x00000071a6a00000) (1024K)]
  0x000001dd0c96cd60 JavaThread "Monitor Deflation Thread"   daemon [_thread_blocked, id=25964, stack(0x00000071a6a00000,0x00000071a6b00000) (1024K)]
  0x000001dd0c96d7b0 JavaThread "C1 CompilerThread0"         daemon [_thread_blocked, id=25968, stack(0x00000071a6b00000,0x00000071a6c00000) (1024K)]
  0x000001dd0cb7b820 JavaThread "C1 CompilerThread1"         daemon [_thread_blocked, id=25972, stack(0x00000071a6c00000,0x00000071a6d00000) (1024K)]
  0x000001dd0cc50f40 JavaThread "Notification Thread"        daemon [_thread_blocked, id=25976, stack(0x00000071a6d00000,0x00000071a6e00000) (1024K)]
  0x000001dd0cc51760 JavaThread "Common-Cleaner"             daemon [_thread_blocked, id=25980, stack(0x00000071a6e00000,0x00000071a6f00000) (1024K)]
Total: 11

Other Threads:
  0x000001dd0c9468d0 VMThread "VM Thread"                           [id=25940, stack(0x00000071a6400000,0x00000071a6500000) (1024K)]
  0x000001dd0c930e60 WatcherThread "VM Periodic Task Thread"        [id=25936, stack(0x00000071a6300000,0x00000071a6400000) (1024K)]
  0x000001dd0071ad60 WorkerThread "GC Thread#0"                     [id=25916, stack(0x00000071a5e00000,0x00000071a5f00000) (1024K)]
  0x000001dd5258ff90 WorkerThread "GC Thread#1"                     [id=26040, stack(0x00000071a6f00000,0x00000071a7000000) (1024K)]
  0x000001dd5256bfe0 WorkerThread "GC Thread#2"                     [id=26044, stack(0x00000071a7000000,0x00000071a7100000) (1024K)]
  0x000001dd527718a0 WorkerThread "GC Thread#3"                     [id=26048, stack(0x00000071a7100000,0x00000071a7200000) (1024K)]
  0x000001dd00723ef0 ConcurrentGCThread "G1 Main Marker"            [id=25920, stack(0x00000071a5f00000,0x00000071a6000000) (1024K)]
  0x000001dd007249f0 WorkerThread "G1 Conc#0"                       [id=25924, stack(0x00000071a6000000,0x00000071a6100000) (1024K)]
  0x000001dd0c806a10 ConcurrentGCThread "G1 Refine#0"               [id=25928, stack(0x00000071a6100000,0x00000071a6200000) (1024K)]
  0x000001dd0c807490 ConcurrentGCThread "G1 Service"                [id=25932, stack(0x00000071a6200000,0x00000071a6300000) (1024K)]
Total: 10

Threads with active compile tasks:
Total: 0

VM state: not at safepoint (normal execution)

VM Mutex/Monitor currently owned by a thread:  ([mutex/lock_event])
[0x00007fffb19cb300] Metaspace_lock - owner thread: 0x000001dd00432170

Heap address: 0x00000000c0000000, size: 1024 MB, Compressed Oops mode: 32-bit

CDS archive(s) mapped at: [0x000001dd0d000000-0x000001dd0dba0000-0x000001dd0dba0000), size 12189696, SharedBaseAddress: 0x000001dd0d000000, ArchiveRelocationMode: 1.
Compressed class space mapped at: 0x000001dd0e000000-0x000001dd4e000000, reserved size: 1073741824
Narrow klass base: 0x000001dd0d000000, Narrow klass shift: 0, Narrow klass range: 0x100000000

GC Precious Log:
 CardTable entry size: 512
 Card Set container configuration: InlinePtr #cards 5 size 8 Array Of Cards #cards 12 size 40 Howl #buckets 4 coarsen threshold 1843 Howl Bitmap #cards 512 size 80 coarsen threshold 460 Card regions per heap region 1 cards per card region 2048
 CPUs: 8 total, 8 available
 Memory: 7883M
 Large Page Support: Disabled
 NUMA Support: Disabled
 Compressed Oops: Enabled (32-bit)
 Heap Region Size: 1M
 Heap Min Capacity: 8M
 Heap Initial Capacity: 124M
 Heap Max Capacity: 1G
 Pre-touch: Disabled
 Parallel Workers: 8
 Concurrent Workers: 2
 Concurrent Refinement Workers: 8
 Periodic GC: Disabled

Heap:
 garbage-first heap   total 126976K, used 18624K [0x00000000c0000000, 0x0000000100000000)
  region size 1024K, 7 young (7168K), 3 survivors (3072K)
 Metaspace       used 3437K, committed 3584K, reserved 1114112K
  class space    used 488K, committed 576K, reserved 1048576K

Heap Regions: E=young(eden), S=young(survivor), O=old, HS=humongous(starts), HC=humongous(continues), CS=collection set, F=free, TAMS=top-at-mark-start, PB=parsable bottom
|   0|0x00000000c0000000, 0x00000000c0100000, 0x00000000c0100000|100%|HS|  |TAMS 0x00000000c0000000| PB 0x00000000c0000000| Complete 
|   1|0x00000000c0100000, 0x00000000c0200000, 0x00000000c0200000|100%|HC|  |TAMS 0x00000000c0100000| PB 0x00000000c0100000| Complete 
|   2|0x00000000c0200000, 0x00000000c0300000, 0x00000000c0300000|100%|HC|  |TAMS 0x00000000c0200000| PB 0x00000000c0200000| Complete 
|   3|0x00000000c0300000, 0x00000000c0400000, 0x00000000c0400000|100%|HC|  |TAMS 0x00000000c0300000| PB 0x00000000c0300000| Complete 
|   4|0x00000000c0400000, 0x00000000c0500000, 0x00000000c0500000|100%|HS|  |TAMS 0x00000000c0400000| PB 0x00000000c0400000| Complete 
|   5|0x00000000c0500000, 0x00000000c0600000, 0x00000000c0600000|100%|HC|  |TAMS 0x00000000c0500000| PB 0x00000000c0500000| Complete 
|   6|0x00000000c0600000, 0x00000000c0700000, 0x00000000c0700000|100%| O|  |TAMS 0x00000000c0600000| PB 0x00000000c0600000| Untracked 
|   7|0x00000000c0700000, 0x00000000c0800000, 0x00000000c0800000|100%| O|  |TAMS 0x00000000c0700000| PB 0x00000000c0700000| Untracked 
|   8|0x00000000c0800000, 0x00000000c0900000, 0x00000000c0900000|100%| O|  |TAMS 0x00000000c0800000| PB 0x00000000c0800000| Untracked 
|   9|0x00000000c0900000, 0x00000000c0a00000, 0x00000000c0a00000|100%| O|  |TAMS 0x00000000c0900000| PB 0x00000000c0900000| Untracked 
|  10|0x00000000c0a00000, 0x00000000c0b00000, 0x00000000c0b00000|100%| O|  |TAMS 0x00000000c0a00000| PB 0x00000000c0a00000| Untracked 
|  11|0x00000000c0b00000, 0x00000000c0c00000, 0x00000000c0c00000|100%| O|  |TAMS 0x00000000c0b00000| PB 0x00000000c0b00000| Untracked 
|  12|0x00000000c0c00000, 0x00000000c0c30000, 0x00000000c0d00000| 18%| O|  |TAMS 0x00000000c0c00000| PB 0x00000000c0c00000| Untracked 
|  13|0x00000000c0d00000, 0x00000000c0d00000, 0x00000000c0e00000|  0%| F|  |TAMS 0x00000000c0d00000| PB 0x00000000c0d00000| Untracked 
|  14|0x00000000c0e00000, 0x00000000c0e00000, 0x00000000c0f00000|  0%| F|  |TAMS 0x00000000c0e00000| PB 0x00000000c0e00000| Untracked 
|  15|0x00000000c0f00000, 0x00000000c0f00000, 0x00000000c1000000|  0%| F|  |TAMS 0x00000000c0f00000| PB 0x00000000c0f00000| Untracked 
|  16|0x00000000c1000000, 0x00000000c1000000, 0x00000000c1100000|  0%| F|  |TAMS 0x00000000c1000000| PB 0x00000000c1000000| Untracked 
|  17|0x00000000c1100000, 0x00000000c1100000, 0x00000000c1200000|  0%| F|  |TAMS 0x00000000c1100000| PB 0x00000000c1100000| Untracked 
|  18|0x00000000c1200000, 0x00000000c1200000, 0x00000000c1300000|  0%| F|  |TAMS 0x00000000c1200000| PB 0x00000000c1200000| Untracked 
|  19|0x00000000c1300000, 0x00000000c1300000, 0x00000000c1400000|  0%| F|  |TAMS 0x00000000c1300000| PB 0x00000000c1300000| Untracked 
|  20|0x00000000c1400000, 0x00000000c1400000, 0x00000000c1500000|  0%| F|  |TAMS 0x00000000c1400000| PB 0x00000000c1400000| Untracked 
|  21|0x00000000c1500000, 0x00000000c1500000, 0x00000000c1600000|  0%| F|  |TAMS 0x00000000c1500000| PB 0x00000000c1500000| Untracked 
|  22|0x00000000c1600000, 0x00000000c1600000, 0x00000000c1700000|  0%| F|  |TAMS 0x00000000c1600000| PB 0x00000000c1600000| Untracked 
|  23|0x00000000c1700000, 0x00000000c1700000, 0x00000000c1800000|  0%| F|  |TAMS 0x00000000c1700000| PB 0x00000000c1700000| Untracked 
|  24|0x00000000c1800000, 0x00000000c1800000, 0x00000000c1900000|  0%| F|  |TAMS 0x00000000c1800000| PB 0x00000000c1800000| Untracked 
|  25|0x00000000c1900000, 0x00000000c1900000, 0x00000000c1a00000|  0%| F|  |TAMS 0x00000000c1900000| PB 0x00000000c1900000| Untracked 
|  26|0x00000000c1a00000, 0x00000000c1a00000, 0x00000000c1b00000|  0%| F|  |TAMS 0x00000000c1a00000| PB 0x00000000c1a00000| Untracked 
|  27|0x00000000c1b00000, 0x00000000c1b00000, 0x00000000c1c00000|  0%| F|  |TAMS 0x00000000c1b00000| PB 0x00000000c1b00000| Untracked 
|  28|0x00000000c1c00000, 0x00000000c1c00000, 0x00000000c1d00000|  0%| F|  |TAMS 0x00000000c1c00000| PB 0x00000000c1c00000| Untracked 
|  29|0x00000000c1d00000, 0x00000000c1d00000, 0x00000000c1e00000|  0%| F|  |TAMS 0x00000000c1d00000| PB 0x00000000c1d00000| Untracked 
|  30|0x00000000c1e00000, 0x00000000c1e00000, 0x00000000c1f00000|  0%| F|  |TAMS 0x00000000c1e00000| PB 0x00000000c1e00000| Untracked 
|  31|0x00000000c1f00000, 0x00000000c1f00000, 0x00000000c2000000|  0%| F|  |TAMS 0x00000000c1f00000| PB 0x00000000c1f00000| Untracked 
|  32|0x00000000c2000000, 0x00000000c2000000, 0x00000000c2100000|  0%| F|  |TAMS 0x00000000c2000000| PB 0x00000000c2000000| Untracked 
|  33|0x00000000c2100000, 0x00000000c2100000, 0x00000000c2200000|  0%| F|  |TAMS 0x00000000c2100000| PB 0x00000000c2100000| Untracked 
|  34|0x00000000c2200000, 0x00000000c2200000, 0x00000000c2300000|  0%| F|  |TAMS 0x00000000c2200000| PB 0x00000000c2200000| Untracked 
|  35|0x00000000c2300000, 0x00000000c2300000, 0x00000000c2400000|  0%| F|  |TAMS 0x00000000c2300000| PB 0x00000000c2300000| Untracked 
|  36|0x00000000c2400000, 0x00000000c2400000, 0x00000000c2500000|  0%| F|  |TAMS 0x00000000c2400000| PB 0x00000000c2400000| Untracked 
|  37|0x00000000c2500000, 0x00000000c2500000, 0x00000000c2600000|  0%| F|  |TAMS 0x00000000c2500000| PB 0x00000000c2500000| Untracked 
|  38|0x00000000c2600000, 0x00000000c2600000, 0x00000000c2700000|  0%| F|  |TAMS 0x00000000c2600000| PB 0x00000000c2600000| Untracked 
|  39|0x00000000c2700000, 0x00000000c2700000, 0x00000000c2800000|  0%| F|  |TAMS 0x00000000c2700000| PB 0x00000000c2700000| Untracked 
|  40|0x00000000c2800000, 0x00000000c2800000, 0x00000000c2900000|  0%| F|  |TAMS 0x00000000c2800000| PB 0x00000000c2800000| Untracked 
|  41|0x00000000c2900000, 0x00000000c2900000, 0x00000000c2a00000|  0%| F|  |TAMS 0x00000000c2900000| PB 0x00000000c2900000| Untracked 
|  42|0x00000000c2a00000, 0x00000000c2a00000, 0x00000000c2b00000|  0%| F|  |TAMS 0x00000000c2a00000| PB 0x00000000c2a00000| Untracked 
|  43|0x00000000c2b00000, 0x00000000c2b00000, 0x00000000c2c00000|  0%| F|  |TAMS 0x00000000c2b00000| PB 0x00000000c2b00000| Untracked 
|  44|0x00000000c2c00000, 0x00000000c2c00000, 0x00000000c2d00000|  0%| F|  |TAMS 0x00000000c2c00000| PB 0x00000000c2c00000| Untracked 
|  45|0x00000000c2d00000, 0x00000000c2d00000, 0x00000000c2e00000|  0%| F|  |TAMS 0x00000000c2d00000| PB 0x00000000c2d00000| Untracked 
|  46|0x00000000c2e00000, 0x00000000c2e00000, 0x00000000c2f00000|  0%| F|  |TAMS 0x00000000c2e00000| PB 0x00000000c2e00000| Untracked 
|  47|0x00000000c2f00000, 0x00000000c2f00000, 0x00000000c3000000|  0%| F|  |TAMS 0x00000000c2f00000| PB 0x00000000c2f00000| Untracked 
|  48|0x00000000c3000000, 0x00000000c3000000, 0x00000000c3100000|  0%| F|  |TAMS 0x00000000c3000000| PB 0x00000000c3000000| Untracked 
|  49|0x00000000c3100000, 0x00000000c3100000, 0x00000000c3200000|  0%| F|  |TAMS 0x00000000c3100000| PB 0x00000000c3100000| Untracked 
|  50|0x00000000c3200000, 0x00000000c3200000, 0x00000000c3300000|  0%| F|  |TAMS 0x00000000c3200000| PB 0x00000000c3200000| Untracked 
|  51|0x00000000c3300000, 0x00000000c3300000, 0x00000000c3400000|  0%| F|  |TAMS 0x00000000c3300000| PB 0x00000000c3300000| Untracked 
|  52|0x00000000c3400000, 0x00000000c3400000, 0x00000000c3500000|  0%| F|  |TAMS 0x00000000c3400000| PB 0x00000000c3400000| Untracked 
|  53|0x00000000c3500000, 0x00000000c3500000, 0x00000000c3600000|  0%| F|  |TAMS 0x00000000c3500000| PB 0x00000000c3500000| Untracked 
|  54|0x00000000c3600000, 0x00000000c3600000, 0x00000000c3700000|  0%| F|  |TAMS 0x00000000c3600000| PB 0x00000000c3600000| Untracked 
|  55|0x00000000c3700000, 0x00000000c3700000, 0x00000000c3800000|  0%| F|  |TAMS 0x00000000c3700000| PB 0x00000000c3700000| Untracked 
|  56|0x00000000c3800000, 0x00000000c3800000, 0x00000000c3900000|  0%| F|  |TAMS 0x00000000c3800000| PB 0x00000000c3800000| Untracked 
|  57|0x00000000c3900000, 0x00000000c3900000, 0x00000000c3a00000|  0%| F|  |TAMS 0x00000000c3900000| PB 0x00000000c3900000| Untracked 
|  58|0x00000000c3a00000, 0x00000000c3a00000, 0x00000000c3b00000|  0%| F|  |TAMS 0x00000000c3a00000| PB 0x00000000c3a00000| Untracked 
|  59|0x00000000c3b00000, 0x00000000c3b00000, 0x00000000c3c00000|  0%| F|  |TAMS 0x00000000c3b00000| PB 0x00000000c3b00000| Untracked 
|  60|0x00000000c3c00000, 0x00000000c3c00000, 0x00000000c3d00000|  0%| F|  |TAMS 0x00000000c3c00000| PB 0x00000000c3c00000| Untracked 
|  61|0x00000000c3d00000, 0x00000000c3d00000, 0x00000000c3e00000|  0%| F|  |TAMS 0x00000000c3d00000| PB 0x00000000c3d00000| Untracked 
|  62|0x00000000c3e00000, 0x00000000c3e00000, 0x00000000c3f00000|  0%| F|  |TAMS 0x00000000c3e00000| PB 0x00000000c3e00000| Untracked 
|  63|0x00000000c3f00000, 0x00000000c3f00000, 0x00000000c4000000|  0%| F|  |TAMS 0x00000000c3f00000| PB 0x00000000c3f00000| Untracked 
|  64|0x00000000c4000000, 0x00000000c4000000, 0x00000000c4100000|  0%| F|  |TAMS 0x00000000c4000000| PB 0x00000000c4000000| Untracked 
|  65|0x00000000c4100000, 0x00000000c4100000, 0x00000000c4200000|  0%| F|  |TAMS 0x00000000c4100000| PB 0x00000000c4100000| Untracked 
|  66|0x00000000c4200000, 0x00000000c4200000, 0x00000000c4300000|  0%| F|  |TAMS 0x00000000c4200000| PB 0x00000000c4200000| Untracked 
|  67|0x00000000c4300000, 0x00000000c4300000, 0x00000000c4400000|  0%| F|  |TAMS 0x00000000c4300000| PB 0x00000000c4300000| Untracked 
|  68|0x00000000c4400000, 0x00000000c4400000, 0x00000000c4500000|  0%| F|  |TAMS 0x00000000c4400000| PB 0x00000000c4400000| Untracked 
|  69|0x00000000c4500000, 0x00000000c4500000, 0x00000000c4600000|  0%| F|  |TAMS 0x00000000c4500000| PB 0x00000000c4500000| Untracked 
|  70|0x00000000c4600000, 0x00000000c4600000, 0x00000000c4700000|  0%| F|  |TAMS 0x00000000c4600000| PB 0x00000000c4600000| Untracked 
|  71|0x00000000c4700000, 0x00000000c4700000, 0x00000000c4800000|  0%| F|  |TAMS 0x00000000c4700000| PB 0x00000000c4700000| Untracked 
|  72|0x00000000c4800000, 0x00000000c4800000, 0x00000000c4900000|  0%| F|  |TAMS 0x00000000c4800000| PB 0x00000000c4800000| Untracked 
|  73|0x00000000c4900000, 0x00000000c4900000, 0x00000000c4a00000|  0%| F|  |TAMS 0x00000000c4900000| PB 0x00000000c4900000| Untracked 
|  74|0x00000000c4a00000, 0x00000000c4a00000, 0x00000000c4b00000|  0%| F|  |TAMS 0x00000000c4a00000| PB 0x00000000c4a00000| Untracked 
|  75|0x00000000c4b00000, 0x00000000c4b00000, 0x00000000c4c00000|  0%| F|  |TAMS 0x00000000c4b00000| PB 0x00000000c4b00000| Untracked 
|  76|0x00000000c4c00000, 0x00000000c4c00000, 0x00000000c4d00000|  0%| F|  |TAMS 0x00000000c4c00000| PB 0x00000000c4c00000| Untracked 
|  77|0x00000000c4d00000, 0x00000000c4d00000, 0x00000000c4e00000|  0%| F|  |TAMS 0x00000000c4d00000| PB 0x00000000c4d00000| Untracked 
|  78|0x00000000c4e00000, 0x00000000c4e00000, 0x00000000c4f00000|  0%| F|  |TAMS 0x00000000c4e00000| PB 0x00000000c4e00000| Untracked 
|  79|0x00000000c4f00000, 0x00000000c4f00000, 0x00000000c5000000|  0%| F|  |TAMS 0x00000000c4f00000| PB 0x00000000c4f00000| Untracked 
|  80|0x00000000c5000000, 0x00000000c5000000, 0x00000000c5100000|  0%| F|  |TAMS 0x00000000c5000000| PB 0x00000000c5000000| Untracked 
|  81|0x00000000c5100000, 0x00000000c5100000, 0x00000000c5200000|  0%| F|  |TAMS 0x00000000c5100000| PB 0x00000000c5100000| Untracked 
|  82|0x00000000c5200000, 0x00000000c5200000, 0x00000000c5300000|  0%| F|  |TAMS 0x00000000c5200000| PB 0x00000000c5200000| Untracked 
|  83|0x00000000c5300000, 0x00000000c5300000, 0x00000000c5400000|  0%| F|  |TAMS 0x00000000c5300000| PB 0x00000000c5300000| Untracked 
|  84|0x00000000c5400000, 0x00000000c5400000, 0x00000000c5500000|  0%| F|  |TAMS 0x00000000c5400000| PB 0x00000000c5400000| Untracked 
|  85|0x00000000c5500000, 0x00000000c5500000, 0x00000000c5600000|  0%| F|  |TAMS 0x00000000c5500000| PB 0x00000000c5500000| Untracked 
|  86|0x00000000c5600000, 0x00000000c5600000, 0x00000000c5700000|  0%| F|  |TAMS 0x00000000c5600000| PB 0x00000000c5600000| Untracked 
|  87|0x00000000c5700000, 0x00000000c5700000, 0x00000000c5800000|  0%| F|  |TAMS 0x00000000c5700000| PB 0x00000000c5700000| Untracked 
|  88|0x00000000c5800000, 0x00000000c5800000, 0x00000000c5900000|  0%| F|  |TAMS 0x00000000c5800000| PB 0x00000000c5800000| Untracked 
|  89|0x00000000c5900000, 0x00000000c5900000, 0x00000000c5a00000|  0%| F|  |TAMS 0x00000000c5900000| PB 0x00000000c5900000| Untracked 
|  90|0x00000000c5a00000, 0x00000000c5a00000, 0x00000000c5b00000|  0%| F|  |TAMS 0x00000000c5a00000| PB 0x00000000c5a00000| Untracked 
|  91|0x00000000c5b00000, 0x00000000c5b00000, 0x00000000c5c00000|  0%| F|  |TAMS 0x00000000c5b00000| PB 0x00000000c5b00000| Untracked 
|  92|0x00000000c5c00000, 0x00000000c5c00000, 0x00000000c5d00000|  0%| F|  |TAMS 0x00000000c5c00000| PB 0x00000000c5c00000| Untracked 
|  93|0x00000000c5d00000, 0x00000000c5d00000, 0x00000000c5e00000|  0%| F|  |TAMS 0x00000000c5d00000| PB 0x00000000c5d00000| Untracked 
|  94|0x00000000c5e00000, 0x00000000c5e00000, 0x00000000c5f00000|  0%| F|  |TAMS 0x00000000c5e00000| PB 0x00000000c5e00000| Untracked 
|  95|0x00000000c5f00000, 0x00000000c5f00000, 0x00000000c6000000|  0%| F|  |TAMS 0x00000000c5f00000| PB 0x00000000c5f00000| Untracked 
|  96|0x00000000c6000000, 0x00000000c6000000, 0x00000000c6100000|  0%| F|  |TAMS 0x00000000c6000000| PB 0x00000000c6000000| Untracked 
|  97|0x00000000c6100000, 0x00000000c6100000, 0x00000000c6200000|  0%| F|  |TAMS 0x00000000c6100000| PB 0x00000000c6100000| Untracked 
|  98|0x00000000c6200000, 0x00000000c6300000, 0x00000000c6300000|100%| S|CS|TAMS 0x00000000c6200000| PB 0x00000000c6200000| Complete 
|  99|0x00000000c6300000, 0x00000000c6400000, 0x00000000c6400000|100%| S|CS|TAMS 0x00000000c6300000| PB 0x00000000c6300000| Complete 
| 100|0x00000000c6400000, 0x00000000c6500000, 0x00000000c6500000|100%| S|CS|TAMS 0x00000000c6400000| PB 0x00000000c6400000| Complete 
| 101|0x00000000c6500000, 0x00000000c6500000, 0x00000000c6600000|  0%| F|  |TAMS 0x00000000c6500000| PB 0x00000000c6500000| Untracked 
| 102|0x00000000c6600000, 0x00000000c6600000, 0x00000000c6700000|  0%| F|  |TAMS 0x00000000c6600000| PB 0x00000000c6600000| Untracked 
| 103|0x00000000c6700000, 0x00000000c6700000, 0x00000000c6800000|  0%| F|  |TAMS 0x00000000c6700000| PB 0x00000000c6700000| Untracked 
| 104|0x00000000c6800000, 0x00000000c6800000, 0x00000000c6900000|  0%| F|  |TAMS 0x00000000c6800000| PB 0x00000000c6800000| Untracked 
| 105|0x00000000c6900000, 0x00000000c6900000, 0x00000000c6a00000|  0%| F|  |TAMS 0x00000000c6900000| PB 0x00000000c6900000| Untracked 
| 106|0x00000000c6a00000, 0x00000000c6a00000, 0x00000000c6b00000|  0%| F|  |TAMS 0x00000000c6a00000| PB 0x00000000c6a00000| Untracked 
| 107|0x00000000c6b00000, 0x00000000c6b00000, 0x00000000c6c00000|  0%| F|  |TAMS 0x00000000c6b00000| PB 0x00000000c6b00000| Untracked 
| 108|0x00000000c6c00000, 0x00000000c6c00000, 0x00000000c6d00000|  0%| F|  |TAMS 0x00000000c6c00000| PB 0x00000000c6c00000| Untracked 
| 109|0x00000000c6d00000, 0x00000000c6d00000, 0x00000000c6e00000|  0%| F|  |TAMS 0x00000000c6d00000| PB 0x00000000c6d00000| Untracked 
| 110|0x00000000c6e00000, 0x00000000c6e00000, 0x00000000c6f00000|  0%| F|  |TAMS 0x00000000c6e00000| PB 0x00000000c6e00000| Untracked 
| 111|0x00000000c6f00000, 0x00000000c6f00000, 0x00000000c7000000|  0%| F|  |TAMS 0x00000000c6f00000| PB 0x00000000c6f00000| Untracked 
| 112|0x00000000c7000000, 0x00000000c7000000, 0x00000000c7100000|  0%| F|  |TAMS 0x00000000c7000000| PB 0x00000000c7000000| Untracked 
| 113|0x00000000c7100000, 0x00000000c7100000, 0x00000000c7200000|  0%| F|  |TAMS 0x00000000c7100000| PB 0x00000000c7100000| Untracked 
| 114|0x00000000c7200000, 0x00000000c7200000, 0x00000000c7300000|  0%| F|  |TAMS 0x00000000c7200000| PB 0x00000000c7200000| Untracked 
| 115|0x00000000c7300000, 0x00000000c7300000, 0x00000000c7400000|  0%| F|  |TAMS 0x00000000c7300000| PB 0x00000000c7300000| Untracked 
| 116|0x00000000c7400000, 0x00000000c7400000, 0x00000000c7500000|  0%| F|  |TAMS 0x00000000c7400000| PB 0x00000000c7400000| Untracked 
| 117|0x00000000c7500000, 0x00000000c7500000, 0x00000000c7600000|  0%| F|  |TAMS 0x00000000c7500000| PB 0x00000000c7500000| Untracked 
| 118|0x00000000c7600000, 0x00000000c7600000, 0x00000000c7700000|  0%| F|  |TAMS 0x00000000c7600000| PB 0x00000000c7600000| Untracked 
| 119|0x00000000c7700000, 0x00000000c7700000, 0x00000000c7800000|  0%| F|  |TAMS 0x00000000c7700000| PB 0x00000000c7700000| Untracked 
| 120|0x00000000c7800000, 0x00000000c78cd110, 0x00000000c7900000| 80%| E|  |TAMS 0x00000000c7800000| PB 0x00000000c7800000| Complete 
| 121|0x00000000c7900000, 0x00000000c7a00000, 0x00000000c7a00000|100%| E|CS|TAMS 0x00000000c7900000| PB 0x00000000c7900000| Complete 
| 122|0x00000000c7a00000, 0x00000000c7b00000, 0x00000000c7b00000|100%| E|CS|TAMS 0x00000000c7a00000| PB 0x00000000c7a00000| Complete 
| 123|0x00000000c7b00000, 0x00000000c7c00000, 0x00000000c7c00000|100%| E|CS|TAMS 0x00000000c7b00000| PB 0x00000000c7b00000| Complete 

Card table byte_map: [0x000001dd08cd0000,0x000001dd08ed0000] _byte_map_base: 0x000001dd086d0000

Marking Bits: (CMBitMap*) 0x000001dd0071b460
 Bits: [0x000001dd08ed0000, 0x000001dd09ed0000)

Polling page: 0x000001dd051d0000

Metaspace:

Usage:
  Non-class:      2.88 MB used.
      Class:    488.36 KB used.
       Both:      3.36 MB used.

Virtual space:
  Non-class space:       64.00 MB reserved,       2.94 MB (  5%) committed,  1 nodes.
      Class space:        1.00 GB reserved,     576.00 KB ( <1%) committed,  1 nodes.
             Both:        1.06 GB reserved,       3.50 MB ( <1%) committed. 

Chunk freelists:
   Non-Class:  10.23 MB
       Class:  15.39 MB
        Both:  25.62 MB

MaxMetaspaceSize: unlimited
CompressedClassSpaceSize: 1.00 GB
Initial GC threshold: 21.00 MB
Current GC threshold: 21.00 MB
CDS: on
 - commit_granule_bytes: 65536.
 - commit_granule_words: 8192.
 - virtual_space_node_default_size: 8388608.
 - enlarge_chunks_in_place: 1.
 - use_allocation_guard: 0.


Internal statistics:

num_allocs_failed_limit: 0.
num_arena_births: 108.
num_arena_deaths: 0.
num_vsnodes_births: 2.
num_vsnodes_deaths: 0.
num_space_committed: 56.
num_space_uncommitted: 0.
num_chunks_returned_to_freelist: 0.
num_chunks_taken_from_freelist: 231.
num_chunk_merges: 0.
num_chunk_splits: 139.
num_chunks_enlarged: 77.
num_inconsistent_stats: 0.

CodeCache: size=49152Kb used=3365Kb max_used=3365Kb free=45786Kb
 bounds [0x000001dd051f0000, 0x000001dd05540000, 0x000001dd081f0000]
 total_blobs=1371 nmethods=961 adapters=334
 compilation: enabled
              stopped_count=0, restarted_count=0
 full_count=0

Compilation events (20 events):
Event: 1.238 Thread 0x000001dd0cb7b820 nmethod 950 0x000001dd05536610 code [0x000001dd055367e0, 0x000001dd05536a88]
Event: 1.238 Thread 0x000001dd0cb7b820  953       1       jdk.internal.org.objectweb.asm.MethodWriter::visitAbstractType (8 bytes)
Event: 1.238 Thread 0x000001dd0cb7b820 nmethod 953 0x000001dd05536c90 code [0x000001dd05536e20, 0x000001dd05536f18]
Event: 1.238 Thread 0x000001dd0cb7b820  954       1       jdk.internal.org.objectweb.asm.Frame::pop (53 bytes)
Event: 1.238 Thread 0x000001dd0c96d7b0 nmethod 952 0x000001dd05537010 code [0x000001dd055371e0, 0x000001dd05537408]
Event: 1.238 Thread 0x000001dd0cb7b820 nmethod 954 0x000001dd05537590 code [0x000001dd05537780, 0x000001dd05537a48]
Event: 1.239 Thread 0x000001dd0cb7b820  955       1       java.lang.reflect.Method::getName (5 bytes)
Event: 1.239 Thread 0x000001dd0cb7b820 nmethod 955 0x000001dd05537c90 code [0x000001dd05537e20, 0x000001dd05537ee8]
Event: 1.242 Thread 0x000001dd0cb7b820  956       1       java.lang.Character::isWhitespace (5 bytes)
Event: 1.242 Thread 0x000001dd0c96d7b0  957       1       java.lang.Character::isWhitespace (9 bytes)
Event: 1.242 Thread 0x000001dd0cb7b820 nmethod 956 0x000001dd05537f90 code [0x000001dd05538140, 0x000001dd05538248]
Event: 1.242 Thread 0x000001dd0c96d7b0 nmethod 957 0x000001dd05538310 code [0x000001dd055384c0, 0x000001dd055385c0]
Event: 1.242 Thread 0x000001dd0cb7b820  958       1       java.lang.CharacterDataLatin1::isWhitespace (23 bytes)
Event: 1.243 Thread 0x000001dd0cb7b820 nmethod 958 0x000001dd05538690 code [0x000001dd05538820, 0x000001dd05538938]
Event: 1.245 Thread 0x000001dd0c96d7b0  959       1       java.lang.invoke.DirectMethodHandle::preparedLambdaForm (31 bytes)
Event: 1.246 Thread 0x000001dd0c96d7b0 nmethod 959 0x000001dd05538a10 code [0x000001dd05538be0, 0x000001dd05538e08]
Event: 1.248 Thread 0x000001dd0c96d7b0  960       1       java.lang.invoke.DirectMethodHandle::maybeCompile (24 bytes)
Event: 1.248 Thread 0x000001dd0cb7b820  961       1       java.lang.invoke.MethodHandleNatives::refKindIsMethod (19 bytes)
Event: 1.249 Thread 0x000001dd0cb7b820 nmethod 961 0x000001dd05538f90 code [0x000001dd05539120, 0x000001dd05539200]
Event: 1.249 Thread 0x000001dd0c96d7b0 nmethod 960 0x000001dd05539290 code [0x000001dd05539440, 0x000001dd05539560]

GC Heap History (2 events):
Event: 1.109 GC heap before
{Heap before GC invocations=0 (full 0):
 garbage-first heap   total 126976K, used 28672K [0x00000000c0000000, 0x0000000100000000)
  region size 1024K, 23 young (23552K), 0 survivors (0K)
 Metaspace       used 2700K, committed 2880K, reserved 1114112K
  class space    used 354K, committed 448K, reserved 1048576K
}
Event: 1.121 GC heap after
{Heap after GC invocations=1 (full 0):
 garbage-first heap   total 126976K, used 15552K [0x00000000c0000000, 0x0000000100000000)
  region size 1024K, 3 young (3072K), 3 survivors (3072K)
 Metaspace       used 2700K, committed 2880K, reserved 1114112K
  class space    used 354K, committed 448K, reserved 1048576K
}

Dll operation events (6 events):
Event: 0.010 Loaded shared library c:\Users\Yvon\.vscode\extensions\redhat.java-1.39.0-win32-x64\jre\21.0.5-win32-x86_64\bin\java.dll
Event: 0.216 Loaded shared library c:\Users\Yvon\.vscode\extensions\redhat.java-1.39.0-win32-x64\jre\21.0.5-win32-x86_64\bin\zip.dll
Event: 0.236 Loaded shared library C:\Users\Yvon\.vscode\extensions\redhat.java-1.39.0-win32-x64\jre\21.0.5-win32-x86_64\bin\net.dll
Event: 0.238 Loaded shared library C:\Users\Yvon\.vscode\extensions\redhat.java-1.39.0-win32-x64\jre\21.0.5-win32-x86_64\bin\nio.dll
Event: 0.243 Loaded shared library C:\Users\Yvon\.vscode\extensions\redhat.java-1.39.0-win32-x64\jre\21.0.5-win32-x86_64\bin\zip.dll
Event: 0.695 Loaded shared library C:\Users\Yvon\.vscode\extensions\redhat.java-1.39.0-win32-x64\jre\21.0.5-win32-x86_64\bin\jimage.dll

Deoptimization events (0 events):
No events

Classes loaded (20 events):
Event: 1.225 Loading class java/lang/WeakPairMap$WeakRefPeer done
Event: 1.225 Loading class java/lang/WeakPairMap$Pair$Weak done
Event: 1.225 Loading class java/lang/WeakPairMap$Pair$Weak$1
Event: 1.225 Loading class java/lang/WeakPairMap$Pair$Weak$1 done
Event: 1.228 Loading class java/lang/reflect/Proxy$ProxyBuilder$ProxyClassContext
Event: 1.229 Loading class java/lang/reflect/Proxy$ProxyBuilder$ProxyClassContext done
Event: 1.229 Loading class java/lang/reflect/ProxyGenerator
Event: 1.229 Loading class java/lang/reflect/ProxyGenerator done
Event: 1.230 Loading class java/lang/reflect/ProxyGenerator$ProxyMethod
Event: 1.230 Loading class java/lang/reflect/ProxyGenerator$ProxyMethod done
Event: 1.230 Loading class java/lang/InterruptedException
Event: 1.230 Loading class java/lang/InterruptedException done
Event: 1.231 Loading class java/lang/reflect/ProxyGenerator$PrimitiveTypeInfo
Event: 1.231 Loading class java/lang/reflect/ProxyGenerator$PrimitiveTypeInfo done
Event: 1.231 Loading class jdk/internal/org/objectweb/asm/Edge
Event: 1.232 Loading class jdk/internal/org/objectweb/asm/Edge done
Event: 1.235 Loading class java/lang/reflect/Proxy$ProxyBuilder$1
Event: 1.235 Loading class java/lang/reflect/Proxy$ProxyBuilder$1 done
Event: 1.238 Loading class java/lang/reflect/UndeclaredThrowableException
Event: 1.238 Loading class java/lang/reflect/UndeclaredThrowableException done

Classes unloaded (0 events):
No events

Classes redefined (0 events):
No events

Internal exceptions (9 events):
Event: 0.839 Thread 0x000001dd00432170 Exception <a 'java/lang/ClassNotFoundException'{0x00000000c6b52fc8}: javax/smartcardio/CardPermission> (0x00000000c6b52fc8) 
thrown [s\src\hotspot\share\classfile\systemDictionary.cpp, line 312]
Event: 0.844 Thread 0x000001dd00432170 Exception <a 'java/io/FileNotFoundException'{0x00000000c6b617a0}> (0x00000000c6b617a0) 
thrown [s\src\hotspot\share\prims\jni.cpp, line 520]
Event: 0.884 Thread 0x000001dd00432170 Exception <a 'java/lang/NoSuchMethodError'{0x00000000c6a07bb8}: 'java.lang.Object java.lang.invoke.DirectMethodHandle$Holder.invokeSpecial(java.lang.Object, java.lang.Object, java.lang.Object, long, java.lang.Object)'> (0x00000000c6a07bb8) 
thrown [s\src\hotspot\share\interpreter\linkResolver.cpp, line 773]
Event: 0.885 Thread 0x000001dd00432170 Exception <a 'java/lang/NoSuchMethodError'{0x00000000c6a0b528}: 'java.lang.Object java.lang.invoke.Invokers$Holder.linkToTargetMethod(java.lang.Object, long, java.lang.Object, java.lang.Object)'> (0x00000000c6a0b528) 
thrown [s\src\hotspot\share\interpreter\linkResolver.cpp, line 773]
Event: 0.929 Thread 0x000001dd00432170 Exception <a 'java/lang/NoSuchMethodError'{0x00000000c6af5cd0}: 'void java.lang.invoke.DirectMethodHandle$Holder.invokeStatic(java.lang.Object, java.lang.Object, java.lang.Object)'> (0x00000000c6af5cd0) 
thrown [s\src\hotspot\share\interpreter\linkResolver.cpp, line 773]
Event: 1.136 Thread 0x000001dd00432170 Exception <a 'java/lang/NoSuchMethodError'{0x00000000c7b4a660}: 'void java.lang.invoke.DirectMethodHandle$Holder.invokeSpecialIFC(java.lang.Object, java.lang.Object, java.lang.Object, java.lang.Object, java.lang.Object)'> (0x00000000c7b4a660) 
thrown [s\src\hotspot\share\interpreter\linkResolver.cpp, line 773]
Event: 1.138 Thread 0x000001dd00432170 Exception <a 'java/lang/NoSuchMethodError'{0x00000000c7b52a48}: 'void java.lang.invoke.DirectMethodHandle$Holder.invokeStatic(java.lang.Object, java.lang.Object, java.lang.Object, java.lang.Object)'> (0x00000000c7b52a48) 
thrown [s\src\hotspot\share\interpreter\linkResolver.cpp, line 773]
Event: 1.139 Thread 0x000001dd00432170 Exception <a 'java/lang/NoSuchMethodError'{0x00000000c7b5d3a8}: 'int java.lang.invoke.DirectMethodHandle$Holder.invokeSpecial(java.lang.Object, java.lang.Object, java.lang.Object)'> (0x00000000c7b5d3a8) 
thrown [s\src\hotspot\share\interpreter\linkResolver.cpp, line 773]
Event: 1.170 Thread 0x000001dd00432170 Exception <a 'java/lang/NoSuchMethodError'{0x00000000c7911940}: 'java.lang.Object java.lang.invoke.DirectMethodHandle$Holder.invokeStaticInit(java.lang.Object, java.lang.Object, java.lang.Object)'> (0x00000000c7911940) 
thrown [s\src\hotspot\share\interpreter\linkResolver.cpp, line 773]

ZGC Phase Switch (0 events):
No events

VM Operations (12 events):
Event: 0.244 Executing VM operation: HandshakeAllThreads (Deoptimize)
Event: 0.244 Executing VM operation: HandshakeAllThreads (Deoptimize) done
Event: 0.682 Executing VM operation: HandshakeAllThreads (Deoptimize)
Event: 0.682 Executing VM operation: HandshakeAllThreads (Deoptimize) done
Event: 0.758 Executing VM operation: HandshakeAllThreads (Deoptimize)
Event: 0.758 Executing VM operation: HandshakeAllThreads (Deoptimize) done
Event: 0.786 Executing VM operation: HandshakeAllThreads (Deoptimize)
Event: 0.786 Executing VM operation: HandshakeAllThreads (Deoptimize) done
Event: 1.036 Executing VM operation: HandshakeAllThreads (Deoptimize)
Event: 1.036 Executing VM operation: HandshakeAllThreads (Deoptimize) done
Event: 1.109 Executing VM operation: G1CollectForAllocation (G1 Evacuation Pause)
Event: 1.121 Executing VM operation: G1CollectForAllocation (G1 Evacuation Pause) done

Memory protections (0 events):
No events

Nmethod flushes (0 events):
No events

Events (11 events):
Event: 0.033 Thread 0x000001dd00432170 Thread added: 0x000001dd00432170
Event: 0.058 Thread 0x000001dd00432170 Thread added: 0x000001dd0c963530
Event: 0.058 Thread 0x000001dd00432170 Thread added: 0x000001dd0c964530
Event: 0.059 Thread 0x000001dd00432170 Thread added: 0x000001dd0c968c00
Event: 0.059 Thread 0x000001dd00432170 Thread added: 0x000001dd0c96a8b0
Event: 0.059 Thread 0x000001dd00432170 Thread added: 0x000001dd0c96c310
Event: 0.059 Thread 0x000001dd00432170 Thread added: 0x000001dd0c96cd60
Event: 0.059 Thread 0x000001dd00432170 Thread added: 0x000001dd0c96d7b0
Event: 0.206 Thread 0x000001dd0c96d7b0 Thread added: 0x000001dd0cb7b820
Event: 0.215 Thread 0x000001dd00432170 Thread added: 0x000001dd0cc50f40
Event: 0.222 Thread 0x000001dd00432170 Thread added: 0x000001dd0cc51760


Dynamic libraries:
0x00007ff70c000000 - 0x00007ff70c00e000 	c:\Users\Yvon\.vscode\extensions\redhat.java-1.39.0-win32-x64\jre\21.0.5-win32-x86_64\bin\java.exe
0x00007ff81e5f0000 - 0x00007ff81e807000 	C:\Windows\SYSTEM32\ntdll.dll
0x00007ff81d1c0000 - 0x00007ff81d284000 	C:\Windows\System32\KERNEL32.DLL
0x00007ff81b9d0000 - 0x00007ff81bd8a000 	C:\Windows\System32\KERNELBASE.dll
0x00007ff81bfd0000 - 0x00007ff81c0e1000 	C:\Windows\System32\ucrtbase.dll
0x00007ff814460000 - 0x00007ff814478000 	c:\Users\Yvon\.vscode\extensions\redhat.java-1.39.0-win32-x64\jre\21.0.5-win32-x86_64\bin\jli.dll
0x00007ff810000000 - 0x00007ff81001e000 	c:\Users\Yvon\.vscode\extensions\redhat.java-1.39.0-win32-x64\jre\21.0.5-win32-x86_64\bin\VCRUNTIME140.dll
0x00007ff81d700000 - 0x00007ff81d8ae000 	C:\Windows\System32\USER32.dll
0x00007ff8044e0000 - 0x00007ff804772000 	C:\Windows\WinSxS\amd64_microsoft.windows.common-controls_6595b64144ccf1df_6.0.22621.4541_none_2710d1c57384c085\COMCTL32.dll
0x00007ff81bdc0000 - 0x00007ff81bde6000 	C:\Windows\System32\win32u.dll
0x00007ff81c2f0000 - 0x00007ff81c397000 	C:\Windows\System32\msvcrt.dll
0x00007ff81e480000 - 0x00007ff81e4a9000 	C:\Windows\System32\GDI32.dll
0x00007ff81bdf0000 - 0x00007ff81bf0b000 	C:\Windows\System32\gdi32full.dll
0x00007ff81b8b0000 - 0x00007ff81b94a000 	C:\Windows\System32\msvcp_win.dll
0x00007ff81cea0000 - 0x00007ff81ced1000 	C:\Windows\System32\IMM32.DLL
0x00007ff815d30000 - 0x00007ff815d3c000 	c:\Users\Yvon\.vscode\extensions\redhat.java-1.39.0-win32-x64\jre\21.0.5-win32-x86_64\bin\vcruntime140_1.dll
0x00007fffff570000 - 0x00007fffff5fd000 	c:\Users\Yvon\.vscode\extensions\redhat.java-1.39.0-win32-x64\jre\21.0.5-win32-x86_64\bin\msvcp140.dll
0x00007fffb0d20000 - 0x00007fffb1aaf000 	c:\Users\Yvon\.vscode\extensions\redhat.java-1.39.0-win32-x64\jre\21.0.5-win32-x86_64\bin\server\jvm.dll
0x00007ff81cee0000 - 0x00007ff81cf92000 	C:\Windows\System32\ADVAPI32.dll
0x00007ff81d630000 - 0x00007ff81d6d7000 	C:\Windows\System32\sechost.dll
0x00007ff81bd90000 - 0x00007ff81bdb8000 	C:\Windows\System32\bcrypt.dll
0x00007ff81e340000 - 0x00007ff81e454000 	C:\Windows\System32\RPCRT4.dll
0x00007ff81cca0000 - 0x00007ff81cd11000 	C:\Windows\System32\WS2_32.dll
0x00007ff81a730000 - 0x00007ff81a77d000 	C:\Windows\SYSTEM32\POWRPROF.dll
0x00007ff8146d0000 - 0x00007ff8146da000 	C:\Windows\SYSTEM32\VERSION.dll
0x00007ff814480000 - 0x00007ff8144b4000 	C:\Windows\SYSTEM32\WINMM.dll
0x00007ff81a6f0000 - 0x00007ff81a703000 	C:\Windows\SYSTEM32\UMPDC.dll
0x00007ff81a9c0000 - 0x00007ff81a9d8000 	C:\Windows\SYSTEM32\kernel.appcore.dll
0x00007ff815070000 - 0x00007ff81507a000 	c:\Users\Yvon\.vscode\extensions\redhat.java-1.39.0-win32-x64\jre\21.0.5-win32-x86_64\bin\jimage.dll
0x00007ff819170000 - 0x00007ff8193a2000 	C:\Windows\SYSTEM32\DBGHELP.DLL
0x00007ff81d290000 - 0x00007ff81d621000 	C:\Windows\System32\combase.dll
0x00007ff81d8b0000 - 0x00007ff81d987000 	C:\Windows\System32\OLEAUT32.dll
0x00007ff80cdf0000 - 0x00007ff80ce22000 	C:\Windows\SYSTEM32\dbgcore.DLL
0x00007ff81c260000 - 0x00007ff81c2db000 	C:\Windows\System32\bcryptPrimitives.dll
0x00007ff80f1a0000 - 0x00007ff80f1bf000 	c:\Users\Yvon\.vscode\extensions\redhat.java-1.39.0-win32-x64\jre\21.0.5-win32-x86_64\bin\java.dll
0x00007ff81da40000 - 0x00007ff81e2b9000 	C:\Windows\System32\SHELL32.dll
0x00007ff8197b0000 - 0x00007ff81a0b9000 	C:\Windows\SYSTEM32\windows.storage.dll
0x00007ff819670000 - 0x00007ff8197af000 	C:\Windows\SYSTEM32\wintypes.dll
0x00007ff81c720000 - 0x00007ff81c81a000 	C:\Windows\System32\SHCORE.dll
0x00007ff81d030000 - 0x00007ff81d08e000 	C:\Windows\System32\shlwapi.dll
0x00007ff81b7e0000 - 0x00007ff81b80b000 	C:\Windows\SYSTEM32\profapi.dll
0x00007ff80f090000 - 0x00007ff80f0a8000 	c:\Users\Yvon\.vscode\extensions\redhat.java-1.39.0-win32-x64\jre\21.0.5-win32-x86_64\bin\zip.dll
0x00007ff814570000 - 0x00007ff814580000 	C:\Users\Yvon\.vscode\extensions\redhat.java-1.39.0-win32-x64\jre\21.0.5-win32-x86_64\bin\net.dll
0x00007ff8157f0000 - 0x00007ff815926000 	C:\Windows\SYSTEM32\WINHTTP.dll
0x00007ff81ae60000 - 0x00007ff81aec9000 	C:\Windows\system32\mswsock.dll
0x00007ff80f070000 - 0x00007ff80f086000 	C:\Users\Yvon\.vscode\extensions\redhat.java-1.39.0-win32-x64\jre\21.0.5-win32-x86_64\bin\nio.dll

dbghelp: loaded successfully - version: 4.0.5 - missing functions: none
symbol engine: initialized successfully - sym options: 0x614 - pdb path: .;c:\Users\Yvon\.vscode\extensions\redhat.java-1.39.0-win32-x64\jre\21.0.5-win32-x86_64\bin;C:\Windows\SYSTEM32;C:\Windows\WinSxS\amd64_microsoft.windows.common-controls_6595b64144ccf1df_6.0.22621.4541_none_2710d1c57384c085;c:\Users\Yvon\.vscode\extensions\redhat.java-1.39.0-win32-x64\jre\21.0.5-win32-x86_64\bin\server

VM Arguments:
jvm_args: -Xmx1024m -Dsts.lsp.client=vscode -Dsts.log.file=/dev/null -XX:TieredStopAtLevel=1 -Xlog:jni+resolve=off -Dspring.config.location=file:c:\Users\Yvon\.vscode\extensions\vmware.vscode-spring-boot-1.56.0\language-server\BOOT-INF\classes\application.properties 
java_command: org.springframework.ide.vscode.boot.app.BootLanguageServerBootApp
java_class_path (initial): c:\Users\Yvon\.vscode\extensions\vmware.vscode-spring-boot-1.56.0\language-server\BOOT-INF\classes;c:\Users\Yvon\.vscode\extensions\vmware.vscode-spring-boot-1.56.0\language-server\BOOT-INF\lib\annotations-24.1.0.jar;c:\Users\Yvon\.vscode\extensions\vmware.vscode-spring-boot-1.56.0\language-server\BOOT-INF\lib\antlr4-runtime-4.13.1.jar;c:\Users\Yvon\.vscode\extensions\vmware.vscode-spring-boot-1.56.0\language-server\BOOT-INF\lib\asm-9.7.jar;c:\Users\Yvon\.vscode\extensions\vmware.vscode-spring-boot-1.56.0\language-server\BOOT-INF\lib\asm-analysis-9.7.jar;c:\Users\Yvon\.vscode\extensions\vmware.vscode-spring-boot-1.56.0\language-server\BOOT-INF\lib\asm-tree-9.7.jar;c:\Users\Yvon\.vscode\extensions\vmware.vscode-spring-boot-1.56.0\language-server\BOOT-INF\lib\asm-util-9.7.jar;c:\Users\Yvon\.vscode\extensions\vmware.vscode-spring-boot-1.56.0\language-server\BOOT-INF\lib\caffeine-3.1.8.jar;c:\Users\Yvon\.vscode\extensions\vmware.vscode-spring-boot-1.56.0\language-server\BOOT-INF\lib\checker-qual-3.12.0.jar;c:\Users\Yvon\.vscode\extensions\vmware.vscode-spring-boot-1.56.0\language-server\BOOT-INF\lib\classgraph-4.8.149.jar;c:\Users\Yvon\.vscode\extensions\vmware.vscode-spring-boot-1.56.0\language-server\BOOT-INF\lib\commons-codec-1.16.1.jar;c:\Users\Yvon\.vscode\extensions\vmware.vscode-spring-boot-1.56.0\language-server\BOOT-INF\lib\commons-compress-1.26.2.jar;c:\Users\Yvon\.vscode\extensions\vmware.vscode-spring-boot-1.56.0\language-server\BOOT-INF\lib\commons-io-2.16.1.jar;c:\Users\Yvon\.vscode\extensions\vmware.vscode-spring-boot-1.56.0\language-server\BOOT-INF\lib\commons-java-1.56.0-SNAPSHOT.jar;c:\Users\Yvon\.vscode\extensions\vmware.vscode-spring-boot-1.56.0\language-server\BOOT-INF\lib\commons-lang3-3.14.0.jar;c:\Users\Yvon\.vscode\extensions\vmware.vscode-spring-boot-1.56.0\language-server\BOOT-INF\lib\commons-language-server-1.56.0-SNAPSHOT.jar;c:\Users\Yvon\.vscode\extensions\vmware.vscode-spring-boot-1.56.0\language-server\BOOT-INF\lib\commons-lsp-extensions-1.56.0-SNAPSHOT.jar;c:\Users\Yvon\.vscode\extensions\vmware.vscode-spring-boot-1.56.0\language-server\BOOT-INF\lib\commons-rewrite-1.56.0-SNAPSHOT.jar;c:\Users\Yvon\.vscode\extensions\vmware.vscode-spring-boot-1.56.0\language-server\BOOT-INF\lib\commons-text-1.12.0.jar;c:\Users\Yvon\.vscode\extensions\vmware.vscode-spring-boot-1.56.0\language-server\BOOT-INF\lib\commons-util-1.56.0-SNAPSHOT.jar;c:\Users\Yvon\.vscode\extensions\vmware.vscode-spring-boot-1.56.0\language-server\BOOT-INF\lib\commons-yaml-1.56.0-SNAPSHOT.jar;c:\Users\Yvon\.vscode\extensions\vmware.vscode-spring-boot-1.56.0\language-server\BOOT-INF\lib\docker-java-api-3.3.6.jar;c:\Users\Yvon\.vscode\extensions\vmware.vscode-spring-boot-1.56.0\language-server\BOOT-INF\lib\docker-java-transport-3.3.6.jar;c:\Users\Yvon\.vscode\extensions\vmware.vscode-spring-boot-1.56.0\language-server\BOOT-INF\lib\docker-java-transport-zerodep-3.3.6.jar;c:\Users\Yvon\.vscode\extensions\vmware.vscode-spring-boot-1.56.0\language-server\BOOT-INF\lib\duct-tape-1.0.8.jar;c:\Users\Yvon\.vscode\extensions\vmware.vscode-spring-boot-1.56.0\language-server\BOOT-INF\lib\ecj-3.38.0.jar;c:\Users\Yvon\.vscode\extensions\vmware.vscode-spring-boot-1.56.0\language-server\BOOT-INF\lib\error_prone_annotations-2.11.0.jar;c:\Users\Yvon\.vscode\extensions\vmware.vscode-spring-boot-1.56.0\language-server\BOOT-INF\lib\failsafe-3.3.2.jar;c:\Users\Yvon\.vscode\extensions\vmware.vscode-spring-boot-1.56.0\language-server\BOOT-INF\lib\failureaccess-1.0.1.jar;c:\Users\Yvon\.vscode\extensions\vmware.vscode-spring-boot-1.56.0\language-server\BOOT-INF\lib\fastfilter-1.0.2.jar;c:\Users\Yvon\.vscode\extensions\vmware.vscode-spring-boot-1.56.0\language-server\BOOT-INF\lib\functionaljava-5.0.jar;c:\Users\Yvon\.vscode\extensions\vmware.vscode-spring-boot-1.56.0\language-server\BOOT-INF\lib\gizmo-1.0.11.Final.jar;c:\Users\Yvon\.vscode\extensions\vmware.vscode-spring-boot-1.56.0\language-server\BOOT-INF\lib\gradle-tooling-api-8.4.jar;c:\Users\Yvon\.vscode\extensions\vmware.vscode-spring-boot-1.56.0\language-server\BOOT-INF\lib\groovy-3.0.22.jar;c:\Users\Yvon\.vscode\extensions\vmware.vscode-spring-boot-1.56.0\language-server\BOOT-INF\lib\gson-2.10.1.jar;c:\Users\Yvon\.vscode\extensions\vmware.vscode-spring-boot-1.56.0\language-server\BOOT-INF\lib\guava-31.1-jre.jar;c:\Users\Yvon\.vscode\extensions\vmware.vscode-spring-boot-1.56.0\language-server\BOOT-INF\lib\hamcrest-2.2.jar;c:\Users\Yvon\.vscode\extensions\vmware.vscode-spring-boot-1.56.0\language-server\BOOT-INF\lib\hamcrest-core-2.2.jar;c:\Users\Yvon\.vscode\extensions\vmware.vscode-spring-boot-1.56.0\language-server\BOOT-INF\lib\HdrHistogram-2.2.2.jar;c:\Users\Yvon\.vscode\extensions\vmware.vscode-spring-boot-1.56.0\language-server\BOOT-INF\lib\isorelax-20030108.jar;c:\Users\Yvon\.vscode\extensions\vmware.vscode-spring-boot-1.56.0\language-server\BOOT-INF\lib\j2objc-annotations-1.3.jar;c:\Users\Yvon\.vscode\extensions\vmware.vscode-spring-boot-1.56.0\language-server\BOOT-INF\lib\jackson-annotations-2.17.1.jar;c:\Users\Yvon\.vscode\extensions\vmware.vscode-spring-boot-1.56.0\language-server\BOOT-INF\lib\jackson-core-2.17.1.jar;c:\Users\Yvon\.vscode\extensions\vmware.vscode-spring-boot-1.56.0\language-server\BOOT-INF\lib\jackson-databind-2.17.1.jar;c:\Users\Yvon\.vscode\extensions\vmware.vscode-spring-boot-1.56.0\language-server\BOOT-INF\lib\jackson-dataformat-csv-2.17.1.jar;c:\Users\Yvon\.vscode\extensions\vmware.vscode-spring-boot-1.56.0\language-server\BOOT-INF\lib\jackson-dataformat-smile-2.17.1.jar;c:\Users\Yvon\.vscode\extensions\vmware.vscode-spring-boot-1.56.0\language-server\BOOT-INF\lib\jackson-dataformat-xml-2.17.1.jar;c:\Users\Yvon\.vscode\extensions\vmware.vscode-spring-boot-1.56.0\language-server\BOOT-INF\lib\jackson-datatype-jdk8-2.17.1.jar;c:\Users\Yvon\.vscode\extensions\vmware.vscode-spring-boot-1.56.0\language-server\BOOT-INF\lib\jackson-datatype-jsr310-2.17.1.jar;c:\Users\Yvon\.vscode\extensions\vmware.vscode-spring-boot-1.56.0\language-server\BOOT-INF\lib\jackson-module-jaxb-annotations-2.17.1.jar;c:\Users\Yvon\.vscode\extensions\vmware.vscode-spring-boot-1.56.0\language-server\BOOT-INF\lib\jackson-module-parameter-names-2.17.1.jar;c:\Users\Yvon\.vscode\extensions\vmware.vscode-spring-boot-1.56.0\language-server\BOOT-INF\lib\jakarta.activation-api-2.1.3.jar;c:\Users\Yvon\.vscode\extensions\vmware.vscode-spring-boot-1.56.0\language-server\BOOT-INF\lib\jakarta.annotation-api-2.1.1.jar;c:\Users\Yvon\.vscode\extensions\vmware.vscode-spring-boot-1.56.0\language-server\BOOT-INF\lib\jakarta.xml.bind-api-4.0.2.jar;c:\Users\Yvon\.vscode\extensions\vmware.vscode-spring-boot-1.56.0\language-server\BOOT-INF\lib\jandex-3.1.6.jar;c:\Users\Yvon\.vscode\extensions\vmware.vscode-spring-boot-1.56.0\language-server\BOOT-INF\lib\java-object-diff-0.95.jar;c:\Users\Yvon\.vscode\extensions\vmware.vscode-spring-boot-1.56.0\language-server\BOOT-INF\lib\java-object-diff-1.0.1.jar;c:\Users\Yvon\.vscode\extensions\vmware.vscode-spring-boot-1.56.0\language-server\BOOT-INF\lib\java-properties-1.56.0-SNAPSHOT.jar;c:\Users\Yvon\.vscode\extensions\vmware.vscode-spring-boot-1.56.0\language-server\BOOT-INF\lib\JavaEWAH-1.2.3.jar;c:\Users\Yvon\.vscode\extensions\vmware.vscode-spring-boot-1.56.0\language-server\BOOT-INF\lib\javax.activation-api-1.2.0.jar;c:\Users\Yvon\.vscode\extensions\vmware.vscode-spring-boot-1.56.0\language-server\BOOT-INF\lib\javax.inject-1.jar;c:\Users\Yvon\.vscode\extensions\vmware.vscode-spring-boot-1.56.0\language-server\BOOT-INF\lib\javolution-core-java-6.0.0.jar;c:\Users\Yvon\.vscode\extensions\vmware.vscode-spring-boot-1.56.0\language-server\BOOT-INF\lib\jaxb-api-2.3.1.jar;c:\Users\Yvon\.vscode\extensions\vmware.vscode-spring-boot-1.56.0\language-server\BOOT-INF\lib\jgit-1.2.0.jar;c:\Users\Yvon\.vscode\extensions\vmware.vscode-spring-boot-1.56.0\language-server\BOOT-INF\lib\jing-20220510.jar;c:\Users\Yvon\.vscode\extensions\vmware.vscode-spring-boot-1.56.0\language-server\BOOT-INF\lib\jna-5.14.0.jar;c:\Users\Yvon\.vscode\extensions\vmware.vscode-spring-boot-1.56.0\language-server\BOOT-INF\lib\jna-platform-5.14.0.jar;c:\Users\Yvon\.vscode\extensions\vmware.vscode-spring-boot-1.56.0\language-server\BOOT-INF\lib\jpql-1.56.0-SNAPSHOT.jar;c:\Users\Yvon\.vscode\extensions\vmware.vscode-spring-boot-1.56.0\language-server\BOOT-INF\lib\json-20231013.jar;c:\Users\Yvon\.vscode\extensions\vmware.vscode-spring-boot-1.56.0\language-server\BOOT-INF\lib\jsoup-1.14.2.jar;c:\Users\Yvon\.vscode\extensions\vmware.vscode-spring-boot-1.56.0\language-server\BOOT-INF\lib\jsr305-3.0.2.jar;c:\Users\Yvon\.vscode\extensions\vmware.vscode-spring-boot-1.56.0\language-server\BOOT-INF\lib\jul-to-slf4j-2.0.13.jar;c:\Users\Yvon\.vscode\extensions\vmware.vscode-spring-boot-1.56.0\language-server\BOOT-INF\lib\junit-4.13.2.jar;c:\Users\Yvon\.vscode\extensions\vmware.vscode-spring-boot-1.56.0\language-server\BOOT-INF\lib\kotlin-compiler-embeddable-1.9.20.jar;c:\Users\Yvon\.vscode\extensions\vmware.vscode-spring-boot-1.56.0\language-server\BOOT-INF\lib\kotlin-daemon-embeddable-1.9.20.jar;c:\Users\Yvon\.vscode\extensions\vmware.vscode-spring-boot-1.56.0\language-server\BOOT-INF\lib\kotlin-reflect-1.9.20.jar;c:\Users\Yvon\.vscode\extensions\vmware.vscode-spring-boot-1.56.0\language-server\BOOT-INF\lib\kotlin-script-runtime-1.9.20.jar;c:\Users\Yvon\.vscode\extensions\vmware.vscode-spring-boot-1.56.0\language-server\BOOT-INF\lib\kotlin-stdlib-1.9.20.jar;c:\Users\Yvon\.vscode\extensions\vmware.vscode-spring-boot-1.56.0\language-server\BOOT-INF\lib\kotlin-stdlib-common-1.9.20.jar;c:\Users\Yvon\.vscode\extensions\vmware.vscode-spring-boot-1.56.0\language-server\BOOT-INF\lib\kotlin-stdlib-jdk7-1.9.20.jar;c:\Users\Yvon\.vscode\extensions\vmware.vscode-spring-boot-1.56.0\language-server\BOOT-INF\lib\kotlin-stdlib-jdk8-1.9.20.jar;c:\Users\Yvon\.vscode\extensions\vmware.vscode-spring-boot-1.56.0\language-server\BOOT-INF\lib\language-server-starter-1.56.0-SNAPSHOT.jar;c:\Users\Yvon\.vscode\extensions\vmware.vscode-spring-boot-1.56.0\language-server\BOOT-INF\lib\LatencyUtils-2.0.3.jar;c:\Users\Yvon\.vscode\extensions\vmware.vscode-spring-boot-1.56.0\language-server\BOOT-INF\lib\listenablefuture-9999.0-empty-to-avoid-conflict-with-guava.jar;c:\Users\Yvon\.vscode\extensions\vmware.vscode-spring-boot-1.56.0\language-server\BOOT-INF\lib\log4j-api-2.23.1.jar;c:\Users\Yvon\.vscode\extensions\vmware.vscode-spring-boot-1.56.0\language-server\BOOT-INF\lib\log4j-to-slf4j-2.23.1.jar;c:\Users\Yvon\.vscode\extensions\vmware.vscode-spring-boot-1.56.0\language-server\BOOT-INF\lib\logback-classic-1.5.6.jar;c:\Users\Yvon\.vscode\extensions\vmware.vscode-spring-boot-1.56.0\language-server\BOOT-INF\lib\logback-core-1.5.6.jar;c:\Users\Yvon\.vscode\extensions\vmware.vscode-spring-boot-1.56.0\language-server\BOOT-INF\lib\micrometer-commons-1.13.1.jar;c:\Users\Yvon\.vscode\extensions\vmware.vscode-spring-boot-1.56.0\language-server\BOOT-INF\lib\micrometer-core-1.13.1.jar;c:\Users\Yvon\.vscode\extensions\vmware.vscode-spring-boot-1.56.0\language-server\BOOT-INF\lib\micrometer-observation-1.13.1.jar;c:\Users\Yvon\.vscode\extensions\vmware.vscode-spring-boot-1.56.0\language-server\BOOT-INF\lib\model-2.3.1.jar;c:\Users\Yvon\.vscode\extensions\vmware.vscode-spring-boot-1.56.0\language-server\BOOT-INF\lib\okhttp-4.12.0.jar;c:\Users\Yvon\.vscode\extensions\vmware.vscode-spring-boot-1.56.0\language-server\BOOT-INF\lib\okio-3.6.0.jar;c:\Users\Yvon\.vscode\extensions\vmware.vscode-spring-boot-1.56.0\language-server\BOOT-INF\lib\okio-jvm-3.6.0.jar;c:\Users\Yvon\.vscode\extensions\vmware.vscode-spring-boot-1.56.0\language-server\BOOT-INF\lib\org.eclipse.core.commands-3.12.100.jar;c:\Users\Yvon\.vscode\extensions\vmware.vscode-spring-boot-1.56.0\language-server\BOOT-INF\lib\org.eclipse.core.contenttype-3.9.400.jar;c:\Users\Yvon\.vscode\extensions\vmware.vscode-spring-boot-1.56.0\language-server\BOOT-INF\lib\org.eclipse.core.expressions-3.9.400.jar;c:\Users\Yvon\.vscode\extensions\vmware.vscode-spring-boot-1.56.0\language-server\BOOT-INF\lib\org.eclipse.core.filesystem-1.10.400.jar;c:\Users\Yvon\.vscode\extensions\vmware.vscode-spring-boot-1.56.0\language-server\BOOT-INF\lib\org.eclipse.core.jobs-3.15.300.jar;c:\Users\Yvon\.vscode\extensions\vmware.vscode-spring-boot-1.56.0\language-server\BOOT-INF\lib\org.eclipse.core.resources-3.20.200.jar;c:\Users\Yvon\.vscode\extensions\vmware.vscode-spring-boot-1.56.0\language-server\BOOT-INF\lib\org.eclipse.core.runtime-3.31.100.jar;c:\Users\Yvon\.vscode\extensions\vmware.vscode-spring-boot-1.56.0\language-server\BOOT-INF\lib\org.eclipse.equinox.app-1.7.100.jar;c:\Users\Yvon\.vscode\extensions\vmware.vscode-spring-boot-1.56.0\language-server\BOOT-INF\lib\org.eclipse.equinox.common-3.19.100.jar;c:\Users\Yvon\.vscode\extensions\vmware.vscode-spring-boot-1.56.0\language-server\BOOT-INF\lib\org.eclipse.equinox.preferences-3.10.1.jar;c:\Users\Yvon\.vscode\extensions\vmware.vscode-spring-boot-1.56.0\language-server\BOOT-INF\lib\org.eclipse.equinox.registry-3.12.100.jar;c:\Users\Yvon\.vscode\extensions\vmware.vscode-spring-boot-1.56.0\language-server\BOOT-INF\lib\org.eclipse.jdt.core-3.38.0.jar;c:\Users\Yvon\.vscode\extensions\vmware.vscode-spring-boot-1.56.0\language-server\BOOT-INF\lib\org.eclipse.jgit-6.9.0.202403050737-r.jar;c:\Users\Yvon\.vscode\extensions\vmware.vscode-spring-boot-1.56.0\language-server\BOOT-INF\lib\org.eclipse.lemminx-0.24.0.jar;c:\Users\Yvon\.vscode\extensions\vmware.vscode-spring-boot-1.56.0\language-server\BOOT-INF\lib\org.eclipse.lsp4j-0.19.0.jar;c:\Users\Yvon\.vscode\extensions\vmware.vscode-spring-boot-1.56.0\language-server\BOOT-INF\lib\org.eclipse.lsp4j.generator-0.19.0.jar;c:\Users\Yvon\.vscode\extensions\vmware.vscode-spring-boot-1.56.0\language-server\BOOT-INF\lib\org.eclipse.lsp4j.jsonrpc-0.19.0.jar;c:\Users\Yvon\.vscode\extensions\vmware.vscode-spring-boot-1.56.0\language-server\BOOT-INF\lib\org.eclipse.osgi-3.20.0.jar;c:\Users\Yvon\.vscode\extensions\vmware.vscode-spring-boot-1.56.0\language-server\BOOT-INF\lib\org.eclipse.text-3.14.100.jar;c:\Users\Yvon\.vscode\extensions\vmware.vscode-spring-boot-1.56.0\language-server\BOOT-INF\lib\org.eclipse.xtend.lib-2.28.0.jar;c:\Users\Yvon\.vscode\extensions\vmware.vscode-spring-boot-1.56.0\language-server\BOOT-INF\lib\org.eclipse.xtend.lib.macro-2.28.0.jar;c:\Users\Yvon\.vscode\extensions\vmware.vscode-spring-boot-1.56.0\language-server\BOOT-INF\lib\org.eclipse.xtext.xbase.lib-2.28.0.jar;c:\Users\Yvon\.vscode\extensions\vmware.vscode-spring-boot-1.56.0\language-server\BOOT-INF\lib\org.json-1.0.0-SNAPSHOT.jar;c:\Users\Yvon\.vscode\extensions\vmware.vscode-spring-boot-1.56.0\language-server\BOOT-INF\lib\org.osgi.service.prefs-1.1.2.jar;c:\Users\Yvon\.vscode\extensions\vmware.vscode-spring-boot-1.56.0\language-server\BOOT-INF\lib\osgi.annotation-8.1.0.jar;c:\Users\Yvon\.vscode\extensions\vmware.vscode-spring-boot-1.56.0\language-server\BOOT-INF\lib\reactive-streams-1.0.4.jar;c:\Users\Yvon\.vscode\extensions\vmware.vscode-spring-boot-1.56.0\language-server\BOOT-INF\lib\reactor-core-3.6.7.jar;c:\Users\Yvon\.vscode\extensions\vmware.vscode-spring-boot-1.56.0\language-server\BOOT-INF\lib\remark-1.0.0.jar;c:\Users\Yvon\.vscode\extensions\vmware.vscode-spring-boot-1.56.0\language-server\BOOT-INF\lib\rewrite-analysis-2.9.2.jar;c:\Users\Yvon\.vscode\extensions\vmware.vscode-spring-boot-1.56.0\language-server\BOOT-INF\lib\rewrite-core-8.29.0.jar;c:\Users\Yvon\.vscode\extensions\vmware.vscode-spring-boot-1.56.0\language-server\BOOT-INF\lib\rewrite-github-actions-2.6.2.jar;c:\Users\Yvon\.vscode\extensions\vmware.vscode-spring-boot-1.56.0\language-server\BOOT-INF\lib\rewrite-gradle-8.29.0.jar;c:\Users\Yvon\.vscode\extensions\vmware.vscode-spring-boot-1.56.0\language-server\BOOT-INF\lib\rewrite-groovy-8.29.0.jar;c:\Users\Yvon\.vscode\extensions\vmware.vscode-spring-boot-1.56.0\language-server\BOOT-INF\lib\rewrite-hibernate-1.8.0.jar;c:\Users\Yvon\.vscode\extensions\vmware.vscode-spring-boot-1.56.0\language-server\BOOT-INF\lib\rewrite-java-11-8.29.0.jar;c:\Users\Yvon\.vscode\extensions\vmware.vscode-spring-boot-1.56.0\language-server\BOOT-INF\lib\rewrite-java-17-8.29.0.jar;c:\Users\Yvon\.vscode\extensions\vmware.vscode-spring-boot-1.56.0\language-server\BOOT-INF\lib\rewrite-java-21-8.29.0.jar;c:\Users\Yvon\.vscode\extensions\vmware.vscode-spring-boot-1.56.0\language-server\BOOT-INF\lib\rewrite-java-8-8.29.0.jar;c:\Users\Yvon\.vscode\extensions\vmware.vscode-spring-boot-1.56.0\language-server\BOOT-INF\lib\rewrite-java-8.29.0.jar;c:\Users\Yvon\.vscode\extensions\vmware.vscode-spring-boot-1.56.0\language-server\BOOT-INF\lib\rewrite-java-dependencies-1.12.0.jar;c:\Users\Yvon\.vscode\extensions\vmware.vscode-spring-boot-1.56.0\language-server\BOOT-INF\lib\rewrite-jenkins-0.8.2.jar;c:\Users\Yvon\.vscode\extensions\vmware.vscode-spring-boot-1.56.0\language-server\BOOT-INF\lib\rewrite-kotlin-1.18.2.jar;c:\Users\Yvon\.vscode\extensions\vmware.vscode-spring-boot-1.56.0\language-server\BOOT-INF\lib\rewrite-maven-8.29.0.jar;c:\Users\Yvon\.vscode\extensions\vmware.vscode-spring-boot-1.56.0\language-server\BOOT-INF\lib\rewrite-migrate-java-2.19.0.jar;c:\Users\Yvon\.vscode\extensions\vmware.vscode-spring-boot-1.56.0\language-server\BOOT-INF\lib\rewrite-openapi-0.5.2.jar;c:\Users\Yvon\.vscode\extensions\vmware.vscode-spring-boot-1.56.0\language-server\BOOT-INF\lib\rewrite-properties-8.29.0.jar;c:\Users\Yvon\.vscode\extensions\vmware.vscode-spring-boot-1.56.0\language-server\BOOT-INF\lib\rewrite-spring-5.14.0.jar;c:\Users\Yvon\.vscode\extensions\vmware.vscode-spring-boot-1.56.0\language-server\BOOT-INF\lib\rewrite-static-analysis-1.11.0.jar;c:\Users\Yvon\.vscode\extensions\vmware.vscode-spring-boot-1.56.0\language-server\BOOT-INF\lib\rewrite-templating-1.11.2.jar;c:\Users\Yvon\.vscode\extensions\vmware.vscode-spring-boot-1.56.0\language-server\BOOT-INF\lib\rewrite-testing-frameworks-2.13.0.jar;c:\Users\Yvon\.vscode\extensions\vmware.vscode-spring-boot-1.56.0\language-server\BOOT-INF\lib\rewrite-xml-8.29.0.jar;c:\Users\Yvon\.vscode\extensions\vmware.vscode-spring-boot-1.56.0\language-server\BOOT-INF\lib\rewrite-yaml-8.29.0.jar;c:\Users\Yvon\.vscode\extensions\vmware.vscode-spring-boot-1.56.0\language-server\BOOT-INF\lib\slf4j-api-2.0.13.jar;c:\Users\Yvon\.vscode\extensions\vmware.vscode-spring-boot-1.56.0\language-server\BOOT-INF\lib\snakeyaml-2.2.jar;c:\Users\Yvon\.vscode\extensions\vmware.vscode-spring-boot-1.56.0\language-server\BOOT-INF\lib\snappy-java-1.1.10.5.jar;c:\Users\Yvon\.vscode\extensions\vmware.vscode-spring-boot-1.56.0\language-server\BOOT-INF\lib\spring-aop-6.1.10.jar;c:\Users\Yvon\.vscode\extensions\vmware.vscode-spring-boot-1.56.0\language-server\BOOT-INF\lib\spring-beans-6.1.10.jar;c:\Users\Yvon\.vscode\extensions\vmware.vscode-spring-boot-1.56.0\language-server\BOOT-INF\lib\spring-boot-3.3.1.jar;c:\Users\Yvon\.vscode\extensions\vmware.vscode-spring-boot-1.56.0\language-server\BOOT-INF\lib\spring-boot-autoconfigure-3.3.1.jar;c:\Users\Yvon\.vscode\extensions\vmware.vscode-spring-boot-1.56.0\language-server\BOOT-INF\lib\spring-boot-jarmode-tools-3.3.1.jar;c:\Users\Yvon\.vscode\extensions\vmware.vscode-spring-boot-1.56.0\language-server\BOOT-INF\lib\spring-context-6.1.10.jar;c:\Users\Yvon\.vscode\extensions\vmware.vscode-spring-boot-1.56.0\language-server\BOOT-INF\lib\spring-context-indexer-6.1.10.jar;c:\Users\Yvon\.vscode\extensions\vmware.vscode-spring-boot-1.56.0\language-server\BOOT-INF\lib\spring-core-6.1.10.jar;c:\Users\Yvon\.vscode\extensions\vmware.vscode-spring-boot-1.56.0\language-server\BOOT-INF\lib\spring-expression-6.1.10.jar;c:\Users\Yvon\.vscode\extensions\vmware.vscode-spring-boot-1.56.0\language-server\BOOT-INF\lib\spring-jcl-6.1.10.jar;c:\Users\Yvon\.vscode\extensions\vmware.vscode-spring-boot-1.56.0\language-server\BOOT-INF\lib\spring-web-6.1.10.jar;c:\Users\Yvon\.vscode\extensions\vmware.vscode-spring-boot-1.56.0\language-server\BOOT-INF\lib\stax2-api-4.2.2.jar;c:\Users\Yvon\.vscode\extensions\vmware.vscode-spring-boot-1.56.0\language-server\BOOT-INF\lib\testcontainers-1.19.8.jar;c:\Users\Yvon\.vscode\extensions\vmware.vscode-spring-boot-1.56.0\language-server\BOOT-INF\lib\trove4j-1.0.20200330.jar;c:\Users\Yvon\.vscode\extensions\vmware.vscode-spring-boot-1.56.0\language-server\BOOT-INF\lib\woodstox-core-6.6.2.jar;c:\Users\Yvon\.vscode\extensions\vmware.vscode-spring-boot-1.56.0\language-server\BOOT-INF\lib\xercesImpl-2.12.2.jar;c:\Users\Yvon\.vscode\extensions\vmware.vscode-spring-boot-1.56.0\language-server\BOOT-INF\lib\xml-apis-1.4.01.jar;c:\Users\Yvon\.vscode\extensions\vmware.vscode-spring-boot-1.56.0\language-server\BOOT-INF\lib\xml-resolver-1.2.jar
Launcher Type: SUN_STANDARD

[Global flags]
     intx CICompilerCount                          = 4                                         {product} {ergonomic}
     uint ConcGCThreads                            = 2                                         {product} {ergonomic}
     uint G1ConcRefinementThreads                  = 8                                         {product} {ergonomic}
   size_t G1HeapRegionSize                         = 1048576                                   {product} {ergonomic}
    uintx GCDrainStackTargetSize                   = 64                                        {product} {ergonomic}
   size_t InitialHeapSize                          = 130023424                                 {product} {ergonomic}
   size_t MarkStackSize                            = 4194304                                   {product} {ergonomic}
   size_t MaxHeapSize                              = 1073741824                                {product} {command line}
   size_t MaxNewSize                               = 643825664                                 {product} {ergonomic}
   size_t MinHeapDeltaBytes                        = 1048576                                   {product} {ergonomic}
   size_t MinHeapSize                              = 8388608                                   {product} {ergonomic}
    uintx NonNMethodCodeHeapSize                   = 4096                                   {pd product} {ergonomic}
    uintx NonProfiledCodeHeapSize                  = 0                                      {pd product} {ergonomic}
     bool ProfileInterpreter                       = false                                  {pd product} {command line}
    uintx ProfiledCodeHeapSize                     = 0                                      {pd product} {ergonomic}
   size_t SoftMaxHeapSize                          = 1073741824                             {manageable} {ergonomic}
     intx TieredStopAtLevel                        = 1                                         {product} {command line}
     bool UseCompressedOops                        = true                           {product lp64_product} {ergonomic}
     bool UseG1GC                                  = true                                      {product} {ergonomic}
     bool UseLargePagesIndividualAllocation        = false                                  {pd product} {ergonomic}

Logging:
Log output configuration:
 #0: stdout all=warning,jni+resolve=off uptime,level,tags foldmultilines=false
 #1: stderr all=off uptime,level,tags foldmultilines=false

Environment Variables:
JAVA_HOME=C:\Program Files\Java\jdk-20
CLASSPATH=C:\ojdbc\ojdbc6.jar,C:\ojdbc\mysql-connector-j-8.1.0.jar,C:\ojdbc\postgresql-42.6.0.jar
PATH=C:\Program Files\Java\jdk-20\bin;C:\Program Files\OpenLogic\jdk-8.0.422.05-hotspot\bin$;D:\app\Yvon\product\11.2.0\dbhome_1\bin;C:\Program Files\Common Files\Oracle\Java\javapath;C:\ActiveTcl\bin;C:\Program Files (x86)\Common Files\Intel\Shared Libraries\redist\intel64\compiler;C:\Windows\system32;C:\Windows;C:\Windows\System32\Wbem;C:\Windows\System32\WindowsPowerShell\v1.0\;C:\Windows\System32\OpenSSH\;C:\Program Files (x86)\NVIDIA Corporation\PhysX\Common;C:\TDM-GCC-64\bin;C:\Program Files\dotnet\;C:\Program Files\eclipse;D:\Projet S5-S3\DAO.jar;C:\Program Files\Microsoft SQL Server\Client SDK\ODBC\170\Tools\Binn\;C:\Program Files\Microsoft SQL Server\130\DTS\Binn\;C:\Program Files\Microsoft SQL Server\140\DTS\Binn\;C:\Program Files\Microsoft SQL Server\150\DTS\Binn\;C:\Program Files\Microsoft SQL Server\160\DTS\Binn\;C:\Program Files\gnuplot\bin\wgnuplot.exe;C:\Program Files\Git\cmd;C:\Program Files\gnuplot\bin\gnuplot.exe;C:\Users\Yvon\Desktop\ato\slf4j-api-1.7.2.jar;C:\Program Files (x86)\Microsoft SQL Server\160\Tools\Binn\;C:\Program Files\Microsoft SQL Server\160\Tools\Binn\;C:\Program Files\Azure Data Studio\bin;C:\Strawberry\c\bin;C:\Strawberry\perl\site\bin;C:\Strawberry\perl\bin;C:\Program Files\Microsoft SQL Server\150\Tools\Binn\;C:\Program Files\OpenLogic\jdk-8.0.422.05-hotspot\bin;C:\Program Files (x86)\Windows Kits\10\Windows Performance Toolkit\;C:\Program Files\apache-ant-1.10.15\bin;C:\Program Files\apache-maven\bin;C:\Users\Yvon\AppData\Roaming\nvm;C:\Program Files\nodejs;C:\Users\Yvon\AppData\Roaming\nvm;C:\Program Files\nodejs;C:\Program Files\NVIDIA Corporation\NVIDIA app\NvDLISR;C:\xampp\php;C:\composer;C:\Program Files\Docker\Docker\resources\bin;C:\Program Files\Java\jdk-20\bin;C:\Program Files\OpenLogic\jdk-8.0.422.05-hotspot\bin$;C:\Users\Yvon\AppData\Local\Programs\Python\Launcher\;C:\Users\Yvon\AppData\Local\Microsoft\WindowsApps;C:\Users\Yvon\AppData\Local\Programs\Microsoft VS Code\bin;C:\Program Files\JetBrains\IntelliJ IDEA 2022.2\bin;;C:\Users\Yvon\.dotnet\tools;C:\Program Files\JetBrains\PyCharm Community Edition 2023.3.4\bin;;C:\Program Files\Azure Data Studio\bin;C:\Users\Yvon\AppData\Local\Programs\Python\Python312\Scripts\;C:\Users\Yvon\AppData\Roaming\npm;C:\Program Files\Java\jre-1.8\bin;C:\Users\Yvon\AppData\Roaming\nvm;C:\Program Files\nodejs;C:\Users\Yvon\AppData\Local\GitHubDesktop\bin;C:\Users\Yvon\AppData\Roaming\Composer\vendor\bin;
USERNAME=Yvon
OS=Windows_NT
PROCESSOR_IDENTIFIER=Intel64 Family 6 Model 140 Stepping 1, GenuineIntel
TMP=C:\Users\Yvon\AppData\Local\Temp
TEMP=C:\Users\Yvon\AppData\Local\Temp




Periodic native trim disabled

---------------  S Y S T E M  ---------------

OS:
 Windows 11 , 64 bit Build 22621 (10.0.22621.4391)
OS uptime: 0 days 22:54 hours
Hyper-V role detected

CPU: total 8 (initial active 8) (4 cores per cpu, 2 threads per core) family 6 model 140 stepping 1 microcode 0x86, cx8, cmov, fxsr, ht, mmx, 3dnowpref, sse, sse2, sse3, ssse3, sse4.1, sse4.2, popcnt, lzcnt, tsc, tscinvbit, avx, avx2, aes, erms, clmul, bmi1, bmi2, adx, avx512f, avx512dq, avx512cd, avx512bw, avx512vl, sha, fma, vzeroupper, avx512_vpopcntdq, avx512_vpclmulqdq, avx512_vaes, avx512_vnni, clflush, clflushopt, clwb, avx512_vbmi2, avx512_vbmi, hv, rdtscp, rdpid, fsrm, gfni, avx512_bitalg, f16c, cet_ibt, cet_ss, avx512_ifma
Processor Information for processor 0
  Max Mhz: 3110, Current Mhz: 3110, Mhz Limit: 3110
Processor Information for processor 1
  Max Mhz: 3110, Current Mhz: 1003, Mhz Limit: 3110
Processor Information for processor 2
  Max Mhz: 3110, Current Mhz: 1003, Mhz Limit: 3110
Processor Information for processor 3
  Max Mhz: 3110, Current Mhz: 1003, Mhz Limit: 3110
Processor Information for processor 4
  Max Mhz: 3110, Current Mhz: 1003, Mhz Limit: 3110
Processor Information for processor 5
  Max Mhz: 3110, Current Mhz: 1003, Mhz Limit: 3110
Processor Information for processor 6
  Max Mhz: 3110, Current Mhz: 3110, Mhz Limit: 3110
Processor Information for processor 7
  Max Mhz: 3110, Current Mhz: 3110, Mhz Limit: 3110

Memory: 4k page, system-wide physical 7883M (345M free)
TotalPageFile size 24733M (AvailPageFile size 0M)
current process WorkingSet (physical memory assigned to process): 82M, peak: 82M
current process commit charge ("private bytes"): 213M, peak: 213M

vm_info: OpenJDK 64-Bit Server VM (21.0.5+11-LTS) for windows-amd64 JRE (21.0.5+11-LTS), built on 2024-10-15T00:00:00Z by "admin" with MS VC++ 17.7 (VS2022)

END.
