#
# There is insufficient memory for the Java Runtime Environment to continue.
# Native memory allocation (malloc) failed to allocate 2097152 bytes. Error detail: AllocateHeap
# Possible reasons:
#   The system is out of physical RAM or swap space
#   This process is running with CompressedOops enabled, and the Java Heap may be blocking the growth of the native heap
# Possible solutions:
#   Reduce memory load on the system
#   Increase physical memory or swap space
#   Check if swap backing store is full
#   Decrease Java heap size (-Xmx/-Xms)
#   Decrease number of Java threads
#   Decrease Java thread stack sizes (-Xss)
#   Set larger code cache with -XX:ReservedCodeCacheSize=
#   JVM is running with Unscaled Compressed Oops mode in which the Java heap is
#     placed in the first 4GB address space. The Java Heap base address is the
#     maximum limit for the native heap growth. Please use -XX:HeapBaseMinAddress
#     to set the Java Heap base and to place the Java Heap above 4GB virtual address.
# This output file may be truncated or incomplete.
#
#  Out of Memory Error (allocation.cpp:44), pid=5272, tid=7360
#
# JRE version: OpenJDK Runtime Environment Temurin-21.0.5+11 (21.0.5+11) (build 21.0.5+11-LTS)
# Java VM: OpenJDK 64-Bit Server VM Temurin-21.0.5+11 (21.0.5+11-LTS, mixed mode, emulated-client, sharing, tiered, compressed oops, compressed class ptrs, g1 gc, windows-amd64)
# No core dump will be written. Minidumps are not enabled by default on client versions of Windows
#

---------------  S U M M A R Y ------------

Command Line: -Xmx1024m -Dsts.lsp.client=vscode -Dsts.log.file=/dev/null -XX:TieredStopAtLevel=1 -Xlog:jni+resolve=off -Dspring.config.location=file:c:\Users\Yvon\.vscode\extensions\vmware.vscode-spring-boot-1.56.0\language-server\BOOT-INF\classes\application.properties org.springframework.ide.vscode.boot.app.BootLanguageServerBootApp

Host: 11th Gen Intel(R) Core(TM) i5-11300H @ 3.10GHz, 8 cores, 7G,  Windows 11 , 64 bit Build 22621 (10.0.22621.4391)
Time: Sun Feb  9 18:18:10 2025 Afrique de l, 64 bit Build 22621 (10.0.22621.4391) elapsed time: 9201.975509 seconds (0d 2h 33m 21s)

---------------  T H R E A D  ---------------

Current thread (0x0000020ce2441130):  VMThread "VM Thread"          [id=7360, stack(0x0000008a12900000,0x0000008a12a00000) (1024K)]

Stack: [0x0000008a12900000,0x0000008a12a00000]
Native frames: (J=compiled Java code, j=interpreted, Vv=VM code, C=native code)
V  [jvm.dll+0x6cd4e9]
V  [jvm.dll+0x8a7941]
V  [jvm.dll+0x8a9e6e]
V  [jvm.dll+0x8aa543]
V  [jvm.dll+0x27f6d6]
V  [jvm.dll+0xbfb37]
V  [jvm.dll+0x34669e]
V  [jvm.dll+0x34101e]
V  [jvm.dll+0x329918]
V  [jvm.dll+0x36bba4]
V  [jvm.dll+0x8b025f]
V  [jvm.dll+0x8b15e4]
V  [jvm.dll+0x8b1b20]
V  [jvm.dll+0x8b1dc3]
V  [jvm.dll+0x8514fb]
V  [jvm.dll+0x6cbbed]
C  [ucrtbase.dll+0x29333]
C  [KERNEL32.DLL+0x1259d]
C  [ntdll.dll+0x5af38]

VM_Operation (0x0000008a13ffeba0): G1CollectFull, mode: safepoint, requested by thread 0x0000020ce86cc1d0


---------------  P R O C E S S  ---------------

Threads class SMR info:
_java_thread_list=0x0000020cf191ce20, length=20, elements={
0x0000020ce245e660, 0x0000020ce245f620, 0x0000020ce2463d40, 0x0000020ce246a1a0,
0x0000020ce246d5c0, 0x0000020ce246e440, 0x0000020ce246f040, 0x0000020ce2764b70,
0x0000020ce27663a0, 0x0000020ce8716d90, 0x0000020ce86cc1d0, 0x0000020ce84cb1e0,
0x0000020ce289d780, 0x0000020cd5ff11f0, 0x0000020ce8820e00, 0x0000020ce26e5ba0,
0x0000020ce26e4160, 0x0000020ce26e47f0, 0x0000020cf190e1a0, 0x0000020cf19136f0
}

Java Threads: ( => current thread )
  0x0000020ce245e660 JavaThread "Reference Handler"          daemon [_thread_blocked, id=17720, stack(0x0000008a12a00000,0x0000008a12b00000) (1024K)]
  0x0000020ce245f620 JavaThread "Finalizer"                  daemon [_thread_blocked, id=20336, stack(0x0000008a12b00000,0x0000008a12c00000) (1024K)]
  0x0000020ce2463d40 JavaThread "Signal Dispatcher"          daemon [_thread_blocked, id=15020, stack(0x0000008a12c00000,0x0000008a12d00000) (1024K)]
  0x0000020ce246a1a0 JavaThread "Attach Listener"            daemon [_thread_blocked, id=16368, stack(0x0000008a12d00000,0x0000008a12e00000) (1024K)]
  0x0000020ce246d5c0 JavaThread "Service Thread"             daemon [_thread_blocked, id=752, stack(0x0000008a12e00000,0x0000008a12f00000) (1024K)]
  0x0000020ce246e440 JavaThread "Monitor Deflation Thread"   daemon [_thread_blocked, id=12236, stack(0x0000008a12f00000,0x0000008a13000000) (1024K)]
  0x0000020ce246f040 JavaThread "C1 CompilerThread0"         daemon [_thread_blocked, id=17844, stack(0x0000008a13000000,0x0000008a13100000) (1024K)]
  0x0000020ce2764b70 JavaThread "Notification Thread"        daemon [_thread_blocked, id=4180, stack(0x0000008a13200000,0x0000008a13300000) (1024K)]
  0x0000020ce27663a0 JavaThread "Common-Cleaner"             daemon [_thread_blocked, id=18296, stack(0x0000008a13300000,0x0000008a13400000) (1024K)]
  0x0000020ce8716d90 JavaThread "boundedElastic-evictor-1"   daemon [_thread_blocked, id=16284, stack(0x0000008a13e00000,0x0000008a13f00000) (1024K)]
  0x0000020ce86cc1d0 JavaThread "pool-12-thread-1"                  [_thread_blocked, id=14976, stack(0x0000008a13f00000,0x0000008a14000000) (1024K)]
  0x0000020ce84cb1e0 JavaThread "LanguageServerApp-lifecycle"        [_thread_blocked, id=14512, stack(0x0000008a14000000,0x0000008a14100000) (1024K)]
  0x0000020ce289d780 JavaThread "DestroyJavaVM"                     [_thread_blocked, id=10876, stack(0x0000008a12200000,0x0000008a12300000) (1024K)]
  0x0000020cd5ff11f0 JavaThread "pool-13-thread-1"                  [_thread_in_native, id=17760, stack(0x0000008a14100000,0x0000008a14200000) (1024K)]
  0x0000020ce8820e00 JavaThread "Simple-Language-Server main thread" daemon [_thread_blocked, id=4508, stack(0x0000008a14200000,0x0000008a14300000) (1024K)]
  0x0000020ce26e5ba0 JavaThread "parallel-1"                 daemon [_thread_blocked, id=6420, stack(0x0000008a14500000,0x0000008a14600000) (1024K)]
  0x0000020ce26e4160 JavaThread "pool-5-thread-1"                   [_thread_blocked, id=8760, stack(0x0000008a14600000,0x0000008a14700000) (1024K)]
  0x0000020ce26e47f0 JavaThread "parallel-2"                 daemon [_thread_blocked, id=13016, stack(0x0000008a14700000,0x0000008a14800000) (1024K)]
  0x0000020cf190e1a0 JavaThread "parallel-3"                 daemon [_thread_blocked, id=2556, stack(0x0000008a12100000,0x0000008a12200000) (1024K)]
  0x0000020cf19136f0 JavaThread "Reconciler-1"               daemon [_thread_blocked, id=7608, stack(0x0000008a14300000,0x0000008a14400000) (1024K)]
Total: 20

Other Threads:
=>0x0000020ce2441130 VMThread "VM Thread"                           [id=7360, stack(0x0000008a12900000,0x0000008a12a00000) (1024K)]
  0x0000020ce242c150 WatcherThread "VM Periodic Task Thread"        [id=8480, stack(0x0000008a12800000,0x0000008a12900000) (1024K)]
  0x0000020cd623b9a0 WorkerThread "GC Thread#0"                     [id=4296, stack(0x0000008a12300000,0x0000008a12400000) (1024K)]
  0x0000020ce7748540 WorkerThread "GC Thread#1"                     [id=9996, stack(0x0000008a13400000,0x0000008a13500000) (1024K)]
  0x0000020ce7779390 WorkerThread "GC Thread#2"                     [id=14112, stack(0x0000008a13500000,0x0000008a13600000) (1024K)]
  0x0000020ce7779730 WorkerThread "GC Thread#3"                     [id=20164, stack(0x0000008a13600000,0x0000008a13700000) (1024K)]
  0x0000020ce79bd330 WorkerThread "GC Thread#4"                     [id=14472, stack(0x0000008a13900000,0x0000008a13a00000) (1024K)]
  0x0000020ce79bd6d0 WorkerThread "GC Thread#5"                     [id=19420, stack(0x0000008a13a00000,0x0000008a13b00000) (1024K)]
  0x0000020ce79c1a80 WorkerThread "GC Thread#6"                     [id=6984, stack(0x0000008a13b00000,0x0000008a13c00000) (1024K)]
  0x0000020ce7f28ad0 WorkerThread "GC Thread#7"                     [id=1736, stack(0x0000008a13d00000,0x0000008a13e00000) (1024K)]
  0x0000020cd6244890 ConcurrentGCThread "G1 Main Marker"            [id=3304, stack(0x0000008a12400000,0x0000008a12500000) (1024K)]
  0x0000020cd62452a0 WorkerThread "G1 Conc#0"                       [id=12436, stack(0x0000008a12500000,0x0000008a12600000) (1024K)]
  0x0000020ce7f50b90 WorkerThread "G1 Conc#1"                       [id=6556, stack(0x0000008a13c00000,0x0000008a13d00000) (1024K)]
  0x0000020cd62ae9b0 ConcurrentGCThread "G1 Refine#0"               [id=12580, stack(0x0000008a12600000,0x0000008a12700000) (1024K)]
  0x0000020ce2300690 ConcurrentGCThread "G1 Service"                [id=19600, stack(0x0000008a12700000,0x0000008a12800000) (1024K)]
Total: 15

Threads with active compile tasks:
Total: 0

VM state: at safepoint (normal execution)

VM Mutex/Monitor currently owned by a thread:  ([mutex/lock_event])
[0x00007fffb19cd380] Threads_lock - owner thread: 0x0000020ce2441130
[0x00007fffb19cd480] Heap_lock - owner thread: 0x0000020ce86cc1d0

Heap address: 0x00000000c0000000, size: 1024 MB, Compressed Oops mode: 32-bit

CDS archive(s) mapped at: [0x0000020c80000000-0x0000020c80ba0000-0x0000020c80ba0000), size 12189696, SharedBaseAddress: 0x0000020c80000000, ArchiveRelocationMode: 1.
Compressed class space mapped at: 0x0000020c81000000-0x0000020cc1000000, reserved size: 1073741824
Narrow klass base: 0x0000020c80000000, Narrow klass shift: 0, Narrow klass range: 0x100000000

GC Precious Log:
 CardTable entry size: 512
 Card Set container configuration: InlinePtr #cards 5 size 8 Array Of Cards #cards 12 size 40 Howl #buckets 4 coarsen threshold 1843 Howl Bitmap #cards 512 size 80 coarsen threshold 460 Card regions per heap region 1 cards per card region 2048
 CPUs: 8 total, 8 available
 Memory: 7883M
 Large Page Support: Disabled
 NUMA Support: Disabled
 Compressed Oops: Enabled (32-bit)
 Heap Region Size: 1M
 Heap Min Capacity: 8M
 Heap Initial Capacity: 124M
 Heap Max Capacity: 1G
 Pre-touch: Disabled
 Parallel Workers: 8
 Concurrent Workers: 2
 Concurrent Refinement Workers: 8
 Periodic GC: Disabled

Heap:
 garbage-first heap   total 99328K, used 31279K [0x00000000c0000000, 0x0000000100000000)
  region size 1024K, 1 young (1024K), 0 survivors (0K)
 Metaspace       used 53700K, committed 54336K, reserved 1114112K
  class space    used 6546K, committed 6848K, reserved 1048576K

Heap Regions: E=young(eden), S=young(survivor), O=old, HS=humongous(starts), HC=humongous(continues), CS=collection set, F=free, TAMS=top-at-mark-start, PB=parsable bottom
|   0|0x00000000c0000000, 0x00000000c0100000, 0x00000000c0100000|100%|HS|  |TAMS 0x00000000c0000000| PB 0x00000000c0000000| Untracked 
|   1|0x00000000c0100000, 0x00000000c0200000, 0x00000000c0200000|100%|HC|  |TAMS 0x00000000c0100000| PB 0x00000000c0100000| Untracked 
|   2|0x00000000c0200000, 0x00000000c0300000, 0x00000000c0300000|100%|HC|  |TAMS 0x00000000c0200000| PB 0x00000000c0200000| Untracked 
|   3|0x00000000c0300000, 0x00000000c0400000, 0x00000000c0400000|100%|HC|  |TAMS 0x00000000c0300000| PB 0x00000000c0300000| Untracked 
|   4|0x00000000c0400000, 0x00000000c0500000, 0x00000000c0500000|100%|HS|  |TAMS 0x00000000c0400000| PB 0x00000000c0400000| Untracked 
|   5|0x00000000c0500000, 0x00000000c0600000, 0x00000000c0600000|100%|HC|  |TAMS 0x00000000c0500000| PB 0x00000000c0500000| Untracked 
|   6|0x00000000c0600000, 0x00000000c0700000, 0x00000000c0700000|100%| O|  |TAMS 0x00000000c0600000| PB 0x00000000c0600000| Untracked 
|   7|0x00000000c0700000, 0x00000000c07fe9d0, 0x00000000c0800000| 99%| O|  |TAMS 0x00000000c0700000| PB 0x00000000c0700000| Untracked 
|   8|0x00000000c0800000, 0x00000000c08fffe0, 0x00000000c0900000| 99%| O|  |TAMS 0x00000000c0800000| PB 0x00000000c0800000| Untracked 
|   9|0x00000000c0900000, 0x00000000c0a00000, 0x00000000c0a00000|100%| O|  |TAMS 0x00000000c0900000| PB 0x00000000c0900000| Untracked 
|  10|0x00000000c0a00000, 0x00000000c0afffd0, 0x00000000c0b00000| 99%| O|  |TAMS 0x00000000c0a00000| PB 0x00000000c0a00000| Untracked 
|  11|0x00000000c0b00000, 0x00000000c0c00000, 0x00000000c0c00000|100%| O|  |TAMS 0x00000000c0b00000| PB 0x00000000c0b00000| Untracked 
|  12|0x00000000c0c00000, 0x00000000c0cfffd8, 0x00000000c0d00000| 99%| O|  |TAMS 0x00000000c0c00000| PB 0x00000000c0c00000| Untracked 
|  13|0x00000000c0d00000, 0x00000000c0e00000, 0x00000000c0e00000|100%| O|  |TAMS 0x00000000c0d00000| PB 0x00000000c0d00000| Untracked 
|  14|0x00000000c0e00000, 0x00000000c0efffe8, 0x00000000c0f00000| 99%| O|  |TAMS 0x00000000c0e00000| PB 0x00000000c0e00000| Untracked 
|  15|0x00000000c0f00000, 0x00000000c0ffffb0, 0x00000000c1000000| 99%| O|  |TAMS 0x00000000c0f00000| PB 0x00000000c0f00000| Untracked 
|  16|0x00000000c1000000, 0x00000000c10fffd8, 0x00000000c1100000| 99%| O|  |TAMS 0x00000000c1000000| PB 0x00000000c1000000| Untracked 
|  17|0x00000000c1100000, 0x00000000c1200000, 0x00000000c1200000|100%| O|  |TAMS 0x00000000c1100000| PB 0x00000000c1100000| Untracked 
|  18|0x00000000c1200000, 0x00000000c12ffff0, 0x00000000c1300000| 99%| O|  |TAMS 0x00000000c1200000| PB 0x00000000c1200000| Untracked 
|  19|0x00000000c1300000, 0x00000000c13f3cf8, 0x00000000c1400000| 95%| O|  |TAMS 0x00000000c1300000| PB 0x00000000c1300000| Untracked 
|  20|0x00000000c1400000, 0x00000000c14ffee0, 0x00000000c1500000| 99%| O|  |TAMS 0x00000000c1400000| PB 0x00000000c1400000| Untracked 
|  21|0x00000000c1500000, 0x00000000c15fffe0, 0x00000000c1600000| 99%| O|  |TAMS 0x00000000c1500000| PB 0x00000000c1500000| Untracked 
|  22|0x00000000c1600000, 0x00000000c16fffb0, 0x00000000c1700000| 99%| O|  |TAMS 0x00000000c1600000| PB 0x00000000c1600000| Untracked 
|  23|0x00000000c1700000, 0x00000000c17fd488, 0x00000000c1800000| 98%| O|  |TAMS 0x00000000c1700000| PB 0x00000000c1700000| Untracked 
|  24|0x00000000c1800000, 0x00000000c18ffab0, 0x00000000c1900000| 99%| O|  |TAMS 0x00000000c1800000| PB 0x00000000c1800000| Untracked 
|  25|0x00000000c1900000, 0x00000000c19fffe0, 0x00000000c1a00000| 99%| O|  |TAMS 0x00000000c1900000| PB 0x00000000c1900000| Untracked 
|  26|0x00000000c1a00000, 0x00000000c1affff0, 0x00000000c1b00000| 99%| O|  |TAMS 0x00000000c1a00000| PB 0x00000000c1a00000| Untracked 
|  27|0x00000000c1b00000, 0x00000000c1b9f0d8, 0x00000000c1c00000| 62%| O|  |TAMS 0x00000000c1b00000| PB 0x00000000c1b00000| Untracked 
|  28|0x00000000c1c00000, 0x00000000c1cffff0, 0x00000000c1d00000| 99%| O|  |TAMS 0x00000000c1c00000| PB 0x00000000c1c00000| Untracked 
|  29|0x00000000c1d00000, 0x00000000c1dfffe8, 0x00000000c1e00000| 99%| O|  |TAMS 0x00000000c1d00000| PB 0x00000000c1d00000| Untracked 
|  30|0x00000000c1e00000, 0x00000000c1efd500, 0x00000000c1f00000| 98%| O|  |TAMS 0x00000000c1e00000| PB 0x00000000c1e00000| Untracked 
|  31|0x00000000c1f00000, 0x00000000c1f003c8, 0x00000000c2000000|  0%| O|  |TAMS 0x00000000c1f00000| PB 0x00000000c1f00000| Untracked 
|  32|0x00000000c2000000, 0x00000000c2000000, 0x00000000c2100000|  0%| F|  |TAMS 0x00000000c2000000| PB 0x00000000c2000000| Untracked 
|  33|0x00000000c2100000, 0x00000000c2100000, 0x00000000c2200000|  0%| F|  |TAMS 0x00000000c2100000| PB 0x00000000c2100000| Untracked 
|  34|0x00000000c2200000, 0x00000000c2200000, 0x00000000c2300000|  0%| F|  |TAMS 0x00000000c2200000| PB 0x00000000c2200000| Untracked 
|  35|0x00000000c2300000, 0x00000000c2300000, 0x00000000c2400000|  0%| F|  |TAMS 0x00000000c2300000| PB 0x00000000c2300000| Untracked 
|  36|0x00000000c2400000, 0x00000000c2400000, 0x00000000c2500000|  0%| F|  |TAMS 0x00000000c2400000| PB 0x00000000c2400000| Untracked 
|  37|0x00000000c2500000, 0x00000000c2500000, 0x00000000c2600000|  0%| F|  |TAMS 0x00000000c2500000| PB 0x00000000c2500000| Untracked 
|  38|0x00000000c2600000, 0x00000000c2600000, 0x00000000c2700000|  0%| F|  |TAMS 0x00000000c2600000| PB 0x00000000c2600000| Untracked 
|  39|0x00000000c2700000, 0x00000000c2700000, 0x00000000c2800000|  0%| F|  |TAMS 0x00000000c2700000| PB 0x00000000c2700000| Untracked 
|  40|0x00000000c2800000, 0x00000000c2800000, 0x00000000c2900000|  0%| F|  |TAMS 0x00000000c2800000| PB 0x00000000c2800000| Untracked 
|  41|0x00000000c2900000, 0x00000000c2900000, 0x00000000c2a00000|  0%| F|  |TAMS 0x00000000c2900000| PB 0x00000000c2900000| Untracked 
|  42|0x00000000c2a00000, 0x00000000c2a00000, 0x00000000c2b00000|  0%| F|  |TAMS 0x00000000c2a00000| PB 0x00000000c2a00000| Untracked 
|  43|0x00000000c2b00000, 0x00000000c2b00000, 0x00000000c2c00000|  0%| F|  |TAMS 0x00000000c2b00000| PB 0x00000000c2b00000| Untracked 
|  44|0x00000000c2c00000, 0x00000000c2c00000, 0x00000000c2d00000|  0%| F|  |TAMS 0x00000000c2c00000| PB 0x00000000c2c00000| Untracked 
|  45|0x00000000c2d00000, 0x00000000c2d00000, 0x00000000c2e00000|  0%| F|  |TAMS 0x00000000c2d00000| PB 0x00000000c2d00000| Untracked 
|  46|0x00000000c2e00000, 0x00000000c2e00000, 0x00000000c2f00000|  0%| F|  |TAMS 0x00000000c2e00000| PB 0x00000000c2e00000| Untracked 
|  47|0x00000000c2f00000, 0x00000000c2f00000, 0x00000000c3000000|  0%| F|  |TAMS 0x00000000c2f00000| PB 0x00000000c2f00000| Untracked 
|  48|0x00000000c3000000, 0x00000000c3000000, 0x00000000c3100000|  0%| F|  |TAMS 0x00000000c3000000| PB 0x00000000c3000000| Untracked 
|  49|0x00000000c3100000, 0x00000000c3100000, 0x00000000c3200000|  0%| F|  |TAMS 0x00000000c3100000| PB 0x00000000c3100000| Untracked 
|  50|0x00000000c3200000, 0x00000000c3200000, 0x00000000c3300000|  0%| F|  |TAMS 0x00000000c3200000| PB 0x00000000c3200000| Untracked 
|  51|0x00000000c3300000, 0x00000000c3300000, 0x00000000c3400000|  0%| F|  |TAMS 0x00000000c3300000| PB 0x00000000c3300000| Untracked 
|  52|0x00000000c3400000, 0x00000000c3400000, 0x00000000c3500000|  0%| F|  |TAMS 0x00000000c3400000| PB 0x00000000c3400000| Untracked 
|  53|0x00000000c3500000, 0x00000000c3500000, 0x00000000c3600000|  0%| F|  |TAMS 0x00000000c3500000| PB 0x00000000c3500000| Untracked 
|  54|0x00000000c3600000, 0x00000000c3600000, 0x00000000c3700000|  0%| F|  |TAMS 0x00000000c3600000| PB 0x00000000c3600000| Untracked 
|  55|0x00000000c3700000, 0x00000000c3700000, 0x00000000c3800000|  0%| F|  |TAMS 0x00000000c3700000| PB 0x00000000c3700000| Untracked 
|  56|0x00000000c3800000, 0x00000000c3800000, 0x00000000c3900000|  0%| F|  |TAMS 0x00000000c3800000| PB 0x00000000c3800000| Untracked 
|  57|0x00000000c3900000, 0x00000000c3900000, 0x00000000c3a00000|  0%| F|  |TAMS 0x00000000c3900000| PB 0x00000000c3900000| Untracked 
|  58|0x00000000c3a00000, 0x00000000c3a00000, 0x00000000c3b00000|  0%| F|  |TAMS 0x00000000c3a00000| PB 0x00000000c3a00000| Untracked 
|  59|0x00000000c3b00000, 0x00000000c3b00000, 0x00000000c3c00000|  0%| F|  |TAMS 0x00000000c3b00000| PB 0x00000000c3b00000| Untracked 
|  60|0x00000000c3c00000, 0x00000000c3c00000, 0x00000000c3d00000|  0%| F|  |TAMS 0x00000000c3c00000| PB 0x00000000c3c00000| Untracked 
|  61|0x00000000c3d00000, 0x00000000c3d00000, 0x00000000c3e00000|  0%| F|  |TAMS 0x00000000c3d00000| PB 0x00000000c3d00000| Untracked 
|  62|0x00000000c3e00000, 0x00000000c3e00000, 0x00000000c3f00000|  0%| F|  |TAMS 0x00000000c3e00000| PB 0x00000000c3e00000| Untracked 
|  63|0x00000000c3f00000, 0x00000000c3f00000, 0x00000000c4000000|  0%| F|  |TAMS 0x00000000c3f00000| PB 0x00000000c3f00000| Untracked 
|  64|0x00000000c4000000, 0x00000000c4000000, 0x00000000c4100000|  0%| F|  |TAMS 0x00000000c4000000| PB 0x00000000c4000000| Untracked 
|  65|0x00000000c4100000, 0x00000000c4100000, 0x00000000c4200000|  0%| F|  |TAMS 0x00000000c4100000| PB 0x00000000c4100000| Untracked 
|  66|0x00000000c4200000, 0x00000000c4200000, 0x00000000c4300000|  0%| F|  |TAMS 0x00000000c4200000| PB 0x00000000c4200000| Untracked 
|  67|0x00000000c4300000, 0x00000000c4300000, 0x00000000c4400000|  0%| F|  |TAMS 0x00000000c4300000| PB 0x00000000c4300000| Untracked 
|  68|0x00000000c4400000, 0x00000000c4400000, 0x00000000c4500000|  0%| F|  |TAMS 0x00000000c4400000| PB 0x00000000c4400000| Untracked 
|  69|0x00000000c4500000, 0x00000000c4500000, 0x00000000c4600000|  0%| F|  |TAMS 0x00000000c4500000| PB 0x00000000c4500000| Untracked 
|  70|0x00000000c4600000, 0x00000000c4600000, 0x00000000c4700000|  0%| F|  |TAMS 0x00000000c4600000| PB 0x00000000c4600000| Untracked 
|  71|0x00000000c4700000, 0x00000000c4700000, 0x00000000c4800000|  0%| F|  |TAMS 0x00000000c4700000| PB 0x00000000c4700000| Untracked 
|  72|0x00000000c4800000, 0x00000000c4800000, 0x00000000c4900000|  0%| F|  |TAMS 0x00000000c4800000| PB 0x00000000c4800000| Untracked 
|  73|0x00000000c4900000, 0x00000000c4900000, 0x00000000c4a00000|  0%| F|  |TAMS 0x00000000c4900000| PB 0x00000000c4900000| Untracked 
|  74|0x00000000c4a00000, 0x00000000c4a00000, 0x00000000c4b00000|  0%| F|  |TAMS 0x00000000c4a00000| PB 0x00000000c4a00000| Untracked 
|  75|0x00000000c4b00000, 0x00000000c4b00000, 0x00000000c4c00000|  0%| F|  |TAMS 0x00000000c4b00000| PB 0x00000000c4b00000| Untracked 
|  76|0x00000000c4c00000, 0x00000000c4c00000, 0x00000000c4d00000|  0%| F|  |TAMS 0x00000000c4c00000| PB 0x00000000c4c00000| Untracked 
|  77|0x00000000c4d00000, 0x00000000c4d00000, 0x00000000c4e00000|  0%| F|  |TAMS 0x00000000c4d00000| PB 0x00000000c4d00000| Untracked 
|  78|0x00000000c4e00000, 0x00000000c4e00000, 0x00000000c4f00000|  0%| F|  |TAMS 0x00000000c4e00000| PB 0x00000000c4e00000| Untracked 
|  79|0x00000000c4f00000, 0x00000000c4f00000, 0x00000000c5000000|  0%| F|  |TAMS 0x00000000c4f00000| PB 0x00000000c4f00000| Untracked 
|  80|0x00000000c5000000, 0x00000000c5000000, 0x00000000c5100000|  0%| F|  |TAMS 0x00000000c5000000| PB 0x00000000c5000000| Untracked 
|  81|0x00000000c5100000, 0x00000000c5100000, 0x00000000c5200000|  0%| F|  |TAMS 0x00000000c5100000| PB 0x00000000c5100000| Untracked 
|  82|0x00000000c5200000, 0x00000000c5200000, 0x00000000c5300000|  0%| F|  |TAMS 0x00000000c5200000| PB 0x00000000c5200000| Untracked 
|  83|0x00000000c5300000, 0x00000000c5300000, 0x00000000c5400000|  0%| F|  |TAMS 0x00000000c5300000| PB 0x00000000c5300000| Untracked 
|  86|0x00000000c5600000, 0x00000000c5600000, 0x00000000c5700000|  0%| F|  |TAMS 0x00000000c5600000| PB 0x00000000c5600000| Untracked 
|  87|0x00000000c5700000, 0x00000000c5700000, 0x00000000c5800000|  0%| F|  |TAMS 0x00000000c5700000| PB 0x00000000c5700000| Untracked 
|  88|0x00000000c5800000, 0x00000000c5800000, 0x00000000c5900000|  0%| F|  |TAMS 0x00000000c5800000| PB 0x00000000c5800000| Untracked 
|  89|0x00000000c5900000, 0x00000000c5900000, 0x00000000c5a00000|  0%| F|  |TAMS 0x00000000c5900000| PB 0x00000000c5900000| Untracked 
|  90|0x00000000c5a00000, 0x00000000c5a00000, 0x00000000c5b00000|  0%| F|  |TAMS 0x00000000c5a00000| PB 0x00000000c5a00000| Untracked 
|  91|0x00000000c5b00000, 0x00000000c5b00000, 0x00000000c5c00000|  0%| F|  |TAMS 0x00000000c5b00000| PB 0x00000000c5b00000| Untracked 
|  92|0x00000000c5c00000, 0x00000000c5c00000, 0x00000000c5d00000|  0%| F|  |TAMS 0x00000000c5c00000| PB 0x00000000c5c00000| Untracked 
| 123|0x00000000c7b00000, 0x00000000c7b00000, 0x00000000c7c00000|  0%| F|  |TAMS 0x00000000c7b00000| PB 0x00000000c7b00000| Untracked 
|1019|0x00000000ffb00000, 0x00000000ffb00000, 0x00000000ffc00000|  0%| F|  |TAMS 0x00000000ffb00000| PB 0x00000000ffb00000| Untracked 
|1020|0x00000000ffc00000, 0x00000000ffc00000, 0x00000000ffd00000|  0%| F|  |TAMS 0x00000000ffc00000| PB 0x00000000ffc00000| Untracked 
|1021|0x00000000ffd00000, 0x00000000ffd00000, 0x00000000ffe00000|  0%| F|  |TAMS 0x00000000ffd00000| PB 0x00000000ffd00000| Untracked 
|1022|0x00000000ffe00000, 0x00000000ffe00000, 0x00000000fff00000|  0%| F|  |TAMS 0x00000000ffe00000| PB 0x00000000ffe00000| Untracked 
|1023|0x00000000fff00000, 0x00000000fff20aa8, 0x0000000100000000| 12%| E|  |TAMS 0x00000000fff00000| PB 0x00000000fff00000| Complete 

Card table byte_map: [0x0000020cde800000,0x0000020cdea00000] _byte_map_base: 0x0000020cde200000

Marking Bits: (CMBitMap*) 0x0000020cd623bfb0
 Bits: [0x0000020cdea00000, 0x0000020cdfa00000)

Polling page: 0x0000020cdacf0000

Metaspace:

Usage:
  Non-class:     46.05 MB used.
      Class:      6.39 MB used.
       Both:     52.44 MB used.

Virtual space:
  Non-class space:       64.00 MB reserved,      46.38 MB ( 72%) committed,  1 nodes.
      Class space:        1.00 GB reserved,       6.69 MB ( <1%) committed,  1 nodes.
             Both:        1.06 GB reserved,      53.06 MB (  5%) committed. 

Chunk freelists:
   Non-Class:  857.00 KB
       Class:  9.28 MB
        Both:  10.11 MB

MaxMetaspaceSize: unlimited
CompressedClassSpaceSize: 1.00 GB
Initial GC threshold: 21.00 MB
Current GC threshold: 88.25 MB
CDS: on
 - commit_granule_bytes: 65536.
 - commit_granule_words: 8192.
 - virtual_space_node_default_size: 8388608.
 - enlarge_chunks_in_place: 1.
 - use_allocation_guard: 0.


Internal statistics:

num_allocs_failed_limit: 9.
num_arena_births: 1052.
num_arena_deaths: 420.
num_vsnodes_births: 2.
num_vsnodes_deaths: 0.
num_space_committed: 848.
num_space_uncommitted: 0.
num_chunks_returned_to_freelist: 494.
num_chunks_taken_from_freelist: 3107.
num_chunk_merges: 117.
num_chunk_splits: 2009.
num_chunks_enlarged: 1492.
num_inconsistent_stats: 0.

CodeCache: size=49152Kb used=3888Kb max_used=12958Kb free=45263Kb
 bounds [0x0000020cdad10000, 0x0000020cdba50000, 0x0000020cddd10000]
 total_blobs=2046 nmethods=1340 adapters=629
 compilation: enabled
              stopped_count=0, restarted_count=0
 full_count=0

Compilation events (20 events):
Event: 7580.597 Thread 0x0000020ce246f040 nmethod 7756 0x0000020cdaf44f90 code [0x0000020cdaf451c0, 0x0000020cdaf45ba0]
Event: 7580.601 Thread 0x0000020ce2473960 nmethod 7757 0x0000020cdb061110 code [0x0000020cdb061340, 0x0000020cdb0617b0]
Event: 7677.017 Thread 0x0000020ce246f040 7758       1       java.util.HashMap::containsKey (14 bytes)
Event: 7677.018 Thread 0x0000020ce246f040 nmethod 7758 0x0000020cdaee8810 code [0x0000020cdaee89c0, 0x0000020cdaee8ab0]
Event: 7677.019 Thread 0x0000020ce246f040 7759       1       java.util.stream.SpinedBuffer::copyInto (129 bytes)
Event: 7677.020 Thread 0x0000020ce246f040 nmethod 7759 0x0000020cdaf1f690 code [0x0000020cdaf1f8a0, 0x0000020cdaf20010]
Event: 7677.020 Thread 0x0000020ce246f040 7760       1       java.util.stream.SpinedBuffer::asArray (46 bytes)
Event: 7677.021 Thread 0x0000020ce246f040 nmethod 7760 0x0000020cdae38390 code [0x0000020cdae38560, 0x0000020cdae387e0]
Event: 7677.047 Thread 0x0000020ce246f040 7761       1       java.util.Arrays::stream (8 bytes)
Event: 7677.049 Thread 0x0000020ce246f040 nmethod 7761 0x0000020cdaf1d310 code [0x0000020cdaf1d500, 0x0000020cdaf1d820]
Event: 7677.049 Thread 0x0000020ce246f040 7762       1       java.util.Arrays::stream (11 bytes)
Event: 7677.049 Thread 0x0000020ce246f040 nmethod 7762 0x0000020cdafc1690 code [0x0000020cdafc1880, 0x0000020cdafc1bb0]
Event: 7677.049 Thread 0x0000020ce246f040 7763       1       java.util.Arrays::spliterator (10 bytes)
Event: 7677.049 Thread 0x0000020ce246f040 nmethod 7763 0x0000020cdafbf610 code [0x0000020cdafbf7e0, 0x0000020cdafbfa30]
Event: 7677.049 Thread 0x0000020ce246f040 7764       1       java.util.Spliterators::spliterator (25 bytes)
Event: 7677.050 Thread 0x0000020ce246f040 nmethod 7764 0x0000020cdafce790 code [0x0000020cdafce960, 0x0000020cdafceb98]
Event: 7677.050 Thread 0x0000020ce246f040 7765       1       java.util.stream.Nodes$SpinedNodeBuilder::asArray (29 bytes)
Event: 7677.050 Thread 0x0000020ce246f040 nmethod 7765 0x0000020cdaeeb290 code [0x0000020cdaeeb440, 0x0000020cdaeeb528]
Event: 7677.050 Thread 0x0000020ce246f040 7766       1       java.util.stream.Nodes$SpinedNodeBuilder::copyInto (30 bytes)
Event: 7677.050 Thread 0x0000020ce246f040 nmethod 7766 0x0000020cdaf09310 code [0x0000020cdaf094c0, 0x0000020cdaf095a8]

GC Heap History (20 events):
Event: 7665.600 GC heap after
{Heap after GC invocations=559 (full 548):
 garbage-first heap   total 99328K, used 31279K [0x00000000c0000000, 0x0000000100000000)
  region size 1024K, 0 young (0K), 0 survivors (0K)
 Metaspace       used 53700K, committed 54336K, reserved 1114112K
  class space    used 6546K, committed 6848K, reserved 1048576K
}
Event: 7675.824 GC heap before
{Heap before GC invocations=559 (full 548):
 garbage-first heap   total 99328K, used 31279K [0x00000000c0000000, 0x0000000100000000)
  region size 1024K, 1 young (1024K), 0 survivors (0K)
 Metaspace       used 53700K, committed 54336K, reserved 1114112K
  class space    used 6546K, committed 6848K, reserved 1048576K
}
Event: 7675.858 GC heap after
{Heap after GC invocations=560 (full 549):
 garbage-first heap   total 99328K, used 31279K [0x00000000c0000000, 0x0000000100000000)
  region size 1024K, 0 young (0K), 0 survivors (0K)
 Metaspace       used 53700K, committed 54336K, reserved 1114112K
  class space    used 6546K, committed 6848K, reserved 1048576K
}
Event: 7716.371 GC heap before
{Heap before GC invocations=560 (full 549):
 garbage-first heap   total 99328K, used 31279K [0x00000000c0000000, 0x0000000100000000)
  region size 1024K, 1 young (1024K), 0 survivors (0K)
 Metaspace       used 53700K, committed 54336K, reserved 1114112K
  class space    used 6546K, committed 6848K, reserved 1048576K
}
Event: 7716.407 GC heap after
{Heap after GC invocations=561 (full 550):
 garbage-first heap   total 99328K, used 31279K [0x00000000c0000000, 0x0000000100000000)
  region size 1024K, 0 young (0K), 0 survivors (0K)
 Metaspace       used 53700K, committed 54336K, reserved 1114112K
  class space    used 6546K, committed 6848K, reserved 1048576K
}
Event: 7726.692 GC heap before
{Heap before GC invocations=561 (full 550):
 garbage-first heap   total 99328K, used 31279K [0x00000000c0000000, 0x0000000100000000)
  region size 1024K, 1 young (1024K), 0 survivors (0K)
 Metaspace       used 53700K, committed 54336K, reserved 1114112K
  class space    used 6546K, committed 6848K, reserved 1048576K
}
Event: 7726.729 GC heap after
{Heap after GC invocations=562 (full 551):
 garbage-first heap   total 99328K, used 31279K [0x00000000c0000000, 0x0000000100000000)
  region size 1024K, 0 young (0K), 0 survivors (0K)
 Metaspace       used 53700K, committed 54336K, reserved 1114112K
  class space    used 6546K, committed 6848K, reserved 1048576K
}
Event: 7737.017 GC heap before
{Heap before GC invocations=562 (full 551):
 garbage-first heap   total 99328K, used 31279K [0x00000000c0000000, 0x0000000100000000)
  region size 1024K, 1 young (1024K), 0 survivors (0K)
 Metaspace       used 53700K, committed 54336K, reserved 1114112K
  class space    used 6546K, committed 6848K, reserved 1048576K
}
Event: 7737.100 GC heap after
{Heap after GC invocations=563 (full 552):
 garbage-first heap   total 99328K, used 31279K [0x00000000c0000000, 0x0000000100000000)
  region size 1024K, 0 young (0K), 0 survivors (0K)
 Metaspace       used 53700K, committed 54336K, reserved 1114112K
  class space    used 6546K, committed 6848K, reserved 1048576K
}
Event: 7747.410 GC heap before
{Heap before GC invocations=563 (full 552):
 garbage-first heap   total 99328K, used 31279K [0x00000000c0000000, 0x0000000100000000)
  region size 1024K, 1 young (1024K), 0 survivors (0K)
 Metaspace       used 53700K, committed 54336K, reserved 1114112K
  class space    used 6546K, committed 6848K, reserved 1048576K
}
Event: 7747.479 GC heap after
{Heap after GC invocations=564 (full 553):
 garbage-first heap   total 99328K, used 31279K [0x00000000c0000000, 0x0000000100000000)
  region size 1024K, 0 young (0K), 0 survivors (0K)
 Metaspace       used 53700K, committed 54336K, reserved 1114112K
  class space    used 6546K, committed 6848K, reserved 1048576K
}
Event: 7757.799 GC heap before
{Heap before GC invocations=564 (full 553):
 garbage-first heap   total 99328K, used 31279K [0x00000000c0000000, 0x0000000100000000)
  region size 1024K, 1 young (1024K), 0 survivors (0K)
 Metaspace       used 53700K, committed 54336K, reserved 1114112K
  class space    used 6546K, committed 6848K, reserved 1048576K
}
Event: 7757.876 GC heap after
{Heap after GC invocations=565 (full 554):
 garbage-first heap   total 99328K, used 31279K [0x00000000c0000000, 0x0000000100000000)
  region size 1024K, 0 young (0K), 0 survivors (0K)
 Metaspace       used 53700K, committed 54336K, reserved 1114112K
  class space    used 6546K, committed 6848K, reserved 1048576K
}
Event: 7768.185 GC heap before
{Heap before GC invocations=565 (full 554):
 garbage-first heap   total 99328K, used 31279K [0x00000000c0000000, 0x0000000100000000)
  region size 1024K, 1 young (1024K), 0 survivors (0K)
 Metaspace       used 53700K, committed 54336K, reserved 1114112K
  class space    used 6546K, committed 6848K, reserved 1048576K
}
Event: 7768.264 GC heap after
{Heap after GC invocations=566 (full 555):
 garbage-first heap   total 99328K, used 31279K [0x00000000c0000000, 0x0000000100000000)
  region size 1024K, 0 young (0K), 0 survivors (0K)
 Metaspace       used 53700K, committed 54336K, reserved 1114112K
  class space    used 6546K, committed 6848K, reserved 1048576K
}
Event: 7778.528 GC heap before
{Heap before GC invocations=566 (full 555):
 garbage-first heap   total 99328K, used 31279K [0x00000000c0000000, 0x0000000100000000)
  region size 1024K, 1 young (1024K), 0 survivors (0K)
 Metaspace       used 53700K, committed 54336K, reserved 1114112K
  class space    used 6546K, committed 6848K, reserved 1048576K
}
Event: 7778.603 GC heap after
{Heap after GC invocations=567 (full 556):
 garbage-first heap   total 99328K, used 31279K [0x00000000c0000000, 0x0000000100000000)
  region size 1024K, 0 young (0K), 0 survivors (0K)
 Metaspace       used 53700K, committed 54336K, reserved 1114112K
  class space    used 6546K, committed 6848K, reserved 1048576K
}
Event: 9191.834 GC heap before
{Heap before GC invocations=567 (full 556):
 garbage-first heap   total 99328K, used 31279K [0x00000000c0000000, 0x0000000100000000)
  region size 1024K, 1 young (1024K), 0 survivors (0K)
 Metaspace       used 53700K, committed 54336K, reserved 1114112K
  class space    used 6546K, committed 6848K, reserved 1048576K
}
Event: 9191.868 GC heap after
{Heap after GC invocations=568 (full 557):
 garbage-first heap   total 99328K, used 31279K [0x00000000c0000000, 0x0000000100000000)
  region size 1024K, 0 young (0K), 0 survivors (0K)
 Metaspace       used 53700K, committed 54336K, reserved 1114112K
  class space    used 6546K, committed 6848K, reserved 1048576K
}
Event: 9201.970 GC heap before
{Heap before GC invocations=568 (full 557):
 garbage-first heap   total 99328K, used 31279K [0x00000000c0000000, 0x0000000100000000)
  region size 1024K, 1 young (1024K), 0 survivors (0K)
 Metaspace       used 53700K, committed 54336K, reserved 1114112K
  class space    used 6546K, committed 6848K, reserved 1048576K
}

Dll operation events (11 events):
Event: 0.018 Loaded shared library c:\Users\Yvon\.vscode\extensions\redhat.java-1.39.0-win32-x64\jre\21.0.5-win32-x86_64\bin\java.dll
Event: 0.196 Loaded shared library c:\Users\Yvon\.vscode\extensions\redhat.java-1.39.0-win32-x64\jre\21.0.5-win32-x86_64\bin\zip.dll
Event: 0.214 Loaded shared library C:\Users\Yvon\.vscode\extensions\redhat.java-1.39.0-win32-x64\jre\21.0.5-win32-x86_64\bin\net.dll
Event: 0.217 Loaded shared library C:\Users\Yvon\.vscode\extensions\redhat.java-1.39.0-win32-x64\jre\21.0.5-win32-x86_64\bin\nio.dll
Event: 0.222 Loaded shared library C:\Users\Yvon\.vscode\extensions\redhat.java-1.39.0-win32-x64\jre\21.0.5-win32-x86_64\bin\zip.dll
Event: 0.584 Loaded shared library C:\Users\Yvon\.vscode\extensions\redhat.java-1.39.0-win32-x64\jre\21.0.5-win32-x86_64\bin\jimage.dll
Event: 2.509 Loaded shared library c:\Users\Yvon\.vscode\extensions\redhat.java-1.39.0-win32-x64\jre\21.0.5-win32-x86_64\bin\verify.dll
Event: 5.485 Loaded shared library C:\Users\Yvon\.vscode\extensions\redhat.java-1.39.0-win32-x64\jre\21.0.5-win32-x86_64\bin\management.dll
Event: 5.489 Loaded shared library C:\Users\Yvon\.vscode\extensions\redhat.java-1.39.0-win32-x64\jre\21.0.5-win32-x86_64\bin\management_ext.dll
Event: 6.624 Loaded shared library C:\Users\Yvon\.vscode\extensions\redhat.java-1.39.0-win32-x64\jre\21.0.5-win32-x86_64\bin\sunmscapi.dll
Event: 6.885 Loaded shared library C:\Users\Yvon\.vscode\extensions\redhat.java-1.39.0-win32-x64\jre\21.0.5-win32-x86_64\bin\extnet.dll

Deoptimization events (12 events):
Event: 6.697 Thread 0x0000020ce26e68c0 DEOPT PACKING pc=0x0000020cdb27a864 sp=0x0000008a149fa6e0
Event: 6.697 Thread 0x0000020ce26e68c0 DEOPT UNPACKING pc=0x0000020cdad688e2 sp=0x0000008a149f9ba8 mode 0
Event: 6.795 Thread 0x0000020ce26e4160 DEOPT PACKING pc=0x0000020cdb73c89c sp=0x0000008a146fe770
Event: 6.795 Thread 0x0000020ce26e4160 DEOPT UNPACKING pc=0x0000020cdad688e2 sp=0x0000008a146fdca8 mode 0
Event: 7.294 Thread 0x0000020ce26e4160 DEOPT PACKING pc=0x0000020cdb921e8c sp=0x0000008a146fe400
Event: 7.294 Thread 0x0000020ce26e4160 DEOPT UNPACKING pc=0x0000020cdad688e2 sp=0x0000008a146fd950 mode 0
Event: 7.294 Thread 0x0000020ce26e4160 DEOPT PACKING pc=0x0000020cdb921e8c sp=0x0000008a146fe630
Event: 7.294 Thread 0x0000020ce26e4160 DEOPT UNPACKING pc=0x0000020cdad688e2 sp=0x0000008a146fdb80 mode 0
Event: 7.297 Thread 0x0000020ce26e4160 DEOPT PACKING pc=0x0000020cdb921e8c sp=0x0000008a146fea50
Event: 7.297 Thread 0x0000020ce26e4160 DEOPT UNPACKING pc=0x0000020cdad688e2 sp=0x0000008a146fdfa0 mode 0
Event: 205.638 Thread 0x0000020cd5ff11f0 DEOPT PACKING pc=0x0000020cdb427adc sp=0x0000008a141fec10
Event: 205.638 Thread 0x0000020cd5ff11f0 DEOPT UNPACKING pc=0x0000020cdad688e2 sp=0x0000008a141fe0c8 mode 0

Classes loaded (20 events):
Event: 308.328 Loading class sun/nio/ch/SocketOptionRegistry
Event: 308.328 Loading class sun/nio/ch/SocketOptionRegistry done
Event: 308.328 Loading class sun/nio/ch/SocketOptionRegistry$RegistryKey
Event: 308.328 Loading class sun/nio/ch/SocketOptionRegistry$RegistryKey done
Event: 308.328 Loading class sun/nio/ch/SocketOptionRegistry$LazyInitialization
Event: 308.328 Loading class sun/nio/ch/SocketOptionRegistry$LazyInitialization done
Event: 308.328 Loading class sun/nio/ch/OptionKey
Event: 308.328 Loading class sun/nio/ch/OptionKey done
Event: 308.328 Loading class sun/nio/ch/ExtendedSocketOption
Event: 308.328 Loading class sun/nio/ch/ExtendedSocketOption done
Event: 308.328 Loading class sun/nio/ch/ExtendedSocketOption$1
Event: 308.328 Loading class sun/nio/ch/ExtendedSocketOption$1 done
Event: 308.328 Loading class sun/security/ssl/Alert
Event: 308.329 Loading class sun/security/ssl/Alert done
Event: 308.329 Loading class sun/security/ssl/Alert$AlertConsumer
Event: 308.329 Loading class sun/security/ssl/Alert$AlertConsumer done
Event: 308.329 Loading class sun/security/ssl/Alert$Level
Event: 308.329 Loading class sun/security/ssl/Alert$Level done
Event: 308.330 Loading class sun/net/ConnectionResetException
Event: 308.330 Loading class sun/net/ConnectionResetException done

Classes unloaded (20 events):
Event: 86.016 Thread 0x0000020ce2441130 Unloading class 0x0000020c81018400 'java/lang/invoke/LambdaForm$MH+0x0000020c81018400'
Event: 86.016 Thread 0x0000020ce2441130 Unloading class 0x0000020c81017c00 'java/lang/invoke/LambdaForm$MH+0x0000020c81017c00'
Event: 86.016 Thread 0x0000020ce2441130 Unloading class 0x0000020c81017400 'java/lang/invoke/LambdaForm$MH+0x0000020c81017400'
Event: 86.016 Thread 0x0000020ce2441130 Unloading class 0x0000020c81016c00 'java/lang/invoke/LambdaForm$MH+0x0000020c81016c00'
Event: 86.016 Thread 0x0000020ce2441130 Unloading class 0x0000020c81016800 'java/lang/invoke/LambdaForm$MH+0x0000020c81016800'
Event: 86.016 Thread 0x0000020ce2441130 Unloading class 0x0000020c81011c00 'java/lang/invoke/LambdaForm$MH+0x0000020c81011c00'
Event: 277.817 Thread 0x0000020ce2441130 Unloading class 0x0000020c81011c00 'java/lang/invoke/LambdaForm$MH+0x0000020c81011c00'
Event: 277.817 Thread 0x0000020ce2441130 Unloading class 0x0000020c81017c00 'java/lang/invoke/LambdaForm$MH+0x0000020c81017c00'
Event: 277.817 Thread 0x0000020ce2441130 Unloading class 0x0000020c81018400 'java/lang/invoke/LambdaForm$MH+0x0000020c81018400'
Event: 277.817 Thread 0x0000020ce2441130 Unloading class 0x0000020c81019400 'java/lang/invoke/LambdaForm$MH+0x0000020c81019400'
Event: 277.817 Thread 0x0000020ce2441130 Unloading class 0x0000020c810d8c00 'java/lang/invoke/LambdaForm$MH+0x0000020c810d8c00'
Event: 277.817 Thread 0x0000020ce2441130 Unloading class 0x0000020c81134800 'java/lang/invoke/LambdaForm$MH+0x0000020c81134800'
Event: 277.817 Thread 0x0000020ce2441130 Unloading class 0x0000020c81136400 'java/lang/invoke/LambdaForm$MH+0x0000020c81136400'
Event: 277.817 Thread 0x0000020ce2441130 Unloading class 0x0000020c812f5400 'java/lang/invoke/LambdaForm$MH+0x0000020c812f5400'
Event: 277.817 Thread 0x0000020ce2441130 Unloading class 0x0000020c81301000 'java/lang/invoke/LambdaForm$MH+0x0000020c81301000'
Event: 277.817 Thread 0x0000020ce2441130 Unloading class 0x0000020c81468800 'java/lang/invoke/LambdaForm$MH+0x0000020c81468800'
Event: 277.817 Thread 0x0000020ce2441130 Unloading class 0x0000020c8146a000 'java/lang/invoke/LambdaForm$MH+0x0000020c8146a000'
Event: 277.817 Thread 0x0000020ce2441130 Unloading class 0x0000020c814a1800 'java/lang/invoke/LambdaForm$MH+0x0000020c814a1800'
Event: 277.817 Thread 0x0000020ce2441130 Unloading class 0x0000020c8162c800 'java/lang/invoke/LambdaForm$BMH+0x0000020c8162c800'
Event: 277.817 Thread 0x0000020ce2441130 Unloading class 0x0000020c81698800 'java/lang/invoke/LambdaForm$MH+0x0000020c81698800'

Classes redefined (0 events):
No events

Internal exceptions (20 events):
Event: 206.193 Thread 0x0000020cd5ff11f0 Exception <a 'java/lang/IncompatibleClassChangeError'{0x00000000ffdb4de0}: Found class java.lang.Object, but interface was expected> (0x00000000ffdb4de0) 
thrown [s\src\hotspot\share\interpreter\linkResolver.cpp, line 840]
Event: 209.048 Thread 0x0000020ce8820e00 Exception <a 'sun/nio/fs/WindowsException'{0x00000000c7be27b0}> (0x00000000c7be27b0) 
thrown [s\src\hotspot\share\prims\jni.cpp, line 520]
Event: 209.048 Thread 0x0000020ce8820e00 Exception <a 'sun/nio/fs/WindowsException'{0x00000000c7be2e58}> (0x00000000c7be2e58) 
thrown [s\src\hotspot\share\prims\jni.cpp, line 520]
Event: 308.330 Thread 0x0000020ce26e3ad0 Exception <a 'java/io/IOException'{0x00000000fff72408}> (0x00000000fff72408) 
thrown [s\src\hotspot\share\prims\jni.cpp, line 520]
Event: 308.679 Thread 0x0000020cf190db10 Exception <a 'java/io/IOException'{0x00000000fff83800}> (0x00000000fff83800) 
thrown [s\src\hotspot\share\prims\jni.cpp, line 520]
Event: 309.642 Thread 0x0000020cf1911620 Exception <a 'java/io/IOException'{0x00000000fff928b8}> (0x00000000fff928b8) 
thrown [s\src\hotspot\share\prims\jni.cpp, line 520]
Event: 1087.535 Thread 0x0000020ce8820e00 Exception <a 'sun/nio/fs/WindowsException'{0x00000000fff7f068}> (0x00000000fff7f068) 
thrown [s\src\hotspot\share\prims\jni.cpp, line 520]
Event: 1087.536 Thread 0x0000020ce8820e00 Exception <a 'sun/nio/fs/WindowsException'{0x00000000fff7f740}> (0x00000000fff7f740) 
thrown [s\src\hotspot\share\prims\jni.cpp, line 520]
Event: 1087.536 Thread 0x0000020ce8820e00 Exception <a 'sun/nio/fs/WindowsException'{0x00000000fff80248}> (0x00000000fff80248) 
thrown [s\src\hotspot\share\prims\jni.cpp, line 520]
Event: 1087.536 Thread 0x0000020ce8820e00 Exception <a 'sun/nio/fs/WindowsException'{0x00000000fff80918}> (0x00000000fff80918) 
thrown [s\src\hotspot\share\prims\jni.cpp, line 520]
Event: 1087.546 Thread 0x0000020ce8820e00 Exception <a 'sun/nio/fs/WindowsException'{0x00000000fffbf498}> (0x00000000fffbf498) 
thrown [s\src\hotspot\share\prims\jni.cpp, line 520]
Event: 1087.546 Thread 0x0000020ce8820e00 Exception <a 'sun/nio/fs/WindowsException'{0x00000000fffbfb50}> (0x00000000fffbfb50) 
thrown [s\src\hotspot\share\prims\jni.cpp, line 520]
Event: 1093.616 Thread 0x0000020ce8820e00 Exception <a 'sun/nio/fs/WindowsException'{0x00000000fffd0920}> (0x00000000fffd0920) 
thrown [s\src\hotspot\share\prims\jni.cpp, line 520]
Event: 1093.616 Thread 0x0000020ce8820e00 Exception <a 'sun/nio/fs/WindowsException'{0x00000000fffd1020}> (0x00000000fffd1020) 
thrown [s\src\hotspot\share\prims\jni.cpp, line 520]
Event: 2961.348 Thread 0x0000020ce8820e00 Exception <a 'sun/nio/fs/WindowsException'{0x00000000fff24c60}> (0x00000000fff24c60) 
thrown [s\src\hotspot\share\prims\jni.cpp, line 520]
Event: 2961.349 Thread 0x0000020ce8820e00 Exception <a 'sun/nio/fs/WindowsException'{0x00000000fff25300}> (0x00000000fff25300) 
thrown [s\src\hotspot\share\prims\jni.cpp, line 520]
Event: 7002.481 Thread 0x0000020ce8820e00 Exception <a 'sun/nio/fs/WindowsException'{0x00000000fff22280}> (0x00000000fff22280) 
thrown [s\src\hotspot\share\prims\jni.cpp, line 520]
Event: 7002.482 Thread 0x0000020ce8820e00 Exception <a 'sun/nio/fs/WindowsException'{0x00000000fff228e8}> (0x00000000fff228e8) 
thrown [s\src\hotspot\share\prims\jni.cpp, line 520]
Event: 7010.996 Thread 0x0000020ce8820e00 Exception <a 'sun/nio/fs/WindowsException'{0x00000000fff30cd8}> (0x00000000fff30cd8) 
thrown [s\src\hotspot\share\prims\jni.cpp, line 520]
Event: 7010.997 Thread 0x0000020ce8820e00 Exception <a 'sun/nio/fs/WindowsException'{0x00000000fff31368}> (0x00000000fff31368) 
thrown [s\src\hotspot\share\prims\jni.cpp, line 520]

ZGC Phase Switch (0 events):
No events

VM Operations (20 events):
Event: 7675.858 Executing VM operation: G1CollectFull (System.gc()) done
Event: 7677.873 Executing VM operation: Cleanup
Event: 7677.873 Executing VM operation: Cleanup done
Event: 7716.371 Executing VM operation: G1CollectFull (System.gc())
Event: 7716.407 Executing VM operation: G1CollectFull (System.gc()) done
Event: 7726.692 Executing VM operation: G1CollectFull (System.gc())
Event: 7726.729 Executing VM operation: G1CollectFull (System.gc()) done
Event: 7737.017 Executing VM operation: G1CollectFull (System.gc())
Event: 7737.100 Executing VM operation: G1CollectFull (System.gc()) done
Event: 7747.410 Executing VM operation: G1CollectFull (System.gc())
Event: 7747.479 Executing VM operation: G1CollectFull (System.gc()) done
Event: 7757.799 Executing VM operation: G1CollectFull (System.gc())
Event: 7757.876 Executing VM operation: G1CollectFull (System.gc()) done
Event: 7768.185 Executing VM operation: G1CollectFull (System.gc())
Event: 7768.264 Executing VM operation: G1CollectFull (System.gc()) done
Event: 7778.528 Executing VM operation: G1CollectFull (System.gc())
Event: 7778.603 Executing VM operation: G1CollectFull (System.gc()) done
Event: 9191.834 Executing VM operation: G1CollectFull (System.gc())
Event: 9191.868 Executing VM operation: G1CollectFull (System.gc()) done
Event: 9201.970 Executing VM operation: G1CollectFull (System.gc())

Memory protections (0 events):
No events

Nmethod flushes (20 events):
Event: 7624.140 Thread 0x0000020ce2441130 flushing  nmethod 0x0000020cdb7f8810
Event: 7624.140 Thread 0x0000020ce2441130 flushing  nmethod 0x0000020cdb7f9990
Event: 7624.140 Thread 0x0000020ce2441130 flushing  nmethod 0x0000020cdb7fb010
Event: 7624.140 Thread 0x0000020ce2441130 flushing  nmethod 0x0000020cdb80f890
Event: 7624.140 Thread 0x0000020ce2441130 flushing  nmethod 0x0000020cdb865690
Event: 7624.140 Thread 0x0000020ce2441130 flushing  nmethod 0x0000020cdb867d10
Event: 7624.140 Thread 0x0000020ce2441130 flushing  nmethod 0x0000020cdb868010
Event: 7624.140 Thread 0x0000020ce2441130 flushing  nmethod 0x0000020cdb868690
Event: 7624.140 Thread 0x0000020ce2441130 flushing  nmethod 0x0000020cdb869410
Event: 7624.140 Thread 0x0000020ce2441130 flushing  nmethod 0x0000020cdb869910
Event: 7624.140 Thread 0x0000020ce2441130 flushing  nmethod 0x0000020cdb869f10
Event: 7624.140 Thread 0x0000020ce2441130 flushing  nmethod 0x0000020cdb86a510
Event: 7624.140 Thread 0x0000020ce2441130 flushing  nmethod 0x0000020cdb940f10
Event: 7624.140 Thread 0x0000020ce2441130 flushing  nmethod 0x0000020cdb945f10
Event: 7624.140 Thread 0x0000020ce2441130 flushing  nmethod 0x0000020cdb948010
Event: 7624.140 Thread 0x0000020ce2441130 flushing  nmethod 0x0000020cdb948990
Event: 7624.140 Thread 0x0000020ce2441130 flushing  nmethod 0x0000020cdb949310
Event: 7624.140 Thread 0x0000020ce2441130 flushing  nmethod 0x0000020cdb949610
Event: 7726.717 Thread 0x0000020ce2441130 flushing  nmethod 0x0000020cdaf93c10
Event: 7726.717 Thread 0x0000020ce2441130 flushing  nmethod 0x0000020cdb5e2190

Events (20 events):
Event: 5309.647 Thread 0x0000020cd5ff11f0 Thread added: 0x0000020cf1913060
Event: 5674.246 Thread 0x0000020cf1913060 Thread exited: 0x0000020cf1913060
Event: 5796.628 Thread 0x0000020cd5ff11f0 Thread added: 0x0000020cf190e830
Event: 5796.636 Thread 0x0000020cd5ff11f0 Thread added: 0x0000020cf1910270
Event: 5856.644 Thread 0x0000020cf190e830 Thread exited: 0x0000020cf190e830
Event: 5857.446 Thread 0x0000020cf1910270 Thread exited: 0x0000020cf1910270
Event: 5998.799 Thread 0x0000020cd5ff11f0 Thread added: 0x0000020cf1913d80
Event: 6079.050 Thread 0x0000020cf1913d80 Thread exited: 0x0000020cf1913d80
Event: 6372.325 Thread 0x0000020cd5ff11f0 Thread added: 0x0000020cf19129d0
Event: 6433.220 Thread 0x0000020cf19129d0 Thread exited: 0x0000020cf19129d0
Event: 6536.480 Thread 0x0000020cd5ff11f0 Thread added: 0x0000020cf1912340
Event: 6630.086 Thread 0x0000020cf1912340 Thread exited: 0x0000020cf1912340
Event: 6692.822 Thread 0x0000020cd5ff11f0 Thread added: 0x0000020cf190e830
Event: 6754.064 Thread 0x0000020cf190e830 Thread exited: 0x0000020cf190e830
Event: 6831.033 Thread 0x0000020cd5ff11f0 Thread added: 0x0000020cf190d480
Event: 6891.882 Thread 0x0000020cf190d480 Thread exited: 0x0000020cf190d480
Event: 6907.599 Thread 0x0000020cd5ff11f0 Thread added: 0x0000020cf1913060
Event: 6967.925 Thread 0x0000020cf1913060 Thread exited: 0x0000020cf1913060
Event: 7580.130 Thread 0x0000020ce246f040 Thread added: 0x0000020ce2473960
Event: 7585.609 Thread 0x0000020ce2473960 Thread exited: 0x0000020ce2473960


Dynamic libraries:
0x00007ff70c000000 - 0x00007ff70c00e000 	c:\Users\Yvon\.vscode\extensions\redhat.java-1.39.0-win32-x64\jre\21.0.5-win32-x86_64\bin\java.exe
0x00007ff81e5f0000 - 0x00007ff81e807000 	C:\Windows\SYSTEM32\ntdll.dll
0x00007ff81d1c0000 - 0x00007ff81d284000 	C:\Windows\System32\KERNEL32.DLL
0x00007ff81b9d0000 - 0x00007ff81bd8a000 	C:\Windows\System32\KERNELBASE.dll
0x00007ff81bfd0000 - 0x00007ff81c0e1000 	C:\Windows\System32\ucrtbase.dll
0x00007ff814460000 - 0x00007ff814478000 	c:\Users\Yvon\.vscode\extensions\redhat.java-1.39.0-win32-x64\jre\21.0.5-win32-x86_64\bin\jli.dll
0x00007ff81d700000 - 0x00007ff81d8ae000 	C:\Windows\System32\USER32.dll
0x00007ff81bdc0000 - 0x00007ff81bde6000 	C:\Windows\System32\win32u.dll
0x00007ff81e480000 - 0x00007ff81e4a9000 	C:\Windows\System32\GDI32.dll
0x00007ff81bdf0000 - 0x00007ff81bf0b000 	C:\Windows\System32\gdi32full.dll
0x00007ff81b8b0000 - 0x00007ff81b94a000 	C:\Windows\System32\msvcp_win.dll
0x00007ff810000000 - 0x00007ff81001e000 	c:\Users\Yvon\.vscode\extensions\redhat.java-1.39.0-win32-x64\jre\21.0.5-win32-x86_64\bin\VCRUNTIME140.dll
0x00007ff8044e0000 - 0x00007ff804772000 	C:\Windows\WinSxS\amd64_microsoft.windows.common-controls_6595b64144ccf1df_6.0.22621.4541_none_2710d1c57384c085\COMCTL32.dll
0x00007ff81c2f0000 - 0x00007ff81c397000 	C:\Windows\System32\msvcrt.dll
0x00007ff81cea0000 - 0x00007ff81ced1000 	C:\Windows\System32\IMM32.DLL
0x00007ff815d30000 - 0x00007ff815d3c000 	c:\Users\Yvon\.vscode\extensions\redhat.java-1.39.0-win32-x64\jre\21.0.5-win32-x86_64\bin\vcruntime140_1.dll
0x00007fffff570000 - 0x00007fffff5fd000 	c:\Users\Yvon\.vscode\extensions\redhat.java-1.39.0-win32-x64\jre\21.0.5-win32-x86_64\bin\msvcp140.dll
0x00007fffb0d20000 - 0x00007fffb1aaf000 	c:\Users\Yvon\.vscode\extensions\redhat.java-1.39.0-win32-x64\jre\21.0.5-win32-x86_64\bin\server\jvm.dll
0x00007ff81cee0000 - 0x00007ff81cf92000 	C:\Windows\System32\ADVAPI32.dll
0x00007ff81d630000 - 0x00007ff81d6d7000 	C:\Windows\System32\sechost.dll
0x00007ff81bd90000 - 0x00007ff81bdb8000 	C:\Windows\System32\bcrypt.dll
0x00007ff81e340000 - 0x00007ff81e454000 	C:\Windows\System32\RPCRT4.dll
0x00007ff81cca0000 - 0x00007ff81cd11000 	C:\Windows\System32\WS2_32.dll
0x00007ff81a730000 - 0x00007ff81a77d000 	C:\Windows\SYSTEM32\POWRPROF.dll
0x00007ff814480000 - 0x00007ff8144b4000 	C:\Windows\SYSTEM32\WINMM.dll
0x00007ff8146d0000 - 0x00007ff8146da000 	C:\Windows\SYSTEM32\VERSION.dll
0x00007ff81a6f0000 - 0x00007ff81a703000 	C:\Windows\SYSTEM32\UMPDC.dll
0x00007ff81a9c0000 - 0x00007ff81a9d8000 	C:\Windows\SYSTEM32\kernel.appcore.dll
0x00007ff815070000 - 0x00007ff81507a000 	c:\Users\Yvon\.vscode\extensions\redhat.java-1.39.0-win32-x64\jre\21.0.5-win32-x86_64\bin\jimage.dll
0x00007ff819170000 - 0x00007ff8193a2000 	C:\Windows\SYSTEM32\DBGHELP.DLL
0x00007ff81d290000 - 0x00007ff81d621000 	C:\Windows\System32\combase.dll
0x00007ff81d8b0000 - 0x00007ff81d987000 	C:\Windows\System32\OLEAUT32.dll
0x00007ff80cdf0000 - 0x00007ff80ce22000 	C:\Windows\SYSTEM32\dbgcore.DLL
0x00007ff81c260000 - 0x00007ff81c2db000 	C:\Windows\System32\bcryptPrimitives.dll
0x00007ff80f1a0000 - 0x00007ff80f1bf000 	c:\Users\Yvon\.vscode\extensions\redhat.java-1.39.0-win32-x64\jre\21.0.5-win32-x86_64\bin\java.dll
0x00007ff81da40000 - 0x00007ff81e2b9000 	C:\Windows\System32\SHELL32.dll
0x00007ff8197b0000 - 0x00007ff81a0b9000 	C:\Windows\SYSTEM32\windows.storage.dll
0x00007ff819670000 - 0x00007ff8197af000 	C:\Windows\SYSTEM32\wintypes.dll
0x00007ff81c720000 - 0x00007ff81c81a000 	C:\Windows\System32\SHCORE.dll
0x00007ff81d030000 - 0x00007ff81d08e000 	C:\Windows\System32\shlwapi.dll
0x00007ff81b7e0000 - 0x00007ff81b80b000 	C:\Windows\SYSTEM32\profapi.dll
0x00007ff80f090000 - 0x00007ff80f0a8000 	c:\Users\Yvon\.vscode\extensions\redhat.java-1.39.0-win32-x64\jre\21.0.5-win32-x86_64\bin\zip.dll
0x00007ff814570000 - 0x00007ff814580000 	C:\Users\Yvon\.vscode\extensions\redhat.java-1.39.0-win32-x64\jre\21.0.5-win32-x86_64\bin\net.dll
0x00007ff8157f0000 - 0x00007ff815926000 	C:\Windows\SYSTEM32\WINHTTP.dll
0x00007ff81ae60000 - 0x00007ff81aec9000 	C:\Windows\system32\mswsock.dll
0x00007ff80f070000 - 0x00007ff80f086000 	C:\Users\Yvon\.vscode\extensions\redhat.java-1.39.0-win32-x64\jre\21.0.5-win32-x86_64\bin\nio.dll
0x00007ff8108b0000 - 0x00007ff8108c0000 	c:\Users\Yvon\.vscode\extensions\redhat.java-1.39.0-win32-x64\jre\21.0.5-win32-x86_64\bin\verify.dll
0x00007ff81b0b0000 - 0x00007ff81b0cb000 	C:\Windows\SYSTEM32\CRYPTSP.dll
0x00007ff81a910000 - 0x00007ff81a945000 	C:\Windows\system32\rsaenh.dll
0x00007ff81af50000 - 0x00007ff81af78000 	C:\Windows\SYSTEM32\USERENV.dll
0x00007ff81b0d0000 - 0x00007ff81b0dc000 	C:\Windows\SYSTEM32\CRYPTBASE.dll
0x00007ff81a390000 - 0x00007ff81a3bd000 	C:\Windows\SYSTEM32\IPHLPAPI.DLL
0x00007ff81e330000 - 0x00007ff81e339000 	C:\Windows\System32\NSI.dll
0x00007ff8144c0000 - 0x00007ff8144ca000 	C:\Users\Yvon\.vscode\extensions\redhat.java-1.39.0-win32-x64\jre\21.0.5-win32-x86_64\bin\management.dll
0x00007ff814400000 - 0x00007ff81440b000 	C:\Users\Yvon\.vscode\extensions\redhat.java-1.39.0-win32-x64\jre\21.0.5-win32-x86_64\bin\management_ext.dll
0x00007ff81c3a0000 - 0x00007ff81c3a8000 	C:\Windows\System32\PSAPI.DLL
0x00007ff8143a0000 - 0x00007ff8143ae000 	C:\Users\Yvon\.vscode\extensions\redhat.java-1.39.0-win32-x64\jre\21.0.5-win32-x86_64\bin\sunmscapi.dll
0x00007ff81c0f0000 - 0x00007ff81c256000 	C:\Windows\System32\CRYPT32.dll
0x00007ff81b250000 - 0x00007ff81b27d000 	C:\Windows\SYSTEM32\ncrypt.dll
0x00007ff81b210000 - 0x00007ff81b247000 	C:\Windows\SYSTEM32\NTASN1.dll
0x00007ff81a3c0000 - 0x00007ff81a4c2000 	C:\Windows\SYSTEM32\DNSAPI.dll
0x0000000073da0000 - 0x0000000073dc6000 	C:\Program Files\Bonjour\mdnsNSP.dll
0x00007ff8146e0000 - 0x00007ff8146ea000 	C:\Windows\System32\rasadhlp.dll
0x00007ff814990000 - 0x00007ff814a13000 	C:\Windows\System32\fwpuclnt.dll
0x00007ff810cd0000 - 0x00007ff810cd9000 	C:\Users\Yvon\.vscode\extensions\redhat.java-1.39.0-win32-x64\jre\21.0.5-win32-x86_64\bin\extnet.dll

dbghelp: loaded successfully - version: 4.0.5 - missing functions: none
symbol engine: initialized successfully - sym options: 0x614 - pdb path: .;c:\Users\Yvon\.vscode\extensions\redhat.java-1.39.0-win32-x64\jre\21.0.5-win32-x86_64\bin;C:\Windows\SYSTEM32;C:\Windows\WinSxS\amd64_microsoft.windows.common-controls_6595b64144ccf1df_6.0.22621.4541_none_2710d1c57384c085;c:\Users\Yvon\.vscode\extensions\redhat.java-1.39.0-win32-x64\jre\21.0.5-win32-x86_64\bin\server;C:\Program Files\Bonjour

VM Arguments:
jvm_args: -Xmx1024m -Dsts.lsp.client=vscode -Dsts.log.file=/dev/null -XX:TieredStopAtLevel=1 -Xlog:jni+resolve=off -Dspring.config.location=file:c:\Users\Yvon\.vscode\extensions\vmware.vscode-spring-boot-1.56.0\language-server\BOOT-INF\classes\application.properties 
java_command: org.springframework.ide.vscode.boot.app.BootLanguageServerBootApp
java_class_path (initial): c:\Users\Yvon\.vscode\extensions\vmware.vscode-spring-boot-1.56.0\language-server\BOOT-INF\classes;c:\Users\Yvon\.vscode\extensions\vmware.vscode-spring-boot-1.56.0\language-server\BOOT-INF\lib\annotations-24.1.0.jar;c:\Users\Yvon\.vscode\extensions\vmware.vscode-spring-boot-1.56.0\language-server\BOOT-INF\lib\antlr4-runtime-4.13.1.jar;c:\Users\Yvon\.vscode\extensions\vmware.vscode-spring-boot-1.56.0\language-server\BOOT-INF\lib\asm-9.7.jar;c:\Users\Yvon\.vscode\extensions\vmware.vscode-spring-boot-1.56.0\language-server\BOOT-INF\lib\asm-analysis-9.7.jar;c:\Users\Yvon\.vscode\extensions\vmware.vscode-spring-boot-1.56.0\language-server\BOOT-INF\lib\asm-tree-9.7.jar;c:\Users\Yvon\.vscode\extensions\vmware.vscode-spring-boot-1.56.0\language-server\BOOT-INF\lib\asm-util-9.7.jar;c:\Users\Yvon\.vscode\extensions\vmware.vscode-spring-boot-1.56.0\language-server\BOOT-INF\lib\caffeine-3.1.8.jar;c:\Users\Yvon\.vscode\extensions\vmware.vscode-spring-boot-1.56.0\language-server\BOOT-INF\lib\checker-qual-3.12.0.jar;c:\Users\Yvon\.vscode\extensions\vmware.vscode-spring-boot-1.56.0\language-server\BOOT-INF\lib\classgraph-4.8.149.jar;c:\Users\Yvon\.vscode\extensions\vmware.vscode-spring-boot-1.56.0\language-server\BOOT-INF\lib\commons-codec-1.16.1.jar;c:\Users\Yvon\.vscode\extensions\vmware.vscode-spring-boot-1.56.0\language-server\BOOT-INF\lib\commons-compress-1.26.2.jar;c:\Users\Yvon\.vscode\extensions\vmware.vscode-spring-boot-1.56.0\language-server\BOOT-INF\lib\commons-io-2.16.1.jar;c:\Users\Yvon\.vscode\extensions\vmware.vscode-spring-boot-1.56.0\language-server\BOOT-INF\lib\commons-java-1.56.0-SNAPSHOT.jar;c:\Users\Yvon\.vscode\extensions\vmware.vscode-spring-boot-1.56.0\language-server\BOOT-INF\lib\commons-lang3-3.14.0.jar;c:\Users\Yvon\.vscode\extensions\vmware.vscode-spring-boot-1.56.0\language-server\BOOT-INF\lib\commons-language-server-1.56.0-SNAPSHOT.jar;c:\Users\Yvon\.vscode\extensions\vmware.vscode-spring-boot-1.56.0\language-server\BOOT-INF\lib\commons-lsp-extensions-1.56.0-SNAPSHOT.jar;c:\Users\Yvon\.vscode\extensions\vmware.vscode-spring-boot-1.56.0\language-server\BOOT-INF\lib\commons-rewrite-1.56.0-SNAPSHOT.jar;c:\Users\Yvon\.vscode\extensions\vmware.vscode-spring-boot-1.56.0\language-server\BOOT-INF\lib\commons-text-1.12.0.jar;c:\Users\Yvon\.vscode\extensions\vmware.vscode-spring-boot-1.56.0\language-server\BOOT-INF\lib\commons-util-1.56.0-SNAPSHOT.jar;c:\Users\Yvon\.vscode\extensions\vmware.vscode-spring-boot-1.56.0\language-server\BOOT-INF\lib\commons-yaml-1.56.0-SNAPSHOT.jar;c:\Users\Yvon\.vscode\extensions\vmware.vscode-spring-boot-1.56.0\language-server\BOOT-INF\lib\docker-java-api-3.3.6.jar;c:\Users\Yvon\.vscode\extensions\vmware.vscode-spring-boot-1.56.0\language-server\BOOT-INF\lib\docker-java-transport-3.3.6.jar;c:\Users\Yvon\.vscode\extensions\vmware.vscode-spring-boot-1.56.0\language-server\BOOT-INF\lib\docker-java-transport-zerodep-3.3.6.jar;c:\Users\Yvon\.vscode\extensions\vmware.vscode-spring-boot-1.56.0\language-server\BOOT-INF\lib\duct-tape-1.0.8.jar;c:\Users\Yvon\.vscode\extensions\vmware.vscode-spring-boot-1.56.0\language-server\BOOT-INF\lib\ecj-3.38.0.jar;c:\Users\Yvon\.vscode\extensions\vmware.vscode-spring-boot-1.56.0\language-server\BOOT-INF\lib\error_prone_annotations-2.11.0.jar;c:\Users\Yvon\.vscode\extensions\vmware.vscode-spring-boot-1.56.0\language-server\BOOT-INF\lib\failsafe-3.3.2.jar;c:\Users\Yvon\.vscode\extensions\vmware.vscode-spring-boot-1.56.0\language-server\BOOT-INF\lib\failureaccess-1.0.1.jar;c:\Users\Yvon\.vscode\extensions\vmware.vscode-spring-boot-1.56.0\language-server\BOOT-INF\lib\fastfilter-1.0.2.jar;c:\Users\Yvon\.vscode\extensions\vmware.vscode-spring-boot-1.56.0\language-server\BOOT-INF\lib\functionaljava-5.0.jar;c:\Users\Yvon\.vscode\extensions\vmware.vscode-spring-boot-1.56.0\language-server\BOOT-INF\lib\gizmo-1.0.11.Final.jar;c:\Users\Yvon\.vscode\extensions\vmware.vscode-spring-boot-1.56.0\language-server\BOOT-INF\lib\gradle-tooling-api-8.4.jar;c:\Users\Yvon\.vscode\extensions\vmware.vscode-spring-boot-1.56.0\language-server\BOOT-INF\lib\groovy-3.0.22.jar;c:\Users\Yvon\.vscode\extensions\vmware.vscode-spring-boot-1.56.0\language-server\BOOT-INF\lib\gson-2.10.1.jar;c:\Users\Yvon\.vscode\extensions\vmware.vscode-spring-boot-1.56.0\language-server\BOOT-INF\lib\guava-31.1-jre.jar;c:\Users\Yvon\.vscode\extensions\vmware.vscode-spring-boot-1.56.0\language-server\BOOT-INF\lib\hamcrest-2.2.jar;c:\Users\Yvon\.vscode\extensions\vmware.vscode-spring-boot-1.56.0\language-server\BOOT-INF\lib\hamcrest-core-2.2.jar;c:\Users\Yvon\.vscode\extensions\vmware.vscode-spring-boot-1.56.0\language-server\BOOT-INF\lib\HdrHistogram-2.2.2.jar;c:\Users\Yvon\.vscode\extensions\vmware.vscode-spring-boot-1.56.0\language-server\BOOT-INF\lib\isorelax-20030108.jar;c:\Users\Yvon\.vscode\extensions\vmware.vscode-spring-boot-1.56.0\language-server\BOOT-INF\lib\j2objc-annotations-1.3.jar;c:\Users\Yvon\.vscode\extensions\vmware.vscode-spring-boot-1.56.0\language-server\BOOT-INF\lib\jackson-annotations-2.17.1.jar;c:\Users\Yvon\.vscode\extensions\vmware.vscode-spring-boot-1.56.0\language-server\BOOT-INF\lib\jackson-core-2.17.1.jar;c:\Users\Yvon\.vscode\extensions\vmware.vscode-spring-boot-1.56.0\language-server\BOOT-INF\lib\jackson-databind-2.17.1.jar;c:\Users\Yvon\.vscode\extensions\vmware.vscode-spring-boot-1.56.0\language-server\BOOT-INF\lib\jackson-dataformat-csv-2.17.1.jar;c:\Users\Yvon\.vscode\extensions\vmware.vscode-spring-boot-1.56.0\language-server\BOOT-INF\lib\jackson-dataformat-smile-2.17.1.jar;c:\Users\Yvon\.vscode\extensions\vmware.vscode-spring-boot-1.56.0\language-server\BOOT-INF\lib\jackson-dataformat-xml-2.17.1.jar;c:\Users\Yvon\.vscode\extensions\vmware.vscode-spring-boot-1.56.0\language-server\BOOT-INF\lib\jackson-datatype-jdk8-2.17.1.jar;c:\Users\Yvon\.vscode\extensions\vmware.vscode-spring-boot-1.56.0\language-server\BOOT-INF\lib\jackson-datatype-jsr310-2.17.1.jar;c:\Users\Yvon\.vscode\extensions\vmware.vscode-spring-boot-1.56.0\language-server\BOOT-INF\lib\jackson-module-jaxb-annotations-2.17.1.jar;c:\Users\Yvon\.vscode\extensions\vmware.vscode-spring-boot-1.56.0\language-server\BOOT-INF\lib\jackson-module-parameter-names-2.17.1.jar;c:\Users\Yvon\.vscode\extensions\vmware.vscode-spring-boot-1.56.0\language-server\BOOT-INF\lib\jakarta.activation-api-2.1.3.jar;c:\Users\Yvon\.vscode\extensions\vmware.vscode-spring-boot-1.56.0\language-server\BOOT-INF\lib\jakarta.annotation-api-2.1.1.jar;c:\Users\Yvon\.vscode\extensions\vmware.vscode-spring-boot-1.56.0\language-server\BOOT-INF\lib\jakarta.xml.bind-api-4.0.2.jar;c:\Users\Yvon\.vscode\extensions\vmware.vscode-spring-boot-1.56.0\language-server\BOOT-INF\lib\jandex-3.1.6.jar;c:\Users\Yvon\.vscode\extensions\vmware.vscode-spring-boot-1.56.0\language-server\BOOT-INF\lib\java-object-diff-0.95.jar;c:\Users\Yvon\.vscode\extensions\vmware.vscode-spring-boot-1.56.0\language-server\BOOT-INF\lib\java-object-diff-1.0.1.jar;c:\Users\Yvon\.vscode\extensions\vmware.vscode-spring-boot-1.56.0\language-server\BOOT-INF\lib\java-properties-1.56.0-SNAPSHOT.jar;c:\Users\Yvon\.vscode\extensions\vmware.vscode-spring-boot-1.56.0\language-server\BOOT-INF\lib\JavaEWAH-1.2.3.jar;c:\Users\Yvon\.vscode\extensions\vmware.vscode-spring-boot-1.56.0\language-server\BOOT-INF\lib\javax.activation-api-1.2.0.jar;c:\Users\Yvon\.vscode\extensions\vmware.vscode-spring-boot-1.56.0\language-server\BOOT-INF\lib\javax.inject-1.jar;c:\Users\Yvon\.vscode\extensions\vmware.vscode-spring-boot-1.56.0\language-server\BOOT-INF\lib\javolution-core-java-6.0.0.jar;c:\Users\Yvon\.vscode\extensions\vmware.vscode-spring-boot-1.56.0\language-server\BOOT-INF\lib\jaxb-api-2.3.1.jar;c:\Users\Yvon\.vscode\extensions\vmware.vscode-spring-boot-1.56.0\language-server\BOOT-INF\lib\jgit-1.2.0.jar;c:\Users\Yvon\.vscode\extensions\vmware.vscode-spring-boot-1.56.0\language-server\BOOT-INF\lib\jing-20220510.jar;c:\Users\Yvon\.vscode\extensions\vmware.vscode-spring-boot-1.56.0\language-server\BOOT-INF\lib\jna-5.14.0.jar;c:\Users\Yvon\.vscode\extensions\vmware.vscode-spring-boot-1.56.0\language-server\BOOT-INF\lib\jna-platform-5.14.0.jar;c:\Users\Yvon\.vscode\extensions\vmware.vscode-spring-boot-1.56.0\language-server\BOOT-INF\lib\jpql-1.56.0-SNAPSHOT.jar;c:\Users\Yvon\.vscode\extensions\vmware.vscode-spring-boot-1.56.0\language-server\BOOT-INF\lib\json-20231013.jar;c:\Users\Yvon\.vscode\extensions\vmware.vscode-spring-boot-1.56.0\language-server\BOOT-INF\lib\jsoup-1.14.2.jar;c:\Users\Yvon\.vscode\extensions\vmware.vscode-spring-boot-1.56.0\language-server\BOOT-INF\lib\jsr305-3.0.2.jar;c:\Users\Yvon\.vscode\extensions\vmware.vscode-spring-boot-1.56.0\language-server\BOOT-INF\lib\jul-to-slf4j-2.0.13.jar;c:\Users\Yvon\.vscode\extensions\vmware.vscode-spring-boot-1.56.0\language-server\BOOT-INF\lib\junit-4.13.2.jar;c:\Users\Yvon\.vscode\extensions\vmware.vscode-spring-boot-1.56.0\language-server\BOOT-INF\lib\kotlin-compiler-embeddable-1.9.20.jar;c:\Users\Yvon\.vscode\extensions\vmware.vscode-spring-boot-1.56.0\language-server\BOOT-INF\lib\kotlin-daemon-embeddable-1.9.20.jar;c:\Users\Yvon\.vscode\extensions\vmware.vscode-spring-boot-1.56.0\language-server\BOOT-INF\lib\kotlin-reflect-1.9.20.jar;c:\Users\Yvon\.vscode\extensions\vmware.vscode-spring-boot-1.56.0\language-server\BOOT-INF\lib\kotlin-script-runtime-1.9.20.jar;c:\Users\Yvon\.vscode\extensions\vmware.vscode-spring-boot-1.56.0\language-server\BOOT-INF\lib\kotlin-stdlib-1.9.20.jar;c:\Users\Yvon\.vscode\extensions\vmware.vscode-spring-boot-1.56.0\language-server\BOOT-INF\lib\kotlin-stdlib-common-1.9.20.jar;c:\Users\Yvon\.vscode\extensions\vmware.vscode-spring-boot-1.56.0\language-server\BOOT-INF\lib\kotlin-stdlib-jdk7-1.9.20.jar;c:\Users\Yvon\.vscode\extensions\vmware.vscode-spring-boot-1.56.0\language-server\BOOT-INF\lib\kotlin-stdlib-jdk8-1.9.20.jar;c:\Users\Yvon\.vscode\extensions\vmware.vscode-spring-boot-1.56.0\language-server\BOOT-INF\lib\language-server-starter-1.56.0-SNAPSHOT.jar;c:\Users\Yvon\.vscode\extensions\vmware.vscode-spring-boot-1.56.0\language-server\BOOT-INF\lib\LatencyUtils-2.0.3.jar;c:\Users\Yvon\.vscode\extensions\vmware.vscode-spring-boot-1.56.0\language-server\BOOT-INF\lib\listenablefuture-9999.0-empty-to-avoid-conflict-with-guava.jar;c:\Users\Yvon\.vscode\extensions\vmware.vscode-spring-boot-1.56.0\language-server\BOOT-INF\lib\log4j-api-2.23.1.jar;c:\Users\Yvon\.vscode\extensions\vmware.vscode-spring-boot-1.56.0\language-server\BOOT-INF\lib\log4j-to-slf4j-2.23.1.jar;c:\Users\Yvon\.vscode\extensions\vmware.vscode-spring-boot-1.56.0\language-server\BOOT-INF\lib\logback-classic-1.5.6.jar;c:\Users\Yvon\.vscode\extensions\vmware.vscode-spring-boot-1.56.0\language-server\BOOT-INF\lib\logback-core-1.5.6.jar;c:\Users\Yvon\.vscode\extensions\vmware.vscode-spring-boot-1.56.0\language-server\BOOT-INF\lib\micrometer-commons-1.13.1.jar;c:\Users\Yvon\.vscode\extensions\vmware.vscode-spring-boot-1.56.0\language-server\BOOT-INF\lib\micrometer-core-1.13.1.jar;c:\Users\Yvon\.vscode\extensions\vmware.vscode-spring-boot-1.56.0\language-server\BOOT-INF\lib\micrometer-observation-1.13.1.jar;c:\Users\Yvon\.vscode\extensions\vmware.vscode-spring-boot-1.56.0\language-server\BOOT-INF\lib\model-2.3.1.jar;c:\Users\Yvon\.vscode\extensions\vmware.vscode-spring-boot-1.56.0\language-server\BOOT-INF\lib\okhttp-4.12.0.jar;c:\Users\Yvon\.vscode\extensions\vmware.vscode-spring-boot-1.56.0\language-server\BOOT-INF\lib\okio-3.6.0.jar;c:\Users\Yvon\.vscode\extensions\vmware.vscode-spring-boot-1.56.0\language-server\BOOT-INF\lib\okio-jvm-3.6.0.jar;c:\Users\Yvon\.vscode\extensions\vmware.vscode-spring-boot-1.56.0\language-server\BOOT-INF\lib\org.eclipse.core.commands-3.12.100.jar;c:\Users\Yvon\.vscode\extensions\vmware.vscode-spring-boot-1.56.0\language-server\BOOT-INF\lib\org.eclipse.core.contenttype-3.9.400.jar;c:\Users\Yvon\.vscode\extensions\vmware.vscode-spring-boot-1.56.0\language-server\BOOT-INF\lib\org.eclipse.core.expressions-3.9.400.jar;c:\Users\Yvon\.vscode\extensions\vmware.vscode-spring-boot-1.56.0\language-server\BOOT-INF\lib\org.eclipse.core.filesystem-1.10.400.jar;c:\Users\Yvon\.vscode\extensions\vmware.vscode-spring-boot-1.56.0\language-server\BOOT-INF\lib\org.eclipse.core.jobs-3.15.300.jar;c:\Users\Yvon\.vscode\extensions\vmware.vscode-spring-boot-1.56.0\language-server\BOOT-INF\lib\org.eclipse.core.resources-3.20.200.jar;c:\Users\Yvon\.vscode\extensions\vmware.vscode-spring-boot-1.56.0\language-server\BOOT-INF\lib\org.eclipse.core.runtime-3.31.100.jar;c:\Users\Yvon\.vscode\extensions\vmware.vscode-spring-boot-1.56.0\language-server\BOOT-INF\lib\org.eclipse.equinox.app-1.7.100.jar;c:\Users\Yvon\.vscode\extensions\vmware.vscode-spring-boot-1.56.0\language-server\BOOT-INF\lib\org.eclipse.equinox.common-3.19.100.jar;c:\Users\Yvon\.vscode\extensions\vmware.vscode-spring-boot-1.56.0\language-server\BOOT-INF\lib\org.eclipse.equinox.preferences-3.10.1.jar;c:\Users\Yvon\.vscode\extensions\vmware.vscode-spring-boot-1.56.0\language-server\BOOT-INF\lib\org.eclipse.equinox.registry-3.12.100.jar;c:\Users\Yvon\.vscode\extensions\vmware.vscode-spring-boot-1.56.0\language-server\BOOT-INF\lib\org.eclipse.jdt.core-3.38.0.jar;c:\Users\Yvon\.vscode\extensions\vmware.vscode-spring-boot-1.56.0\language-server\BOOT-INF\lib\org.eclipse.jgit-6.9.0.202403050737-r.jar;c:\Users\Yvon\.vscode\extensions\vmware.vscode-spring-boot-1.56.0\language-server\BOOT-INF\lib\org.eclipse.lemminx-0.24.0.jar;c:\Users\Yvon\.vscode\extensions\vmware.vscode-spring-boot-1.56.0\language-server\BOOT-INF\lib\org.eclipse.lsp4j-0.19.0.jar;c:\Users\Yvon\.vscode\extensions\vmware.vscode-spring-boot-1.56.0\language-server\BOOT-INF\lib\org.eclipse.lsp4j.generator-0.19.0.jar;c:\Users\Yvon\.vscode\extensions\vmware.vscode-spring-boot-1.56.0\language-server\BOOT-INF\lib\org.eclipse.lsp4j.jsonrpc-0.19.0.jar;c:\Users\Yvon\.vscode\extensions\vmware.vscode-spring-boot-1.56.0\language-server\BOOT-INF\lib\org.eclipse.osgi-3.20.0.jar;c:\Users\Yvon\.vscode\extensions\vmware.vscode-spring-boot-1.56.0\language-server\BOOT-INF\lib\org.eclipse.text-3.14.100.jar;c:\Users\Yvon\.vscode\extensions\vmware.vscode-spring-boot-1.56.0\language-server\BOOT-INF\lib\org.eclipse.xtend.lib-2.28.0.jar;c:\Users\Yvon\.vscode\extensions\vmware.vscode-spring-boot-1.56.0\language-server\BOOT-INF\lib\org.eclipse.xtend.lib.macro-2.28.0.jar;c:\Users\Yvon\.vscode\extensions\vmware.vscode-spring-boot-1.56.0\language-server\BOOT-INF\lib\org.eclipse.xtext.xbase.lib-2.28.0.jar;c:\Users\Yvon\.vscode\extensions\vmware.vscode-spring-boot-1.56.0\language-server\BOOT-INF\lib\org.json-1.0.0-SNAPSHOT.jar;c:\Users\Yvon\.vscode\extensions\vmware.vscode-spring-boot-1.56.0\language-server\BOOT-INF\lib\org.osgi.service.prefs-1.1.2.jar;c:\Users\Yvon\.vscode\extensions\vmware.vscode-spring-boot-1.56.0\language-server\BOOT-INF\lib\osgi.annotation-8.1.0.jar;c:\Users\Yvon\.vscode\extensions\vmware.vscode-spring-boot-1.56.0\language-server\BOOT-INF\lib\reactive-streams-1.0.4.jar;c:\Users\Yvon\.vscode\extensions\vmware.vscode-spring-boot-1.56.0\language-server\BOOT-INF\lib\reactor-core-3.6.7.jar;c:\Users\Yvon\.vscode\extensions\vmware.vscode-spring-boot-1.56.0\language-server\BOOT-INF\lib\remark-1.0.0.jar;c:\Users\Yvon\.vscode\extensions\vmware.vscode-spring-boot-1.56.0\language-server\BOOT-INF\lib\rewrite-analysis-2.9.2.jar;c:\Users\Yvon\.vscode\extensions\vmware.vscode-spring-boot-1.56.0\language-server\BOOT-INF\lib\rewrite-core-8.29.0.jar;c:\Users\Yvon\.vscode\extensions\vmware.vscode-spring-boot-1.56.0\language-server\BOOT-INF\lib\rewrite-github-actions-2.6.2.jar;c:\Users\Yvon\.vscode\extensions\vmware.vscode-spring-boot-1.56.0\language-server\BOOT-INF\lib\rewrite-gradle-8.29.0.jar;c:\Users\Yvon\.vscode\extensions\vmware.vscode-spring-boot-1.56.0\language-server\BOOT-INF\lib\rewrite-groovy-8.29.0.jar;c:\Users\Yvon\.vscode\extensions\vmware.vscode-spring-boot-1.56.0\language-server\BOOT-INF\lib\rewrite-hibernate-1.8.0.jar;c:\Users\Yvon\.vscode\extensions\vmware.vscode-spring-boot-1.56.0\language-server\BOOT-INF\lib\rewrite-java-11-8.29.0.jar;c:\Users\Yvon\.vscode\extensions\vmware.vscode-spring-boot-1.56.0\language-server\BOOT-INF\lib\rewrite-java-17-8.29.0.jar;c:\Users\Yvon\.vscode\extensions\vmware.vscode-spring-boot-1.56.0\language-server\BOOT-INF\lib\rewrite-java-21-8.29.0.jar;c:\Users\Yvon\.vscode\extensions\vmware.vscode-spring-boot-1.56.0\language-server\BOOT-INF\lib\rewrite-java-8-8.29.0.jar;c:\Users\Yvon\.vscode\extensions\vmware.vscode-spring-boot-1.56.0\language-server\BOOT-INF\lib\rewrite-java-8.29.0.jar;c:\Users\Yvon\.vscode\extensions\vmware.vscode-spring-boot-1.56.0\language-server\BOOT-INF\lib\rewrite-java-dependencies-1.12.0.jar;c:\Users\Yvon\.vscode\extensions\vmware.vscode-spring-boot-1.56.0\language-server\BOOT-INF\lib\rewrite-jenkins-0.8.2.jar;c:\Users\Yvon\.vscode\extensions\vmware.vscode-spring-boot-1.56.0\language-server\BOOT-INF\lib\rewrite-kotlin-1.18.2.jar;c:\Users\Yvon\.vscode\extensions\vmware.vscode-spring-boot-1.56.0\language-server\BOOT-INF\lib\rewrite-maven-8.29.0.jar;c:\Users\Yvon\.vscode\extensions\vmware.vscode-spring-boot-1.56.0\language-server\BOOT-INF\lib\rewrite-migrate-java-2.19.0.jar;c:\Users\Yvon\.vscode\extensions\vmware.vscode-spring-boot-1.56.0\language-server\BOOT-INF\lib\rewrite-openapi-0.5.2.jar;c:\Users\Yvon\.vscode\extensions\vmware.vscode-spring-boot-1.56.0\language-server\BOOT-INF\lib\rewrite-properties-8.29.0.jar;c:\Users\Yvon\.vscode\extensions\vmware.vscode-spring-boot-1.56.0\language-server\BOOT-INF\lib\rewrite-spring-5.14.0.jar;c:\Users\Yvon\.vscode\extensions\vmware.vscode-spring-boot-1.56.0\language-server\BOOT-INF\lib\rewrite-static-analysis-1.11.0.jar;c:\Users\Yvon\.vscode\extensions\vmware.vscode-spring-boot-1.56.0\language-server\BOOT-INF\lib\rewrite-templating-1.11.2.jar;c:\Users\Yvon\.vscode\extensions\vmware.vscode-spring-boot-1.56.0\language-server\BOOT-INF\lib\rewrite-testing-frameworks-2.13.0.jar;c:\Users\Yvon\.vscode\extensions\vmware.vscode-spring-boot-1.56.0\language-server\BOOT-INF\lib\rewrite-xml-8.29.0.jar;c:\Users\Yvon\.vscode\extensions\vmware.vscode-spring-boot-1.56.0\language-server\BOOT-INF\lib\rewrite-yaml-8.29.0.jar;c:\Users\Yvon\.vscode\extensions\vmware.vscode-spring-boot-1.56.0\language-server\BOOT-INF\lib\slf4j-api-2.0.13.jar;c:\Users\Yvon\.vscode\extensions\vmware.vscode-spring-boot-1.56.0\language-server\BOOT-INF\lib\snakeyaml-2.2.jar;c:\Users\Yvon\.vscode\extensions\vmware.vscode-spring-boot-1.56.0\language-server\BOOT-INF\lib\snappy-java-1.1.10.5.jar;c:\Users\Yvon\.vscode\extensions\vmware.vscode-spring-boot-1.56.0\language-server\BOOT-INF\lib\spring-aop-6.1.10.jar;c:\Users\Yvon\.vscode\extensions\vmware.vscode-spring-boot-1.56.0\language-server\BOOT-INF\lib\spring-beans-6.1.10.jar;c:\Users\Yvon\.vscode\extensions\vmware.vscode-spring-boot-1.56.0\language-server\BOOT-INF\lib\spring-boot-3.3.1.jar;c:\Users\Yvon\.vscode\extensions\vmware.vscode-spring-boot-1.56.0\language-server\BOOT-INF\lib\spring-boot-autoconfigure-3.3.1.jar;c:\Users\Yvon\.vscode\extensions\vmware.vscode-spring-boot-1.56.0\language-server\BOOT-INF\lib\spring-boot-jarmode-tools-3.3.1.jar;c:\Users\Yvon\.vscode\extensions\vmware.vscode-spring-boot-1.56.0\language-server\BOOT-INF\lib\spring-context-6.1.10.jar;c:\Users\Yvon\.vscode\extensions\vmware.vscode-spring-boot-1.56.0\language-server\BOOT-INF\lib\spring-context-indexer-6.1.10.jar;c:\Users\Yvon\.vscode\extensions\vmware.vscode-spring-boot-1.56.0\language-server\BOOT-INF\lib\spring-core-6.1.10.jar;c:\Users\Yvon\.vscode\extensions\vmware.vscode-spring-boot-1.56.0\language-server\BOOT-INF\lib\spring-expression-6.1.10.jar;c:\Users\Yvon\.vscode\extensions\vmware.vscode-spring-boot-1.56.0\language-server\BOOT-INF\lib\spring-jcl-6.1.10.jar;c:\Users\Yvon\.vscode\extensions\vmware.vscode-spring-boot-1.56.0\language-server\BOOT-INF\lib\spring-web-6.1.10.jar;c:\Users\Yvon\.vscode\extensions\vmware.vscode-spring-boot-1.56.0\language-server\BOOT-INF\lib\stax2-api-4.2.2.jar;c:\Users\Yvon\.vscode\extensions\vmware.vscode-spring-boot-1.56.0\language-server\BOOT-INF\lib\testcontainers-1.19.8.jar;c:\Users\Yvon\.vscode\extensions\vmware.vscode-spring-boot-1.56.0\language-server\BOOT-INF\lib\trove4j-1.0.20200330.jar;c:\Users\Yvon\.vscode\extensions\vmware.vscode-spring-boot-1.56.0\language-server\BOOT-INF\lib\woodstox-core-6.6.2.jar;c:\Users\Yvon\.vscode\extensions\vmware.vscode-spring-boot-1.56.0\language-server\BOOT-INF\lib\xercesImpl-2.12.2.jar;c:\Users\Yvon\.vscode\extensions\vmware.vscode-spring-boot-1.56.0\language-server\BOOT-INF\lib\xml-apis-1.4.01.jar;c:\Users\Yvon\.vscode\extensions\vmware.vscode-spring-boot-1.56.0\language-server\BOOT-INF\lib\xml-resolver-1.2.jar
Launcher Type: SUN_STANDARD

[Global flags]
     intx CICompilerCount                          = 4                                         {product} {ergonomic}
     uint ConcGCThreads                            = 2                                         {product} {ergonomic}
     uint G1ConcRefinementThreads                  = 8                                         {product} {ergonomic}
   size_t G1HeapRegionSize                         = 1048576                                   {product} {ergonomic}
    uintx GCDrainStackTargetSize                   = 64                                        {product} {ergonomic}
   size_t InitialHeapSize                          = 130023424                                 {product} {ergonomic}
   size_t MarkStackSize                            = 4194304                                   {product} {ergonomic}
   size_t MaxHeapSize                              = 1073741824                                {product} {command line}
   size_t MaxNewSize                               = 643825664                                 {product} {ergonomic}
   size_t MinHeapDeltaBytes                        = 1048576                                   {product} {ergonomic}
   size_t MinHeapSize                              = 8388608                                   {product} {ergonomic}
    uintx NonNMethodCodeHeapSize                   = 4096                                   {pd product} {ergonomic}
    uintx NonProfiledCodeHeapSize                  = 0                                      {pd product} {ergonomic}
     bool ProfileInterpreter                       = false                                  {pd product} {command line}
    uintx ProfiledCodeHeapSize                     = 0                                      {pd product} {ergonomic}
   size_t SoftMaxHeapSize                          = 1073741824                             {manageable} {ergonomic}
     intx TieredStopAtLevel                        = 1                                         {product} {command line}
     bool UseCompressedOops                        = true                           {product lp64_product} {ergonomic}
     bool UseG1GC                                  = true                                      {product} {ergonomic}
     bool UseLargePagesIndividualAllocation        = false                                  {pd product} {ergonomic}

Logging:
Log output configuration:
 #0: stdout all=warning,jni+resolve=off uptime,level,tags foldmultilines=false
 #1: stderr all=off uptime,level,tags foldmultilines=false

Environment Variables:
JAVA_HOME=C:\Program Files\Java\jdk-20
CLASSPATH=C:\ojdbc\ojdbc6.jar,C:\ojdbc\mysql-connector-j-8.1.0.jar,C:\ojdbc\postgresql-42.6.0.jar
PATH=C:\Program Files\Java\jdk-20\bin;C:\Program Files\OpenLogic\jdk-8.0.422.05-hotspot\bin$;D:\app\Yvon\product\11.2.0\dbhome_1\bin;C:\Program Files\Common Files\Oracle\Java\javapath;C:\ActiveTcl\bin;C:\Program Files (x86)\Common Files\Intel\Shared Libraries\redist\intel64\compiler;C:\Windows\system32;C:\Windows;C:\Windows\System32\Wbem;C:\Windows\System32\WindowsPowerShell\v1.0\;C:\Windows\System32\OpenSSH\;C:\Program Files (x86)\NVIDIA Corporation\PhysX\Common;C:\TDM-GCC-64\bin;C:\Program Files\dotnet\;C:\Program Files\eclipse;D:\Projet S5-S3\DAO.jar;C:\Program Files\Microsoft SQL Server\Client SDK\ODBC\170\Tools\Binn\;C:\Program Files\Microsoft SQL Server\130\DTS\Binn\;C:\Program Files\Microsoft SQL Server\140\DTS\Binn\;C:\Program Files\Microsoft SQL Server\150\DTS\Binn\;C:\Program Files\Microsoft SQL Server\160\DTS\Binn\;C:\Program Files\gnuplot\bin\wgnuplot.exe;C:\Program Files\Git\cmd;C:\Program Files\gnuplot\bin\gnuplot.exe;C:\Users\Yvon\Desktop\ato\slf4j-api-1.7.2.jar;C:\Program Files (x86)\Microsoft SQL Server\160\Tools\Binn\;C:\Program Files\Microsoft SQL Server\160\Tools\Binn\;C:\Program Files\Azure Data Studio\bin;C:\Strawberry\c\bin;C:\Strawberry\perl\site\bin;C:\Strawberry\perl\bin;C:\Program Files\Microsoft SQL Server\150\Tools\Binn\;C:\Program Files\OpenLogic\jdk-8.0.422.05-hotspot\bin;C:\Program Files (x86)\Windows Kits\10\Windows Performance Toolkit\;C:\Program Files\apache-ant-1.10.15\bin;C:\Program Files\apache-maven\bin;C:\Users\Yvon\AppData\Roaming\nvm;C:\Program Files\nodejs;C:\Users\Yvon\AppData\Roaming\nvm;C:\Program Files\nodejs;C:\Program Files\NVIDIA Corporation\NVIDIA app\NvDLISR;C:\xampp\php;C:\composer;C:\Program Files\Docker\Docker\resources\bin;C:\Program Files\Java\jdk-20\bin;C:\Program Files\OpenLogic\jdk-8.0.422.05-hotspot\bin$;C:\Users\Yvon\AppData\Local\Programs\Python\Launcher\;C:\Users\Yvon\AppData\Local\Microsoft\WindowsApps;C:\Users\Yvon\AppData\Local\Programs\Microsoft VS Code\bin;C:\Program Files\JetBrains\IntelliJ IDEA 2022.2\bin;;C:\Users\Yvon\.dotnet\tools;C:\Program Files\JetBrains\PyCharm Community Edition 2023.3.4\bin;;C:\Program Files\Azure Data Studio\bin;C:\Users\Yvon\AppData\Local\Programs\Python\Python312\Scripts\;C:\Users\Yvon\AppData\Roaming\npm;C:\Program Files\Java\jre-1.8\bin;C:\Users\Yvon\AppData\Roaming\nvm;C:\Program Files\nodejs;C:\Users\Yvon\AppData\Local\GitHubDesktop\bin;C:\Users\Yvon\AppData\Roaming\Composer\vendor\bin;
USERNAME=Yvon
OS=Windows_NT
PROCESSOR_IDENTIFIER=Intel64 Family 6 Model 140 Stepping 1, GenuineIntel
TMP=C:\Users\Yvon\AppData\Local\Temp
TEMP=C:\Users\Yvon\AppData\Local\Temp




Periodic native trim disabled

---------------  S Y S T E M  ---------------

OS:
 Windows 11 , 64 bit Build 22621 (10.0.22621.4391)
OS uptime: 0 days 22:54 hours
Hyper-V role detected

CPU: total 8 (initial active 8) (4 cores per cpu, 2 threads per core) family 6 model 140 stepping 1 microcode 0x86, cx8, cmov, fxsr, ht, mmx, 3dnowpref, sse, sse2, sse3, ssse3, sse4.1, sse4.2, popcnt, lzcnt, tsc, tscinvbit, avx, avx2, aes, erms, clmul, bmi1, bmi2, adx, avx512f, avx512dq, avx512cd, avx512bw, avx512vl, sha, fma, vzeroupper, avx512_vpopcntdq, avx512_vpclmulqdq, avx512_vaes, avx512_vnni, clflush, clflushopt, clwb, avx512_vbmi2, avx512_vbmi, hv, rdtscp, rdpid, fsrm, gfni, avx512_bitalg, f16c, cet_ibt, cet_ss, avx512_ifma
Processor Information for all 8 processors :
  Max Mhz: 3110, Current Mhz: 3110, Mhz Limit: 3110

Memory: 4k page, system-wide physical 7883M (598M free)
TotalPageFile size 24733M (AvailPageFile size 4M)
current process WorkingSet (physical memory assigned to process): 68M, peak: 243M
current process commit charge ("private bytes"): 275M, peak: 288M

vm_info: OpenJDK 64-Bit Server VM (21.0.5+11-LTS) for windows-amd64 JRE (21.0.5+11-LTS), built on 2024-10-15T00:00:00Z by "admin" with MS VC++ 17.7 (VS2022)

END.
